The system is: Linux - 6.1.0-rpi7-rpi-v8 - aarch64
Compiling the C compiler identification source file "CMakeCCompilerId.c" succeeded.
Compiler: /usr/bin/cc 
Build flags: 
Id flags:  

The output was:
0


Compilation of the C compiler identification source "CMakeCCompilerId.c" produced "a.out"

The C compiler identification is GNU, found in "/home/pi/Documents/GarboTron/AtlasThingMiddleware_RPI-master/lib/CMakeFiles/3.25.1/CompilerIdC/a.out"

Compiling the CXX compiler identification source file "CMakeCXXCompilerId.cpp" succeeded.
Compiler: /usr/bin/c++ 
Build flags: 
Id flags:  

The output was:
0


Compilation of the CXX compiler identification source "CMakeCXXCompilerId.cpp" produced "a.out"

The CXX compiler identification is GNU, found in "/home/pi/Documents/GarboTron/AtlasThingMiddleware_RPI-master/lib/CMakeFiles/3.25.1/CompilerIdCXX/a.out"

Detecting C compiler ABI info compiled with the following output:
Change Dir: /home/pi/Documents/GarboTron/AtlasThingMiddleware_RPI-master/lib/CMakeFiles/CMakeScratch/TryCompile-zpAJi8

Run Build Command(s):/usr/bin/gmake -f Makefile cmTC_f6d35/fast && /usr/bin/gmake  -f CMakeFiles/cmTC_f6d35.dir/build.make CMakeFiles/cmTC_f6d35.dir/build
gmake[1]: Entering directory '/home/pi/Documents/GarboTron/AtlasThingMiddleware_RPI-master/lib/CMakeFiles/CMakeScratch/TryCompile-zpAJi8'
Building C object CMakeFiles/cmTC_f6d35.dir/CMakeCCompilerABI.c.o
/usr/bin/cc   -v -o CMakeFiles/cmTC_f6d35.dir/CMakeCCompilerABI.c.o -c /usr/share/cmake-3.25/Modules/CMakeCCompilerABI.c
Using built-in specs.
COLLECT_GCC=/usr/bin/cc
Target: aarch64-linux-gnu
Configured with: ../src/configure -v --with-pkgversion='Debian 12.2.0-14' --with-bugurl=file:///usr/share/doc/gcc-12/README.Bugs --enable-languages=c,ada,c++,go,d,fortran,objc,obj-c++,m2 --prefix=/usr --with-gcc-major-version-only --program-suffix=-12 --program-prefix=aarch64-linux-gnu- --enable-shared --enable-linker-build-id --libexecdir=/usr/lib --without-included-gettext --enable-threads=posix --libdir=/usr/lib --enable-nls --enable-clocale=gnu --enable-libstdcxx-debug --enable-libstdcxx-time=yes --with-default-libstdcxx-abi=new --enable-gnu-unique-object --disable-libquadmath --disable-libquadmath-support --enable-plugin --enable-default-pie --with-system-zlib --enable-libphobos-checking=release --with-target-system-zlib=auto --enable-objc-gc=auto --enable-multiarch --enable-fix-cortex-a53-843419 --disable-werror --enable-checking=release --build=aarch64-linux-gnu --host=aarch64-linux-gnu --target=aarch64-linux-gnu
Thread model: posix
Supported LTO compression algorithms: zlib zstd
gcc version 12.2.0 (Debian 12.2.0-14) 
COLLECT_GCC_OPTIONS='-v' '-o' 'CMakeFiles/cmTC_f6d35.dir/CMakeCCompilerABI.c.o' '-c' '-mlittle-endian' '-mabi=lp64' '-dumpdir' 'CMakeFiles/cmTC_f6d35.dir/'
 /usr/lib/gcc/aarch64-linux-gnu/12/cc1 -quiet -v -imultiarch aarch64-linux-gnu /usr/share/cmake-3.25/Modules/CMakeCCompilerABI.c -quiet -dumpdir CMakeFiles/cmTC_f6d35.dir/ -dumpbase CMakeCCompilerABI.c.c -dumpbase-ext .c -mlittle-endian -mabi=lp64 -version -fasynchronous-unwind-tables -o /tmp/ccxekSIZ.s
GNU C17 (Debian 12.2.0-14) version 12.2.0 (aarch64-linux-gnu)
	compiled by GNU C version 12.2.0, GMP version 6.2.1, MPFR version 4.1.1-p1, MPC version 1.3.1, isl version isl-0.25-GMP

warning: MPFR header version 4.1.1-p1 differs from library version 4.2.0.
GGC heuristics: --param ggc-min-expand=100 --param ggc-min-heapsize=131072
ignoring nonexistent directory "/usr/local/include/aarch64-linux-gnu"
ignoring nonexistent directory "/usr/lib/gcc/aarch64-linux-gnu/12/include-fixed"
ignoring nonexistent directory "/usr/lib/gcc/aarch64-linux-gnu/12/../../../../aarch64-linux-gnu/include"
#include "..." search starts here:
#include <...> search starts here:
 /usr/lib/gcc/aarch64-linux-gnu/12/include
 /usr/local/include
 /usr/include/aarch64-linux-gnu
 /usr/include
End of search list.
GNU C17 (Debian 12.2.0-14) version 12.2.0 (aarch64-linux-gnu)
	compiled by GNU C version 12.2.0, GMP version 6.2.1, MPFR version 4.1.1-p1, MPC version 1.3.1, isl version isl-0.25-GMP

warning: MPFR header version 4.1.1-p1 differs from library version 4.2.0.
GGC heuristics: --param ggc-min-expand=100 --param ggc-min-heapsize=131072
Compiler executable checksum: f1bacec099212325d0da3c77e1f38897
COLLECT_GCC_OPTIONS='-v' '-o' 'CMakeFiles/cmTC_f6d35.dir/CMakeCCompilerABI.c.o' '-c' '-mlittle-endian' '-mabi=lp64' '-dumpdir' 'CMakeFiles/cmTC_f6d35.dir/'
 as -v -EL -mabi=lp64 -o CMakeFiles/cmTC_f6d35.dir/CMakeCCompilerABI.c.o /tmp/ccxekSIZ.s
GNU assembler version 2.40 (aarch64-linux-gnu) using BFD version (GNU Binutils for Debian) 2.40
COMPILER_PATH=/usr/lib/gcc/aarch64-linux-gnu/12/:/usr/lib/gcc/aarch64-linux-gnu/12/:/usr/lib/gcc/aarch64-linux-gnu/:/usr/lib/gcc/aarch64-linux-gnu/12/:/usr/lib/gcc/aarch64-linux-gnu/
LIBRARY_PATH=/usr/lib/gcc/aarch64-linux-gnu/12/:/usr/lib/gcc/aarch64-linux-gnu/12/../../../aarch64-linux-gnu/:/usr/lib/gcc/aarch64-linux-gnu/12/../../../../lib/:/lib/aarch64-linux-gnu/:/lib/../lib/:/usr/lib/aarch64-linux-gnu/:/usr/lib/../lib/:/usr/lib/gcc/aarch64-linux-gnu/12/../../../:/lib/:/usr/lib/
COLLECT_GCC_OPTIONS='-v' '-o' 'CMakeFiles/cmTC_f6d35.dir/CMakeCCompilerABI.c.o' '-c' '-mlittle-endian' '-mabi=lp64' '-dumpdir' 'CMakeFiles/cmTC_f6d35.dir/CMakeCCompilerABI.c.'
Linking C executable cmTC_f6d35
/usr/bin/cmake -E cmake_link_script CMakeFiles/cmTC_f6d35.dir/link.txt --verbose=1
/usr/bin/cc  -v -rdynamic CMakeFiles/cmTC_f6d35.dir/CMakeCCompilerABI.c.o -o cmTC_f6d35 
Using built-in specs.
COLLECT_GCC=/usr/bin/cc
COLLECT_LTO_WRAPPER=/usr/lib/gcc/aarch64-linux-gnu/12/lto-wrapper
Target: aarch64-linux-gnu
Configured with: ../src/configure -v --with-pkgversion='Debian 12.2.0-14' --with-bugurl=file:///usr/share/doc/gcc-12/README.Bugs --enable-languages=c,ada,c++,go,d,fortran,objc,obj-c++,m2 --prefix=/usr --with-gcc-major-version-only --program-suffix=-12 --program-prefix=aarch64-linux-gnu- --enable-shared --enable-linker-build-id --libexecdir=/usr/lib --without-included-gettext --enable-threads=posix --libdir=/usr/lib --enable-nls --enable-clocale=gnu --enable-libstdcxx-debug --enable-libstdcxx-time=yes --with-default-libstdcxx-abi=new --enable-gnu-unique-object --disable-libquadmath --disable-libquadmath-support --enable-plugin --enable-default-pie --with-system-zlib --enable-libphobos-checking=release --with-target-system-zlib=auto --enable-objc-gc=auto --enable-multiarch --enable-fix-cortex-a53-843419 --disable-werror --enable-checking=release --build=aarch64-linux-gnu --host=aarch64-linux-gnu --target=aarch64-linux-gnu
Thread model: posix
Supported LTO compression algorithms: zlib zstd
gcc version 12.2.0 (Debian 12.2.0-14) 
COMPILER_PATH=/usr/lib/gcc/aarch64-linux-gnu/12/:/usr/lib/gcc/aarch64-linux-gnu/12/:/usr/lib/gcc/aarch64-linux-gnu/:/usr/lib/gcc/aarch64-linux-gnu/12/:/usr/lib/gcc/aarch64-linux-gnu/
LIBRARY_PATH=/usr/lib/gcc/aarch64-linux-gnu/12/:/usr/lib/gcc/aarch64-linux-gnu/12/../../../aarch64-linux-gnu/:/usr/lib/gcc/aarch64-linux-gnu/12/../../../../lib/:/lib/aarch64-linux-gnu/:/lib/../lib/:/usr/lib/aarch64-linux-gnu/:/usr/lib/../lib/:/usr/lib/gcc/aarch64-linux-gnu/12/../../../:/lib/:/usr/lib/
COLLECT_GCC_OPTIONS='-v' '-rdynamic' '-o' 'cmTC_f6d35' '-mlittle-endian' '-mabi=lp64' '-dumpdir' 'cmTC_f6d35.'
 /usr/lib/gcc/aarch64-linux-gnu/12/collect2 -plugin /usr/lib/gcc/aarch64-linux-gnu/12/liblto_plugin.so -plugin-opt=/usr/lib/gcc/aarch64-linux-gnu/12/lto-wrapper -plugin-opt=-fresolution=/tmp/ccBxNMNf.res -plugin-opt=-pass-through=-lgcc -plugin-opt=-pass-through=-lgcc_s -plugin-opt=-pass-through=-lc -plugin-opt=-pass-through=-lgcc -plugin-opt=-pass-through=-lgcc_s --build-id --eh-frame-hdr --hash-style=gnu --as-needed -export-dynamic -dynamic-linker /lib/ld-linux-aarch64.so.1 -X -EL -maarch64linux --fix-cortex-a53-843419 -pie -o cmTC_f6d35 /usr/lib/gcc/aarch64-linux-gnu/12/../../../aarch64-linux-gnu/Scrt1.o /usr/lib/gcc/aarch64-linux-gnu/12/../../../aarch64-linux-gnu/crti.o /usr/lib/gcc/aarch64-linux-gnu/12/crtbeginS.o -L/usr/lib/gcc/aarch64-linux-gnu/12 -L/usr/lib/gcc/aarch64-linux-gnu/12/../../../aarch64-linux-gnu -L/usr/lib/gcc/aarch64-linux-gnu/12/../../../../lib -L/lib/aarch64-linux-gnu -L/lib/../lib -L/usr/lib/aarch64-linux-gnu -L/usr/lib/../lib -L/usr/lib/gcc/aarch64-linux-gnu/12/../../.. CMakeFiles/cmTC_f6d35.dir/CMakeCCompilerABI.c.o -lgcc --push-state --as-needed -lgcc_s --pop-state -lc -lgcc --push-state --as-needed -lgcc_s --pop-state /usr/lib/gcc/aarch64-linux-gnu/12/crtendS.o /usr/lib/gcc/aarch64-linux-gnu/12/../../../aarch64-linux-gnu/crtn.o
COLLECT_GCC_OPTIONS='-v' '-rdynamic' '-o' 'cmTC_f6d35' '-mlittle-endian' '-mabi=lp64' '-dumpdir' 'cmTC_f6d35.'
gmake[1]: Leaving directory '/home/pi/Documents/GarboTron/AtlasThingMiddleware_RPI-master/lib/CMakeFiles/CMakeScratch/TryCompile-zpAJi8'



Parsed C implicit include dir info from above output: rv=done
  found start of include info
  found start of implicit include info
    add: [/usr/lib/gcc/aarch64-linux-gnu/12/include]
    add: [/usr/local/include]
    add: [/usr/include/aarch64-linux-gnu]
    add: [/usr/include]
  end of search list found
  collapse include dir [/usr/lib/gcc/aarch64-linux-gnu/12/include] ==> [/usr/lib/gcc/aarch64-linux-gnu/12/include]
  collapse include dir [/usr/local/include] ==> [/usr/local/include]
  collapse include dir [/usr/include/aarch64-linux-gnu] ==> [/usr/include/aarch64-linux-gnu]
  collapse include dir [/usr/include] ==> [/usr/include]
  implicit include dirs: [/usr/lib/gcc/aarch64-linux-gnu/12/include;/usr/local/include;/usr/include/aarch64-linux-gnu;/usr/include]


Parsed C implicit link information from above output:
  link line regex: [^( *|.*[/\])(ld|CMAKE_LINK_STARTFILE-NOTFOUND|([^/\]+-)?ld|collect2)[^/\]*( |$)]
  ignore line: [Change Dir: /home/pi/Documents/GarboTron/AtlasThingMiddleware_RPI-master/lib/CMakeFiles/CMakeScratch/TryCompile-zpAJi8]
  ignore line: []
  ignore line: [Run Build Command(s):/usr/bin/gmake -f Makefile cmTC_f6d35/fast && /usr/bin/gmake  -f CMakeFiles/cmTC_f6d35.dir/build.make CMakeFiles/cmTC_f6d35.dir/build]
  ignore line: [gmake[1]: Entering directory '/home/pi/Documents/GarboTron/AtlasThingMiddleware_RPI-master/lib/CMakeFiles/CMakeScratch/TryCompile-zpAJi8']
  ignore line: [Building C object CMakeFiles/cmTC_f6d35.dir/CMakeCCompilerABI.c.o]
  ignore line: [/usr/bin/cc   -v -o CMakeFiles/cmTC_f6d35.dir/CMakeCCompilerABI.c.o -c /usr/share/cmake-3.25/Modules/CMakeCCompilerABI.c]
  ignore line: [Using built-in specs.]
  ignore line: [COLLECT_GCC=/usr/bin/cc]
  ignore line: [Target: aarch64-linux-gnu]
  ignore line: [Configured with: ../src/configure -v --with-pkgversion='Debian 12.2.0-14' --with-bugurl=file:///usr/share/doc/gcc-12/README.Bugs --enable-languages=c ada c++ go d fortran objc obj-c++ m2 --prefix=/usr --with-gcc-major-version-only --program-suffix=-12 --program-prefix=aarch64-linux-gnu- --enable-shared --enable-linker-build-id --libexecdir=/usr/lib --without-included-gettext --enable-threads=posix --libdir=/usr/lib --enable-nls --enable-clocale=gnu --enable-libstdcxx-debug --enable-libstdcxx-time=yes --with-default-libstdcxx-abi=new --enable-gnu-unique-object --disable-libquadmath --disable-libquadmath-support --enable-plugin --enable-default-pie --with-system-zlib --enable-libphobos-checking=release --with-target-system-zlib=auto --enable-objc-gc=auto --enable-multiarch --enable-fix-cortex-a53-843419 --disable-werror --enable-checking=release --build=aarch64-linux-gnu --host=aarch64-linux-gnu --target=aarch64-linux-gnu]
  ignore line: [Thread model: posix]
  ignore line: [Supported LTO compression algorithms: zlib zstd]
  ignore line: [gcc version 12.2.0 (Debian 12.2.0-14) ]
  ignore line: [COLLECT_GCC_OPTIONS='-v' '-o' 'CMakeFiles/cmTC_f6d35.dir/CMakeCCompilerABI.c.o' '-c' '-mlittle-endian' '-mabi=lp64' '-dumpdir' 'CMakeFiles/cmTC_f6d35.dir/']
  ignore line: [ /usr/lib/gcc/aarch64-linux-gnu/12/cc1 -quiet -v -imultiarch aarch64-linux-gnu /usr/share/cmake-3.25/Modules/CMakeCCompilerABI.c -quiet -dumpdir CMakeFiles/cmTC_f6d35.dir/ -dumpbase CMakeCCompilerABI.c.c -dumpbase-ext .c -mlittle-endian -mabi=lp64 -version -fasynchronous-unwind-tables -o /tmp/ccxekSIZ.s]
  ignore line: [GNU C17 (Debian 12.2.0-14) version 12.2.0 (aarch64-linux-gnu)]
  ignore line: [	compiled by GNU C version 12.2.0  GMP version 6.2.1  MPFR version 4.1.1-p1  MPC version 1.3.1  isl version isl-0.25-GMP]
  ignore line: []
  ignore line: [warning: MPFR header version 4.1.1-p1 differs from library version 4.2.0.]
  ignore line: [GGC heuristics: --param ggc-min-expand=100 --param ggc-min-heapsize=131072]
  ignore line: [ignoring nonexistent directory "/usr/local/include/aarch64-linux-gnu"]
  ignore line: [ignoring nonexistent directory "/usr/lib/gcc/aarch64-linux-gnu/12/include-fixed"]
  ignore line: [ignoring nonexistent directory "/usr/lib/gcc/aarch64-linux-gnu/12/../../../../aarch64-linux-gnu/include"]
  ignore line: [#include "..." search starts here:]
  ignore line: [#include <...> search starts here:]
  ignore line: [ /usr/lib/gcc/aarch64-linux-gnu/12/include]
  ignore line: [ /usr/local/include]
  ignore line: [ /usr/include/aarch64-linux-gnu]
  ignore line: [ /usr/include]
  ignore line: [End of search list.]
  ignore line: [GNU C17 (Debian 12.2.0-14) version 12.2.0 (aarch64-linux-gnu)]
  ignore line: [	compiled by GNU C version 12.2.0  GMP version 6.2.1  MPFR version 4.1.1-p1  MPC version 1.3.1  isl version isl-0.25-GMP]
  ignore line: []
  ignore line: [warning: MPFR header version 4.1.1-p1 differs from library version 4.2.0.]
  ignore line: [GGC heuristics: --param ggc-min-expand=100 --param ggc-min-heapsize=131072]
  ignore line: [Compiler executable checksum: f1bacec099212325d0da3c77e1f38897]
  ignore line: [COLLECT_GCC_OPTIONS='-v' '-o' 'CMakeFiles/cmTC_f6d35.dir/CMakeCCompilerABI.c.o' '-c' '-mlittle-endian' '-mabi=lp64' '-dumpdir' 'CMakeFiles/cmTC_f6d35.dir/']
  ignore line: [ as -v -EL -mabi=lp64 -o CMakeFiles/cmTC_f6d35.dir/CMakeCCompilerABI.c.o /tmp/ccxekSIZ.s]
  ignore line: [GNU assembler version 2.40 (aarch64-linux-gnu) using BFD version (GNU Binutils for Debian) 2.40]
  ignore line: [COMPILER_PATH=/usr/lib/gcc/aarch64-linux-gnu/12/:/usr/lib/gcc/aarch64-linux-gnu/12/:/usr/lib/gcc/aarch64-linux-gnu/:/usr/lib/gcc/aarch64-linux-gnu/12/:/usr/lib/gcc/aarch64-linux-gnu/]
  ignore line: [LIBRARY_PATH=/usr/lib/gcc/aarch64-linux-gnu/12/:/usr/lib/gcc/aarch64-linux-gnu/12/../../../aarch64-linux-gnu/:/usr/lib/gcc/aarch64-linux-gnu/12/../../../../lib/:/lib/aarch64-linux-gnu/:/lib/../lib/:/usr/lib/aarch64-linux-gnu/:/usr/lib/../lib/:/usr/lib/gcc/aarch64-linux-gnu/12/../../../:/lib/:/usr/lib/]
  ignore line: [COLLECT_GCC_OPTIONS='-v' '-o' 'CMakeFiles/cmTC_f6d35.dir/CMakeCCompilerABI.c.o' '-c' '-mlittle-endian' '-mabi=lp64' '-dumpdir' 'CMakeFiles/cmTC_f6d35.dir/CMakeCCompilerABI.c.']
  ignore line: [Linking C executable cmTC_f6d35]
  ignore line: [/usr/bin/cmake -E cmake_link_script CMakeFiles/cmTC_f6d35.dir/link.txt --verbose=1]
  ignore line: [/usr/bin/cc  -v -rdynamic CMakeFiles/cmTC_f6d35.dir/CMakeCCompilerABI.c.o -o cmTC_f6d35 ]
  ignore line: [Using built-in specs.]
  ignore line: [COLLECT_GCC=/usr/bin/cc]
  ignore line: [COLLECT_LTO_WRAPPER=/usr/lib/gcc/aarch64-linux-gnu/12/lto-wrapper]
  ignore line: [Target: aarch64-linux-gnu]
  ignore line: [Configured with: ../src/configure -v --with-pkgversion='Debian 12.2.0-14' --with-bugurl=file:///usr/share/doc/gcc-12/README.Bugs --enable-languages=c ada c++ go d fortran objc obj-c++ m2 --prefix=/usr --with-gcc-major-version-only --program-suffix=-12 --program-prefix=aarch64-linux-gnu- --enable-shared --enable-linker-build-id --libexecdir=/usr/lib --without-included-gettext --enable-threads=posix --libdir=/usr/lib --enable-nls --enable-clocale=gnu --enable-libstdcxx-debug --enable-libstdcxx-time=yes --with-default-libstdcxx-abi=new --enable-gnu-unique-object --disable-libquadmath --disable-libquadmath-support --enable-plugin --enable-default-pie --with-system-zlib --enable-libphobos-checking=release --with-target-system-zlib=auto --enable-objc-gc=auto --enable-multiarch --enable-fix-cortex-a53-843419 --disable-werror --enable-checking=release --build=aarch64-linux-gnu --host=aarch64-linux-gnu --target=aarch64-linux-gnu]
  ignore line: [Thread model: posix]
  ignore line: [Supported LTO compression algorithms: zlib zstd]
  ignore line: [gcc version 12.2.0 (Debian 12.2.0-14) ]
  ignore line: [COMPILER_PATH=/usr/lib/gcc/aarch64-linux-gnu/12/:/usr/lib/gcc/aarch64-linux-gnu/12/:/usr/lib/gcc/aarch64-linux-gnu/:/usr/lib/gcc/aarch64-linux-gnu/12/:/usr/lib/gcc/aarch64-linux-gnu/]
  ignore line: [LIBRARY_PATH=/usr/lib/gcc/aarch64-linux-gnu/12/:/usr/lib/gcc/aarch64-linux-gnu/12/../../../aarch64-linux-gnu/:/usr/lib/gcc/aarch64-linux-gnu/12/../../../../lib/:/lib/aarch64-linux-gnu/:/lib/../lib/:/usr/lib/aarch64-linux-gnu/:/usr/lib/../lib/:/usr/lib/gcc/aarch64-linux-gnu/12/../../../:/lib/:/usr/lib/]
  ignore line: [COLLECT_GCC_OPTIONS='-v' '-rdynamic' '-o' 'cmTC_f6d35' '-mlittle-endian' '-mabi=lp64' '-dumpdir' 'cmTC_f6d35.']
  link line: [ /usr/lib/gcc/aarch64-linux-gnu/12/collect2 -plugin /usr/lib/gcc/aarch64-linux-gnu/12/liblto_plugin.so -plugin-opt=/usr/lib/gcc/aarch64-linux-gnu/12/lto-wrapper -plugin-opt=-fresolution=/tmp/ccBxNMNf.res -plugin-opt=-pass-through=-lgcc -plugin-opt=-pass-through=-lgcc_s -plugin-opt=-pass-through=-lc -plugin-opt=-pass-through=-lgcc -plugin-opt=-pass-through=-lgcc_s --build-id --eh-frame-hdr --hash-style=gnu --as-needed -export-dynamic -dynamic-linker /lib/ld-linux-aarch64.so.1 -X -EL -maarch64linux --fix-cortex-a53-843419 -pie -o cmTC_f6d35 /usr/lib/gcc/aarch64-linux-gnu/12/../../../aarch64-linux-gnu/Scrt1.o /usr/lib/gcc/aarch64-linux-gnu/12/../../../aarch64-linux-gnu/crti.o /usr/lib/gcc/aarch64-linux-gnu/12/crtbeginS.o -L/usr/lib/gcc/aarch64-linux-gnu/12 -L/usr/lib/gcc/aarch64-linux-gnu/12/../../../aarch64-linux-gnu -L/usr/lib/gcc/aarch64-linux-gnu/12/../../../../lib -L/lib/aarch64-linux-gnu -L/lib/../lib -L/usr/lib/aarch64-linux-gnu -L/usr/lib/../lib -L/usr/lib/gcc/aarch64-linux-gnu/12/../../.. CMakeFiles/cmTC_f6d35.dir/CMakeCCompilerABI.c.o -lgcc --push-state --as-needed -lgcc_s --pop-state -lc -lgcc --push-state --as-needed -lgcc_s --pop-state /usr/lib/gcc/aarch64-linux-gnu/12/crtendS.o /usr/lib/gcc/aarch64-linux-gnu/12/../../../aarch64-linux-gnu/crtn.o]
    arg [/usr/lib/gcc/aarch64-linux-gnu/12/collect2] ==> ignore
    arg [-plugin] ==> ignore
    arg [/usr/lib/gcc/aarch64-linux-gnu/12/liblto_plugin.so] ==> ignore
    arg [-plugin-opt=/usr/lib/gcc/aarch64-linux-gnu/12/lto-wrapper] ==> ignore
    arg [-plugin-opt=-fresolution=/tmp/ccBxNMNf.res] ==> ignore
    arg [-plugin-opt=-pass-through=-lgcc] ==> ignore
    arg [-plugin-opt=-pass-through=-lgcc_s] ==> ignore
    arg [-plugin-opt=-pass-through=-lc] ==> ignore
    arg [-plugin-opt=-pass-through=-lgcc] ==> ignore
    arg [-plugin-opt=-pass-through=-lgcc_s] ==> ignore
    arg [--build-id] ==> ignore
    arg [--eh-frame-hdr] ==> ignore
    arg [--hash-style=gnu] ==> ignore
    arg [--as-needed] ==> ignore
    arg [-export-dynamic] ==> ignore
    arg [-dynamic-linker] ==> ignore
    arg [/lib/ld-linux-aarch64.so.1] ==> ignore
    arg [-X] ==> ignore
    arg [-EL] ==> ignore
    arg [-maarch64linux] ==> ignore
    arg [--fix-cortex-a53-843419] ==> ignore
    arg [-pie] ==> ignore
    arg [-o] ==> ignore
    arg [cmTC_f6d35] ==> ignore
    arg [/usr/lib/gcc/aarch64-linux-gnu/12/../../../aarch64-linux-gnu/Scrt1.o] ==> obj [/usr/lib/gcc/aarch64-linux-gnu/12/../../../aarch64-linux-gnu/Scrt1.o]
    arg [/usr/lib/gcc/aarch64-linux-gnu/12/../../../aarch64-linux-gnu/crti.o] ==> obj [/usr/lib/gcc/aarch64-linux-gnu/12/../../../aarch64-linux-gnu/crti.o]
    arg [/usr/lib/gcc/aarch64-linux-gnu/12/crtbeginS.o] ==> obj [/usr/lib/gcc/aarch64-linux-gnu/12/crtbeginS.o]
    arg [-L/usr/lib/gcc/aarch64-linux-gnu/12] ==> dir [/usr/lib/gcc/aarch64-linux-gnu/12]
    arg [-L/usr/lib/gcc/aarch64-linux-gnu/12/../../../aarch64-linux-gnu] ==> dir [/usr/lib/gcc/aarch64-linux-gnu/12/../../../aarch64-linux-gnu]
    arg [-L/usr/lib/gcc/aarch64-linux-gnu/12/../../../../lib] ==> dir [/usr/lib/gcc/aarch64-linux-gnu/12/../../../../lib]
    arg [-L/lib/aarch64-linux-gnu] ==> dir [/lib/aarch64-linux-gnu]
    arg [-L/lib/../lib] ==> dir [/lib/../lib]
    arg [-L/usr/lib/aarch64-linux-gnu] ==> dir [/usr/lib/aarch64-linux-gnu]
    arg [-L/usr/lib/../lib] ==> dir [/usr/lib/../lib]
    arg [-L/usr/lib/gcc/aarch64-linux-gnu/12/../../..] ==> dir [/usr/lib/gcc/aarch64-linux-gnu/12/../../..]
    arg [CMakeFiles/cmTC_f6d35.dir/CMakeCCompilerABI.c.o] ==> ignore
    arg [-lgcc] ==> lib [gcc]
    arg [--push-state] ==> ignore
    arg [--as-needed] ==> ignore
    arg [-lgcc_s] ==> lib [gcc_s]
    arg [--pop-state] ==> ignore
    arg [-lc] ==> lib [c]
    arg [-lgcc] ==> lib [gcc]
    arg [--push-state] ==> ignore
    arg [--as-needed] ==> ignore
    arg [-lgcc_s] ==> lib [gcc_s]
    arg [--pop-state] ==> ignore
    arg [/usr/lib/gcc/aarch64-linux-gnu/12/crtendS.o] ==> obj [/usr/lib/gcc/aarch64-linux-gnu/12/crtendS.o]
    arg [/usr/lib/gcc/aarch64-linux-gnu/12/../../../aarch64-linux-gnu/crtn.o] ==> obj [/usr/lib/gcc/aarch64-linux-gnu/12/../../../aarch64-linux-gnu/crtn.o]
  collapse obj [/usr/lib/gcc/aarch64-linux-gnu/12/../../../aarch64-linux-gnu/Scrt1.o] ==> [/usr/lib/aarch64-linux-gnu/Scrt1.o]
  collapse obj [/usr/lib/gcc/aarch64-linux-gnu/12/../../../aarch64-linux-gnu/crti.o] ==> [/usr/lib/aarch64-linux-gnu/crti.o]
  collapse obj [/usr/lib/gcc/aarch64-linux-gnu/12/../../../aarch64-linux-gnu/crtn.o] ==> [/usr/lib/aarch64-linux-gnu/crtn.o]
  collapse library dir [/usr/lib/gcc/aarch64-linux-gnu/12] ==> [/usr/lib/gcc/aarch64-linux-gnu/12]
  collapse library dir [/usr/lib/gcc/aarch64-linux-gnu/12/../../../aarch64-linux-gnu] ==> [/usr/lib/aarch64-linux-gnu]
  collapse library dir [/usr/lib/gcc/aarch64-linux-gnu/12/../../../../lib] ==> [/usr/lib]
  collapse library dir [/lib/aarch64-linux-gnu] ==> [/lib/aarch64-linux-gnu]
  collapse library dir [/lib/../lib] ==> [/lib]
  collapse library dir [/usr/lib/aarch64-linux-gnu] ==> [/usr/lib/aarch64-linux-gnu]
  collapse library dir [/usr/lib/../lib] ==> [/usr/lib]
  collapse library dir [/usr/lib/gcc/aarch64-linux-gnu/12/../../..] ==> [/usr/lib]
  implicit libs: [gcc;gcc_s;c;gcc;gcc_s]
  implicit objs: [/usr/lib/aarch64-linux-gnu/Scrt1.o;/usr/lib/aarch64-linux-gnu/crti.o;/usr/lib/gcc/aarch64-linux-gnu/12/crtbeginS.o;/usr/lib/gcc/aarch64-linux-gnu/12/crtendS.o;/usr/lib/aarch64-linux-gnu/crtn.o]
  implicit dirs: [/usr/lib/gcc/aarch64-linux-gnu/12;/usr/lib/aarch64-linux-gnu;/usr/lib;/lib/aarch64-linux-gnu;/lib]
  implicit fwks: []


Detecting CXX compiler ABI info compiled with the following output:
Change Dir: /home/pi/Documents/GarboTron/AtlasThingMiddleware_RPI-master/lib/CMakeFiles/CMakeScratch/TryCompile-mnl6b4

Run Build Command(s):/usr/bin/gmake -f Makefile cmTC_4657a/fast && /usr/bin/gmake  -f CMakeFiles/cmTC_4657a.dir/build.make CMakeFiles/cmTC_4657a.dir/build
gmake[1]: Entering directory '/home/pi/Documents/GarboTron/AtlasThingMiddleware_RPI-master/lib/CMakeFiles/CMakeScratch/TryCompile-mnl6b4'
Building CXX object CMakeFiles/cmTC_4657a.dir/CMakeCXXCompilerABI.cpp.o
/usr/bin/c++   -v -o CMakeFiles/cmTC_4657a.dir/CMakeCXXCompilerABI.cpp.o -c /usr/share/cmake-3.25/Modules/CMakeCXXCompilerABI.cpp
Using built-in specs.
COLLECT_GCC=/usr/bin/c++
Target: aarch64-linux-gnu
Configured with: ../src/configure -v --with-pkgversion='Debian 12.2.0-14' --with-bugurl=file:///usr/share/doc/gcc-12/README.Bugs --enable-languages=c,ada,c++,go,d,fortran,objc,obj-c++,m2 --prefix=/usr --with-gcc-major-version-only --program-suffix=-12 --program-prefix=aarch64-linux-gnu- --enable-shared --enable-linker-build-id --libexecdir=/usr/lib --without-included-gettext --enable-threads=posix --libdir=/usr/lib --enable-nls --enable-clocale=gnu --enable-libstdcxx-debug --enable-libstdcxx-time=yes --with-default-libstdcxx-abi=new --enable-gnu-unique-object --disable-libquadmath --disable-libquadmath-support --enable-plugin --enable-default-pie --with-system-zlib --enable-libphobos-checking=release --with-target-system-zlib=auto --enable-objc-gc=auto --enable-multiarch --enable-fix-cortex-a53-843419 --disable-werror --enable-checking=release --build=aarch64-linux-gnu --host=aarch64-linux-gnu --target=aarch64-linux-gnu
Thread model: posix
Supported LTO compression algorithms: zlib zstd
gcc version 12.2.0 (Debian 12.2.0-14) 
COLLECT_GCC_OPTIONS='-v' '-o' 'CMakeFiles/cmTC_4657a.dir/CMakeCXXCompilerABI.cpp.o' '-c' '-shared-libgcc' '-mlittle-endian' '-mabi=lp64' '-dumpdir' 'CMakeFiles/cmTC_4657a.dir/'
 /usr/lib/gcc/aarch64-linux-gnu/12/cc1plus -quiet -v -imultiarch aarch64-linux-gnu -D_GNU_SOURCE /usr/share/cmake-3.25/Modules/CMakeCXXCompilerABI.cpp -quiet -dumpdir CMakeFiles/cmTC_4657a.dir/ -dumpbase CMakeCXXCompilerABI.cpp.cpp -dumpbase-ext .cpp -mlittle-endian -mabi=lp64 -version -fasynchronous-unwind-tables -o /tmp/cc0XVmxf.s
GNU C++17 (Debian 12.2.0-14) version 12.2.0 (aarch64-linux-gnu)
	compiled by GNU C version 12.2.0, GMP version 6.2.1, MPFR version 4.1.1-p1, MPC version 1.3.1, isl version isl-0.25-GMP

warning: MPFR header version 4.1.1-p1 differs from library version 4.2.0.
GGC heuristics: --param ggc-min-expand=100 --param ggc-min-heapsize=131072
ignoring duplicate directory "/usr/include/aarch64-linux-gnu/c++/12"
ignoring nonexistent directory "/usr/local/include/aarch64-linux-gnu"
ignoring nonexistent directory "/usr/lib/gcc/aarch64-linux-gnu/12/include-fixed"
ignoring nonexistent directory "/usr/lib/gcc/aarch64-linux-gnu/12/../../../../aarch64-linux-gnu/include"
#include "..." search starts here:
#include <...> search starts here:
 /usr/include/c++/12
 /usr/include/aarch64-linux-gnu/c++/12
 /usr/include/c++/12/backward
 /usr/lib/gcc/aarch64-linux-gnu/12/include
 /usr/local/include
 /usr/include/aarch64-linux-gnu
 /usr/include
End of search list.
GNU C++17 (Debian 12.2.0-14) version 12.2.0 (aarch64-linux-gnu)
	compiled by GNU C version 12.2.0, GMP version 6.2.1, MPFR version 4.1.1-p1, MPC version 1.3.1, isl version isl-0.25-GMP

warning: MPFR header version 4.1.1-p1 differs from library version 4.2.0.
GGC heuristics: --param ggc-min-expand=100 --param ggc-min-heapsize=131072
Compiler executable checksum: 76d6f14273b9515783c50374b109b352
COLLECT_GCC_OPTIONS='-v' '-o' 'CMakeFiles/cmTC_4657a.dir/CMakeCXXCompilerABI.cpp.o' '-c' '-shared-libgcc' '-mlittle-endian' '-mabi=lp64' '-dumpdir' 'CMakeFiles/cmTC_4657a.dir/'
 as -v -EL -mabi=lp64 -o CMakeFiles/cmTC_4657a.dir/CMakeCXXCompilerABI.cpp.o /tmp/cc0XVmxf.s
GNU assembler version 2.40 (aarch64-linux-gnu) using BFD version (GNU Binutils for Debian) 2.40
COMPILER_PATH=/usr/lib/gcc/aarch64-linux-gnu/12/:/usr/lib/gcc/aarch64-linux-gnu/12/:/usr/lib/gcc/aarch64-linux-gnu/:/usr/lib/gcc/aarch64-linux-gnu/12/:/usr/lib/gcc/aarch64-linux-gnu/
LIBRARY_PATH=/usr/lib/gcc/aarch64-linux-gnu/12/:/usr/lib/gcc/aarch64-linux-gnu/12/../../../aarch64-linux-gnu/:/usr/lib/gcc/aarch64-linux-gnu/12/../../../../lib/:/lib/aarch64-linux-gnu/:/lib/../lib/:/usr/lib/aarch64-linux-gnu/:/usr/lib/../lib/:/usr/lib/gcc/aarch64-linux-gnu/12/../../../:/lib/:/usr/lib/
COLLECT_GCC_OPTIONS='-v' '-o' 'CMakeFiles/cmTC_4657a.dir/CMakeCXXCompilerABI.cpp.o' '-c' '-shared-libgcc' '-mlittle-endian' '-mabi=lp64' '-dumpdir' 'CMakeFiles/cmTC_4657a.dir/CMakeCXXCompilerABI.cpp.'
Linking CXX executable cmTC_4657a
/usr/bin/cmake -E cmake_link_script CMakeFiles/cmTC_4657a.dir/link.txt --verbose=1
/usr/bin/c++  -v -rdynamic CMakeFiles/cmTC_4657a.dir/CMakeCXXCompilerABI.cpp.o -o cmTC_4657a 
Using built-in specs.
COLLECT_GCC=/usr/bin/c++
COLLECT_LTO_WRAPPER=/usr/lib/gcc/aarch64-linux-gnu/12/lto-wrapper
Target: aarch64-linux-gnu
Configured with: ../src/configure -v --with-pkgversion='Debian 12.2.0-14' --with-bugurl=file:///usr/share/doc/gcc-12/README.Bugs --enable-languages=c,ada,c++,go,d,fortran,objc,obj-c++,m2 --prefix=/usr --with-gcc-major-version-only --program-suffix=-12 --program-prefix=aarch64-linux-gnu- --enable-shared --enable-linker-build-id --libexecdir=/usr/lib --without-included-gettext --enable-threads=posix --libdir=/usr/lib --enable-nls --enable-clocale=gnu --enable-libstdcxx-debug --enable-libstdcxx-time=yes --with-default-libstdcxx-abi=new --enable-gnu-unique-object --disable-libquadmath --disable-libquadmath-support --enable-plugin --enable-default-pie --with-system-zlib --enable-libphobos-checking=release --with-target-system-zlib=auto --enable-objc-gc=auto --enable-multiarch --enable-fix-cortex-a53-843419 --disable-werror --enable-checking=release --build=aarch64-linux-gnu --host=aarch64-linux-gnu --target=aarch64-linux-gnu
Thread model: posix
Supported LTO compression algorithms: zlib zstd
gcc version 12.2.0 (Debian 12.2.0-14) 
COMPILER_PATH=/usr/lib/gcc/aarch64-linux-gnu/12/:/usr/lib/gcc/aarch64-linux-gnu/12/:/usr/lib/gcc/aarch64-linux-gnu/:/usr/lib/gcc/aarch64-linux-gnu/12/:/usr/lib/gcc/aarch64-linux-gnu/
LIBRARY_PATH=/usr/lib/gcc/aarch64-linux-gnu/12/:/usr/lib/gcc/aarch64-linux-gnu/12/../../../aarch64-linux-gnu/:/usr/lib/gcc/aarch64-linux-gnu/12/../../../../lib/:/lib/aarch64-linux-gnu/:/lib/../lib/:/usr/lib/aarch64-linux-gnu/:/usr/lib/../lib/:/usr/lib/gcc/aarch64-linux-gnu/12/../../../:/lib/:/usr/lib/
COLLECT_GCC_OPTIONS='-v' '-rdynamic' '-o' 'cmTC_4657a' '-shared-libgcc' '-mlittle-endian' '-mabi=lp64' '-dumpdir' 'cmTC_4657a.'
 /usr/lib/gcc/aarch64-linux-gnu/12/collect2 -plugin /usr/lib/gcc/aarch64-linux-gnu/12/liblto_plugin.so -plugin-opt=/usr/lib/gcc/aarch64-linux-gnu/12/lto-wrapper -plugin-opt=-fresolution=/tmp/ccKxTVwo.res -plugin-opt=-pass-through=-lgcc_s -plugin-opt=-pass-through=-lgcc -plugin-opt=-pass-through=-lc -plugin-opt=-pass-through=-lgcc_s -plugin-opt=-pass-through=-lgcc --build-id --eh-frame-hdr --hash-style=gnu --as-needed -export-dynamic -dynamic-linker /lib/ld-linux-aarch64.so.1 -X -EL -maarch64linux --fix-cortex-a53-843419 -pie -o cmTC_4657a /usr/lib/gcc/aarch64-linux-gnu/12/../../../aarch64-linux-gnu/Scrt1.o /usr/lib/gcc/aarch64-linux-gnu/12/../../../aarch64-linux-gnu/crti.o /usr/lib/gcc/aarch64-linux-gnu/12/crtbeginS.o -L/usr/lib/gcc/aarch64-linux-gnu/12 -L/usr/lib/gcc/aarch64-linux-gnu/12/../../../aarch64-linux-gnu -L/usr/lib/gcc/aarch64-linux-gnu/12/../../../../lib -L/lib/aarch64-linux-gnu -L/lib/../lib -L/usr/lib/aarch64-linux-gnu -L/usr/lib/../lib -L/usr/lib/gcc/aarch64-linux-gnu/12/../../.. CMakeFiles/cmTC_4657a.dir/CMakeCXXCompilerABI.cpp.o -lstdc++ -lm -lgcc_s -lgcc -lc -lgcc_s -lgcc /usr/lib/gcc/aarch64-linux-gnu/12/crtendS.o /usr/lib/gcc/aarch64-linux-gnu/12/../../../aarch64-linux-gnu/crtn.o
COLLECT_GCC_OPTIONS='-v' '-rdynamic' '-o' 'cmTC_4657a' '-shared-libgcc' '-mlittle-endian' '-mabi=lp64' '-dumpdir' 'cmTC_4657a.'
gmake[1]: Leaving directory '/home/pi/Documents/GarboTron/AtlasThingMiddleware_RPI-master/lib/CMakeFiles/CMakeScratch/TryCompile-mnl6b4'



Parsed CXX implicit include dir info from above output: rv=done
  found start of include info
  found start of implicit include info
    add: [/usr/include/c++/12]
    add: [/usr/include/aarch64-linux-gnu/c++/12]
    add: [/usr/include/c++/12/backward]
    add: [/usr/lib/gcc/aarch64-linux-gnu/12/include]
    add: [/usr/local/include]
    add: [/usr/include/aarch64-linux-gnu]
    add: [/usr/include]
  end of search list found
  collapse include dir [/usr/include/c++/12] ==> [/usr/include/c++/12]
  collapse include dir [/usr/include/aarch64-linux-gnu/c++/12] ==> [/usr/include/aarch64-linux-gnu/c++/12]
  collapse include dir [/usr/include/c++/12/backward] ==> [/usr/include/c++/12/backward]
  collapse include dir [/usr/lib/gcc/aarch64-linux-gnu/12/include] ==> [/usr/lib/gcc/aarch64-linux-gnu/12/include]
  collapse include dir [/usr/local/include] ==> [/usr/local/include]
  collapse include dir [/usr/include/aarch64-linux-gnu] ==> [/usr/include/aarch64-linux-gnu]
  collapse include dir [/usr/include] ==> [/usr/include]
  implicit include dirs: [/usr/include/c++/12;/usr/include/aarch64-linux-gnu/c++/12;/usr/include/c++/12/backward;/usr/lib/gcc/aarch64-linux-gnu/12/include;/usr/local/include;/usr/include/aarch64-linux-gnu;/usr/include]


Parsed CXX implicit link information from above output:
  link line regex: [^( *|.*[/\])(ld|CMAKE_LINK_STARTFILE-NOTFOUND|([^/\]+-)?ld|collect2)[^/\]*( |$)]
  ignore line: [Change Dir: /home/pi/Documents/GarboTron/AtlasThingMiddleware_RPI-master/lib/CMakeFiles/CMakeScratch/TryCompile-mnl6b4]
  ignore line: []
  ignore line: [Run Build Command(s):/usr/bin/gmake -f Makefile cmTC_4657a/fast && /usr/bin/gmake  -f CMakeFiles/cmTC_4657a.dir/build.make CMakeFiles/cmTC_4657a.dir/build]
  ignore line: [gmake[1]: Entering directory '/home/pi/Documents/GarboTron/AtlasThingMiddleware_RPI-master/lib/CMakeFiles/CMakeScratch/TryCompile-mnl6b4']
  ignore line: [Building CXX object CMakeFiles/cmTC_4657a.dir/CMakeCXXCompilerABI.cpp.o]
  ignore line: [/usr/bin/c++   -v -o CMakeFiles/cmTC_4657a.dir/CMakeCXXCompilerABI.cpp.o -c /usr/share/cmake-3.25/Modules/CMakeCXXCompilerABI.cpp]
  ignore line: [Using built-in specs.]
  ignore line: [COLLECT_GCC=/usr/bin/c++]
  ignore line: [Target: aarch64-linux-gnu]
  ignore line: [Configured with: ../src/configure -v --with-pkgversion='Debian 12.2.0-14' --with-bugurl=file:///usr/share/doc/gcc-12/README.Bugs --enable-languages=c ada c++ go d fortran objc obj-c++ m2 --prefix=/usr --with-gcc-major-version-only --program-suffix=-12 --program-prefix=aarch64-linux-gnu- --enable-shared --enable-linker-build-id --libexecdir=/usr/lib --without-included-gettext --enable-threads=posix --libdir=/usr/lib --enable-nls --enable-clocale=gnu --enable-libstdcxx-debug --enable-libstdcxx-time=yes --with-default-libstdcxx-abi=new --enable-gnu-unique-object --disable-libquadmath --disable-libquadmath-support --enable-plugin --enable-default-pie --with-system-zlib --enable-libphobos-checking=release --with-target-system-zlib=auto --enable-objc-gc=auto --enable-multiarch --enable-fix-cortex-a53-843419 --disable-werror --enable-checking=release --build=aarch64-linux-gnu --host=aarch64-linux-gnu --target=aarch64-linux-gnu]
  ignore line: [Thread model: posix]
  ignore line: [Supported LTO compression algorithms: zlib zstd]
  ignore line: [gcc version 12.2.0 (Debian 12.2.0-14) ]
  ignore line: [COLLECT_GCC_OPTIONS='-v' '-o' 'CMakeFiles/cmTC_4657a.dir/CMakeCXXCompilerABI.cpp.o' '-c' '-shared-libgcc' '-mlittle-endian' '-mabi=lp64' '-dumpdir' 'CMakeFiles/cmTC_4657a.dir/']
  ignore line: [ /usr/lib/gcc/aarch64-linux-gnu/12/cc1plus -quiet -v -imultiarch aarch64-linux-gnu -D_GNU_SOURCE /usr/share/cmake-3.25/Modules/CMakeCXXCompilerABI.cpp -quiet -dumpdir CMakeFiles/cmTC_4657a.dir/ -dumpbase CMakeCXXCompilerABI.cpp.cpp -dumpbase-ext .cpp -mlittle-endian -mabi=lp64 -version -fasynchronous-unwind-tables -o /tmp/cc0XVmxf.s]
  ignore line: [GNU C++17 (Debian 12.2.0-14) version 12.2.0 (aarch64-linux-gnu)]
  ignore line: [	compiled by GNU C version 12.2.0  GMP version 6.2.1  MPFR version 4.1.1-p1  MPC version 1.3.1  isl version isl-0.25-GMP]
  ignore line: []
  ignore line: [warning: MPFR header version 4.1.1-p1 differs from library version 4.2.0.]
  ignore line: [GGC heuristics: --param ggc-min-expand=100 --param ggc-min-heapsize=131072]
  ignore line: [ignoring duplicate directory "/usr/include/aarch64-linux-gnu/c++/12"]
  ignore line: [ignoring nonexistent directory "/usr/local/include/aarch64-linux-gnu"]
  ignore line: [ignoring nonexistent directory "/usr/lib/gcc/aarch64-linux-gnu/12/include-fixed"]
  ignore line: [ignoring nonexistent directory "/usr/lib/gcc/aarch64-linux-gnu/12/../../../../aarch64-linux-gnu/include"]
  ignore line: [#include "..." search starts here:]
  ignore line: [#include <...> search starts here:]
  ignore line: [ /usr/include/c++/12]
  ignore line: [ /usr/include/aarch64-linux-gnu/c++/12]
  ignore line: [ /usr/include/c++/12/backward]
  ignore line: [ /usr/lib/gcc/aarch64-linux-gnu/12/include]
  ignore line: [ /usr/local/include]
  ignore line: [ /usr/include/aarch64-linux-gnu]
  ignore line: [ /usr/include]
  ignore line: [End of search list.]
  ignore line: [GNU C++17 (Debian 12.2.0-14) version 12.2.0 (aarch64-linux-gnu)]
  ignore line: [	compiled by GNU C version 12.2.0  GMP version 6.2.1  MPFR version 4.1.1-p1  MPC version 1.3.1  isl version isl-0.25-GMP]
  ignore line: []
  ignore line: [warning: MPFR header version 4.1.1-p1 differs from library version 4.2.0.]
  ignore line: [GGC heuristics: --param ggc-min-expand=100 --param ggc-min-heapsize=131072]
  ignore line: [Compiler executable checksum: 76d6f14273b9515783c50374b109b352]
  ignore line: [COLLECT_GCC_OPTIONS='-v' '-o' 'CMakeFiles/cmTC_4657a.dir/CMakeCXXCompilerABI.cpp.o' '-c' '-shared-libgcc' '-mlittle-endian' '-mabi=lp64' '-dumpdir' 'CMakeFiles/cmTC_4657a.dir/']
  ignore line: [ as -v -EL -mabi=lp64 -o CMakeFiles/cmTC_4657a.dir/CMakeCXXCompilerABI.cpp.o /tmp/cc0XVmxf.s]
  ignore line: [GNU assembler version 2.40 (aarch64-linux-gnu) using BFD version (GNU Binutils for Debian) 2.40]
  ignore line: [COMPILER_PATH=/usr/lib/gcc/aarch64-linux-gnu/12/:/usr/lib/gcc/aarch64-linux-gnu/12/:/usr/lib/gcc/aarch64-linux-gnu/:/usr/lib/gcc/aarch64-linux-gnu/12/:/usr/lib/gcc/aarch64-linux-gnu/]
  ignore line: [LIBRARY_PATH=/usr/lib/gcc/aarch64-linux-gnu/12/:/usr/lib/gcc/aarch64-linux-gnu/12/../../../aarch64-linux-gnu/:/usr/lib/gcc/aarch64-linux-gnu/12/../../../../lib/:/lib/aarch64-linux-gnu/:/lib/../lib/:/usr/lib/aarch64-linux-gnu/:/usr/lib/../lib/:/usr/lib/gcc/aarch64-linux-gnu/12/../../../:/lib/:/usr/lib/]
  ignore line: [COLLECT_GCC_OPTIONS='-v' '-o' 'CMakeFiles/cmTC_4657a.dir/CMakeCXXCompilerABI.cpp.o' '-c' '-shared-libgcc' '-mlittle-endian' '-mabi=lp64' '-dumpdir' 'CMakeFiles/cmTC_4657a.dir/CMakeCXXCompilerABI.cpp.']
  ignore line: [Linking CXX executable cmTC_4657a]
  ignore line: [/usr/bin/cmake -E cmake_link_script CMakeFiles/cmTC_4657a.dir/link.txt --verbose=1]
  ignore line: [/usr/bin/c++  -v -rdynamic CMakeFiles/cmTC_4657a.dir/CMakeCXXCompilerABI.cpp.o -o cmTC_4657a ]
  ignore line: [Using built-in specs.]
  ignore line: [COLLECT_GCC=/usr/bin/c++]
  ignore line: [COLLECT_LTO_WRAPPER=/usr/lib/gcc/aarch64-linux-gnu/12/lto-wrapper]
  ignore line: [Target: aarch64-linux-gnu]
  ignore line: [Configured with: ../src/configure -v --with-pkgversion='Debian 12.2.0-14' --with-bugurl=file:///usr/share/doc/gcc-12/README.Bugs --enable-languages=c ada c++ go d fortran objc obj-c++ m2 --prefix=/usr --with-gcc-major-version-only --program-suffix=-12 --program-prefix=aarch64-linux-gnu- --enable-shared --enable-linker-build-id --libexecdir=/usr/lib --without-included-gettext --enable-threads=posix --libdir=/usr/lib --enable-nls --enable-clocale=gnu --enable-libstdcxx-debug --enable-libstdcxx-time=yes --with-default-libstdcxx-abi=new --enable-gnu-unique-object --disable-libquadmath --disable-libquadmath-support --enable-plugin --enable-default-pie --with-system-zlib --enable-libphobos-checking=release --with-target-system-zlib=auto --enable-objc-gc=auto --enable-multiarch --enable-fix-cortex-a53-843419 --disable-werror --enable-checking=release --build=aarch64-linux-gnu --host=aarch64-linux-gnu --target=aarch64-linux-gnu]
  ignore line: [Thread model: posix]
  ignore line: [Supported LTO compression algorithms: zlib zstd]
  ignore line: [gcc version 12.2.0 (Debian 12.2.0-14) ]
  ignore line: [COMPILER_PATH=/usr/lib/gcc/aarch64-linux-gnu/12/:/usr/lib/gcc/aarch64-linux-gnu/12/:/usr/lib/gcc/aarch64-linux-gnu/:/usr/lib/gcc/aarch64-linux-gnu/12/:/usr/lib/gcc/aarch64-linux-gnu/]
  ignore line: [LIBRARY_PATH=/usr/lib/gcc/aarch64-linux-gnu/12/:/usr/lib/gcc/aarch64-linux-gnu/12/../../../aarch64-linux-gnu/:/usr/lib/gcc/aarch64-linux-gnu/12/../../../../lib/:/lib/aarch64-linux-gnu/:/lib/../lib/:/usr/lib/aarch64-linux-gnu/:/usr/lib/../lib/:/usr/lib/gcc/aarch64-linux-gnu/12/../../../:/lib/:/usr/lib/]
  ignore line: [COLLECT_GCC_OPTIONS='-v' '-rdynamic' '-o' 'cmTC_4657a' '-shared-libgcc' '-mlittle-endian' '-mabi=lp64' '-dumpdir' 'cmTC_4657a.']
  link line: [ /usr/lib/gcc/aarch64-linux-gnu/12/collect2 -plugin /usr/lib/gcc/aarch64-linux-gnu/12/liblto_plugin.so -plugin-opt=/usr/lib/gcc/aarch64-linux-gnu/12/lto-wrapper -plugin-opt=-fresolution=/tmp/ccKxTVwo.res -plugin-opt=-pass-through=-lgcc_s -plugin-opt=-pass-through=-lgcc -plugin-opt=-pass-through=-lc -plugin-opt=-pass-through=-lgcc_s -plugin-opt=-pass-through=-lgcc --build-id --eh-frame-hdr --hash-style=gnu --as-needed -export-dynamic -dynamic-linker /lib/ld-linux-aarch64.so.1 -X -EL -maarch64linux --fix-cortex-a53-843419 -pie -o cmTC_4657a /usr/lib/gcc/aarch64-linux-gnu/12/../../../aarch64-linux-gnu/Scrt1.o /usr/lib/gcc/aarch64-linux-gnu/12/../../../aarch64-linux-gnu/crti.o /usr/lib/gcc/aarch64-linux-gnu/12/crtbeginS.o -L/usr/lib/gcc/aarch64-linux-gnu/12 -L/usr/lib/gcc/aarch64-linux-gnu/12/../../../aarch64-linux-gnu -L/usr/lib/gcc/aarch64-linux-gnu/12/../../../../lib -L/lib/aarch64-linux-gnu -L/lib/../lib -L/usr/lib/aarch64-linux-gnu -L/usr/lib/../lib -L/usr/lib/gcc/aarch64-linux-gnu/12/../../.. CMakeFiles/cmTC_4657a.dir/CMakeCXXCompilerABI.cpp.o -lstdc++ -lm -lgcc_s -lgcc -lc -lgcc_s -lgcc /usr/lib/gcc/aarch64-linux-gnu/12/crtendS.o /usr/lib/gcc/aarch64-linux-gnu/12/../../../aarch64-linux-gnu/crtn.o]
    arg [/usr/lib/gcc/aarch64-linux-gnu/12/collect2] ==> ignore
    arg [-plugin] ==> ignore
    arg [/usr/lib/gcc/aarch64-linux-gnu/12/liblto_plugin.so] ==> ignore
    arg [-plugin-opt=/usr/lib/gcc/aarch64-linux-gnu/12/lto-wrapper] ==> ignore
    arg [-plugin-opt=-fresolution=/tmp/ccKxTVwo.res] ==> ignore
    arg [-plugin-opt=-pass-through=-lgcc_s] ==> ignore
    arg [-plugin-opt=-pass-through=-lgcc] ==> ignore
    arg [-plugin-opt=-pass-through=-lc] ==> ignore
    arg [-plugin-opt=-pass-through=-lgcc_s] ==> ignore
    arg [-plugin-opt=-pass-through=-lgcc] ==> ignore
    arg [--build-id] ==> ignore
    arg [--eh-frame-hdr] ==> ignore
    arg [--hash-style=gnu] ==> ignore
    arg [--as-needed] ==> ignore
    arg [-export-dynamic] ==> ignore
    arg [-dynamic-linker] ==> ignore
    arg [/lib/ld-linux-aarch64.so.1] ==> ignore
    arg [-X] ==> ignore
    arg [-EL] ==> ignore
    arg [-maarch64linux] ==> ignore
    arg [--fix-cortex-a53-843419] ==> ignore
    arg [-pie] ==> ignore
    arg [-o] ==> ignore
    arg [cmTC_4657a] ==> ignore
    arg [/usr/lib/gcc/aarch64-linux-gnu/12/../../../aarch64-linux-gnu/Scrt1.o] ==> obj [/usr/lib/gcc/aarch64-linux-gnu/12/../../../aarch64-linux-gnu/Scrt1.o]
    arg [/usr/lib/gcc/aarch64-linux-gnu/12/../../../aarch64-linux-gnu/crti.o] ==> obj [/usr/lib/gcc/aarch64-linux-gnu/12/../../../aarch64-linux-gnu/crti.o]
    arg [/usr/lib/gcc/aarch64-linux-gnu/12/crtbeginS.o] ==> obj [/usr/lib/gcc/aarch64-linux-gnu/12/crtbeginS.o]
    arg [-L/usr/lib/gcc/aarch64-linux-gnu/12] ==> dir [/usr/lib/gcc/aarch64-linux-gnu/12]
    arg [-L/usr/lib/gcc/aarch64-linux-gnu/12/../../../aarch64-linux-gnu] ==> dir [/usr/lib/gcc/aarch64-linux-gnu/12/../../../aarch64-linux-gnu]
    arg [-L/usr/lib/gcc/aarch64-linux-gnu/12/../../../../lib] ==> dir [/usr/lib/gcc/aarch64-linux-gnu/12/../../../../lib]
    arg [-L/lib/aarch64-linux-gnu] ==> dir [/lib/aarch64-linux-gnu]
    arg [-L/lib/../lib] ==> dir [/lib/../lib]
    arg [-L/usr/lib/aarch64-linux-gnu] ==> dir [/usr/lib/aarch64-linux-gnu]
    arg [-L/usr/lib/../lib] ==> dir [/usr/lib/../lib]
    arg [-L/usr/lib/gcc/aarch64-linux-gnu/12/../../..] ==> dir [/usr/lib/gcc/aarch64-linux-gnu/12/../../..]
    arg [CMakeFiles/cmTC_4657a.dir/CMakeCXXCompilerABI.cpp.o] ==> ignore
    arg [-lstdc++] ==> lib [stdc++]
    arg [-lm] ==> lib [m]
    arg [-lgcc_s] ==> lib [gcc_s]
    arg [-lgcc] ==> lib [gcc]
    arg [-lc] ==> lib [c]
    arg [-lgcc_s] ==> lib [gcc_s]
    arg [-lgcc] ==> lib [gcc]
    arg [/usr/lib/gcc/aarch64-linux-gnu/12/crtendS.o] ==> obj [/usr/lib/gcc/aarch64-linux-gnu/12/crtendS.o]
    arg [/usr/lib/gcc/aarch64-linux-gnu/12/../../../aarch64-linux-gnu/crtn.o] ==> obj [/usr/lib/gcc/aarch64-linux-gnu/12/../../../aarch64-linux-gnu/crtn.o]
  collapse obj [/usr/lib/gcc/aarch64-linux-gnu/12/../../../aarch64-linux-gnu/Scrt1.o] ==> [/usr/lib/aarch64-linux-gnu/Scrt1.o]
  collapse obj [/usr/lib/gcc/aarch64-linux-gnu/12/../../../aarch64-linux-gnu/crti.o] ==> [/usr/lib/aarch64-linux-gnu/crti.o]
  collapse obj [/usr/lib/gcc/aarch64-linux-gnu/12/../../../aarch64-linux-gnu/crtn.o] ==> [/usr/lib/aarch64-linux-gnu/crtn.o]
  collapse library dir [/usr/lib/gcc/aarch64-linux-gnu/12] ==> [/usr/lib/gcc/aarch64-linux-gnu/12]
  collapse library dir [/usr/lib/gcc/aarch64-linux-gnu/12/../../../aarch64-linux-gnu] ==> [/usr/lib/aarch64-linux-gnu]
  collapse library dir [/usr/lib/gcc/aarch64-linux-gnu/12/../../../../lib] ==> [/usr/lib]
  collapse library dir [/lib/aarch64-linux-gnu] ==> [/lib/aarch64-linux-gnu]
  collapse library dir [/lib/../lib] ==> [/lib]
  collapse library dir [/usr/lib/aarch64-linux-gnu] ==> [/usr/lib/aarch64-linux-gnu]
  collapse library dir [/usr/lib/../lib] ==> [/usr/lib]
  collapse library dir [/usr/lib/gcc/aarch64-linux-gnu/12/../../..] ==> [/usr/lib]
  implicit libs: [stdc++;m;gcc_s;gcc;c;gcc_s;gcc]
  implicit objs: [/usr/lib/aarch64-linux-gnu/Scrt1.o;/usr/lib/aarch64-linux-gnu/crti.o;/usr/lib/gcc/aarch64-linux-gnu/12/crtbeginS.o;/usr/lib/gcc/aarch64-linux-gnu/12/crtendS.o;/usr/lib/aarch64-linux-gnu/crtn.o]
  implicit dirs: [/usr/lib/gcc/aarch64-linux-gnu/12;/usr/lib/aarch64-linux-gnu;/usr/lib;/lib/aarch64-linux-gnu;/lib]
  implicit fwks: []


Performing C++ SOURCE FILE Test HAS_CXX_FLAG__fstack_protector_all succeeded with the following output:
Change Dir: /home/pi/Documents/GarboTron/AtlasThingMiddleware_RPI-master/lib/CMakeFiles/CMakeScratch/TryCompile-yt2fWz

Run Build Command(s):/usr/bin/gmake -f Makefile cmTC_c21d7/fast && /usr/bin/gmake  -f CMakeFiles/cmTC_c21d7.dir/build.make CMakeFiles/cmTC_c21d7.dir/build
gmake[1]: Entering directory '/home/pi/Documents/GarboTron/AtlasThingMiddleware_RPI-master/lib/CMakeFiles/CMakeScratch/TryCompile-yt2fWz'
Building CXX object CMakeFiles/cmTC_c21d7.dir/src.cxx.o
/usr/bin/c++ -DHAS_CXX_FLAG__fstack_protector_all  -fstack-protector-all -o CMakeFiles/cmTC_c21d7.dir/src.cxx.o -c /home/pi/Documents/GarboTron/AtlasThingMiddleware_RPI-master/lib/CMakeFiles/CMakeScratch/TryCompile-yt2fWz/src.cxx
Linking CXX executable cmTC_c21d7
/usr/bin/cmake -E cmake_link_script CMakeFiles/cmTC_c21d7.dir/link.txt --verbose=1
/usr/bin/c++ -rdynamic CMakeFiles/cmTC_c21d7.dir/src.cxx.o -o cmTC_c21d7 
gmake[1]: Leaving directory '/home/pi/Documents/GarboTron/AtlasThingMiddleware_RPI-master/lib/CMakeFiles/CMakeScratch/TryCompile-yt2fWz'


Source file was:
int main() { return 0; }

Performing C++ SOURCE FILE Test HAS_CXX_FLAG__Werror succeeded with the following output:
Change Dir: /home/pi/Documents/GarboTron/AtlasThingMiddleware_RPI-master/lib/CMakeFiles/CMakeScratch/TryCompile-i8u6BE

Run Build Command(s):/usr/bin/gmake -f Makefile cmTC_a18a4/fast && /usr/bin/gmake  -f CMakeFiles/cmTC_a18a4.dir/build.make CMakeFiles/cmTC_a18a4.dir/build
gmake[1]: Entering directory '/home/pi/Documents/GarboTron/AtlasThingMiddleware_RPI-master/lib/CMakeFiles/CMakeScratch/TryCompile-i8u6BE'
Building CXX object CMakeFiles/cmTC_a18a4.dir/src.cxx.o
/usr/bin/c++ -DHAS_CXX_FLAG__Werror  -Werror -o CMakeFiles/cmTC_a18a4.dir/src.cxx.o -c /home/pi/Documents/GarboTron/AtlasThingMiddleware_RPI-master/lib/CMakeFiles/CMakeScratch/TryCompile-i8u6BE/src.cxx
Linking CXX executable cmTC_a18a4
/usr/bin/cmake -E cmake_link_script CMakeFiles/cmTC_a18a4.dir/link.txt --verbose=1
/usr/bin/c++ -rdynamic CMakeFiles/cmTC_a18a4.dir/src.cxx.o -o cmTC_a18a4 
gmake[1]: Leaving directory '/home/pi/Documents/GarboTron/AtlasThingMiddleware_RPI-master/lib/CMakeFiles/CMakeScratch/TryCompile-i8u6BE'


Source file was:
int main() { return 0; }

Performing C++ SOURCE FILE Test HAS_CXX_FLAG__Wall succeeded with the following output:
Change Dir: /home/pi/Documents/GarboTron/AtlasThingMiddleware_RPI-master/lib/CMakeFiles/CMakeScratch/TryCompile-0qPLn0

Run Build Command(s):/usr/bin/gmake -f Makefile cmTC_8ef1b/fast && /usr/bin/gmake  -f CMakeFiles/cmTC_8ef1b.dir/build.make CMakeFiles/cmTC_8ef1b.dir/build
gmake[1]: Entering directory '/home/pi/Documents/GarboTron/AtlasThingMiddleware_RPI-master/lib/CMakeFiles/CMakeScratch/TryCompile-0qPLn0'
Building CXX object CMakeFiles/cmTC_8ef1b.dir/src.cxx.o
/usr/bin/c++ -DHAS_CXX_FLAG__Wall  -Wall -o CMakeFiles/cmTC_8ef1b.dir/src.cxx.o -c /home/pi/Documents/GarboTron/AtlasThingMiddleware_RPI-master/lib/CMakeFiles/CMakeScratch/TryCompile-0qPLn0/src.cxx
Linking CXX executable cmTC_8ef1b
/usr/bin/cmake -E cmake_link_script CMakeFiles/cmTC_8ef1b.dir/link.txt --verbose=1
/usr/bin/c++ -rdynamic CMakeFiles/cmTC_8ef1b.dir/src.cxx.o -o cmTC_8ef1b 
gmake[1]: Leaving directory '/home/pi/Documents/GarboTron/AtlasThingMiddleware_RPI-master/lib/CMakeFiles/CMakeScratch/TryCompile-0qPLn0'


Source file was:
int main() { return 0; }

Performing C++ SOURCE FILE Test HAS_CXX_FLAG__Wextra succeeded with the following output:
Change Dir: /home/pi/Documents/GarboTron/AtlasThingMiddleware_RPI-master/lib/CMakeFiles/CMakeScratch/TryCompile-H9FJxY

Run Build Command(s):/usr/bin/gmake -f Makefile cmTC_92497/fast && /usr/bin/gmake  -f CMakeFiles/cmTC_92497.dir/build.make CMakeFiles/cmTC_92497.dir/build
gmake[1]: Entering directory '/home/pi/Documents/GarboTron/AtlasThingMiddleware_RPI-master/lib/CMakeFiles/CMakeScratch/TryCompile-H9FJxY'
Building CXX object CMakeFiles/cmTC_92497.dir/src.cxx.o
/usr/bin/c++ -DHAS_CXX_FLAG__Wextra  -Wextra -o CMakeFiles/cmTC_92497.dir/src.cxx.o -c /home/pi/Documents/GarboTron/AtlasThingMiddleware_RPI-master/lib/CMakeFiles/CMakeScratch/TryCompile-H9FJxY/src.cxx
Linking CXX executable cmTC_92497
/usr/bin/cmake -E cmake_link_script CMakeFiles/cmTC_92497.dir/link.txt --verbose=1
/usr/bin/c++ -rdynamic CMakeFiles/cmTC_92497.dir/src.cxx.o -o cmTC_92497 
gmake[1]: Leaving directory '/home/pi/Documents/GarboTron/AtlasThingMiddleware_RPI-master/lib/CMakeFiles/CMakeScratch/TryCompile-H9FJxY'


Source file was:
int main() { return 0; }

Performing C++ SOURCE FILE Test HAS_CXX_FLAG__Wpointer_arith succeeded with the following output:
Change Dir: /home/pi/Documents/GarboTron/AtlasThingMiddleware_RPI-master/lib/CMakeFiles/CMakeScratch/TryCompile-GP1MqB

Run Build Command(s):/usr/bin/gmake -f Makefile cmTC_418ed/fast && /usr/bin/gmake  -f CMakeFiles/cmTC_418ed.dir/build.make CMakeFiles/cmTC_418ed.dir/build
gmake[1]: Entering directory '/home/pi/Documents/GarboTron/AtlasThingMiddleware_RPI-master/lib/CMakeFiles/CMakeScratch/TryCompile-GP1MqB'
Building CXX object CMakeFiles/cmTC_418ed.dir/src.cxx.o
/usr/bin/c++ -DHAS_CXX_FLAG__Wpointer_arith  -Wpointer-arith -o CMakeFiles/cmTC_418ed.dir/src.cxx.o -c /home/pi/Documents/GarboTron/AtlasThingMiddleware_RPI-master/lib/CMakeFiles/CMakeScratch/TryCompile-GP1MqB/src.cxx
Linking CXX executable cmTC_418ed
/usr/bin/cmake -E cmake_link_script CMakeFiles/cmTC_418ed.dir/link.txt --verbose=1
/usr/bin/c++ -rdynamic CMakeFiles/cmTC_418ed.dir/src.cxx.o -o cmTC_418ed 
gmake[1]: Leaving directory '/home/pi/Documents/GarboTron/AtlasThingMiddleware_RPI-master/lib/CMakeFiles/CMakeScratch/TryCompile-GP1MqB'


Source file was:
int main() { return 0; }

Performing C++ SOURCE FILE Test HAS_CXX_FLAG__Winvalid_pch succeeded with the following output:
Change Dir: /home/pi/Documents/GarboTron/AtlasThingMiddleware_RPI-master/lib/CMakeFiles/CMakeScratch/TryCompile-XsK0KI

Run Build Command(s):/usr/bin/gmake -f Makefile cmTC_5853b/fast && /usr/bin/gmake  -f CMakeFiles/cmTC_5853b.dir/build.make CMakeFiles/cmTC_5853b.dir/build
gmake[1]: Entering directory '/home/pi/Documents/GarboTron/AtlasThingMiddleware_RPI-master/lib/CMakeFiles/CMakeScratch/TryCompile-XsK0KI'
Building CXX object CMakeFiles/cmTC_5853b.dir/src.cxx.o
/usr/bin/c++ -DHAS_CXX_FLAG__Winvalid_pch  -Winvalid-pch -o CMakeFiles/cmTC_5853b.dir/src.cxx.o -c /home/pi/Documents/GarboTron/AtlasThingMiddleware_RPI-master/lib/CMakeFiles/CMakeScratch/TryCompile-XsK0KI/src.cxx
Linking CXX executable cmTC_5853b
/usr/bin/cmake -E cmake_link_script CMakeFiles/cmTC_5853b.dir/link.txt --verbose=1
/usr/bin/c++ -rdynamic CMakeFiles/cmTC_5853b.dir/src.cxx.o -o cmTC_5853b 
gmake[1]: Leaving directory '/home/pi/Documents/GarboTron/AtlasThingMiddleware_RPI-master/lib/CMakeFiles/CMakeScratch/TryCompile-XsK0KI'


Source file was:
int main() { return 0; }

Performing C++ SOURCE FILE Test HAS_CXX_FLAG__Wcast_align succeeded with the following output:
Change Dir: /home/pi/Documents/GarboTron/AtlasThingMiddleware_RPI-master/lib/CMakeFiles/CMakeScratch/TryCompile-AehnEt

Run Build Command(s):/usr/bin/gmake -f Makefile cmTC_adab4/fast && /usr/bin/gmake  -f CMakeFiles/cmTC_adab4.dir/build.make CMakeFiles/cmTC_adab4.dir/build
gmake[1]: Entering directory '/home/pi/Documents/GarboTron/AtlasThingMiddleware_RPI-master/lib/CMakeFiles/CMakeScratch/TryCompile-AehnEt'
Building CXX object CMakeFiles/cmTC_adab4.dir/src.cxx.o
/usr/bin/c++ -DHAS_CXX_FLAG__Wcast_align  -Wcast-align -o CMakeFiles/cmTC_adab4.dir/src.cxx.o -c /home/pi/Documents/GarboTron/AtlasThingMiddleware_RPI-master/lib/CMakeFiles/CMakeScratch/TryCompile-AehnEt/src.cxx
Linking CXX executable cmTC_adab4
/usr/bin/cmake -E cmake_link_script CMakeFiles/cmTC_adab4.dir/link.txt --verbose=1
/usr/bin/c++ -rdynamic CMakeFiles/cmTC_adab4.dir/src.cxx.o -o cmTC_adab4 
gmake[1]: Leaving directory '/home/pi/Documents/GarboTron/AtlasThingMiddleware_RPI-master/lib/CMakeFiles/CMakeScratch/TryCompile-AehnEt'


Source file was:
int main() { return 0; }

Performing C++ SOURCE FILE Test HAS_CXX_FLAG__Wwrite_strings succeeded with the following output:
Change Dir: /home/pi/Documents/GarboTron/AtlasThingMiddleware_RPI-master/lib/CMakeFiles/CMakeScratch/TryCompile-4tUhCu

Run Build Command(s):/usr/bin/gmake -f Makefile cmTC_7eb25/fast && /usr/bin/gmake  -f CMakeFiles/cmTC_7eb25.dir/build.make CMakeFiles/cmTC_7eb25.dir/build
gmake[1]: Entering directory '/home/pi/Documents/GarboTron/AtlasThingMiddleware_RPI-master/lib/CMakeFiles/CMakeScratch/TryCompile-4tUhCu'
Building CXX object CMakeFiles/cmTC_7eb25.dir/src.cxx.o
/usr/bin/c++ -DHAS_CXX_FLAG__Wwrite_strings  -Wwrite-strings -o CMakeFiles/cmTC_7eb25.dir/src.cxx.o -c /home/pi/Documents/GarboTron/AtlasThingMiddleware_RPI-master/lib/CMakeFiles/CMakeScratch/TryCompile-4tUhCu/src.cxx
Linking CXX executable cmTC_7eb25
/usr/bin/cmake -E cmake_link_script CMakeFiles/cmTC_7eb25.dir/link.txt --verbose=1
/usr/bin/c++ -rdynamic CMakeFiles/cmTC_7eb25.dir/src.cxx.o -o cmTC_7eb25 
gmake[1]: Leaving directory '/home/pi/Documents/GarboTron/AtlasThingMiddleware_RPI-master/lib/CMakeFiles/CMakeScratch/TryCompile-4tUhCu'


Source file was:
int main() { return 0; }

Performing C++ SOURCE FILE Test HAS_CXX_FLAG__Woverloaded_virtual succeeded with the following output:
Change Dir: /home/pi/Documents/GarboTron/AtlasThingMiddleware_RPI-master/lib/CMakeFiles/CMakeScratch/TryCompile-NeDomw

Run Build Command(s):/usr/bin/gmake -f Makefile cmTC_541e4/fast && /usr/bin/gmake  -f CMakeFiles/cmTC_541e4.dir/build.make CMakeFiles/cmTC_541e4.dir/build
gmake[1]: Entering directory '/home/pi/Documents/GarboTron/AtlasThingMiddleware_RPI-master/lib/CMakeFiles/CMakeScratch/TryCompile-NeDomw'
Building CXX object CMakeFiles/cmTC_541e4.dir/src.cxx.o
/usr/bin/c++ -DHAS_CXX_FLAG__Woverloaded_virtual  -Woverloaded-virtual -o CMakeFiles/cmTC_541e4.dir/src.cxx.o -c /home/pi/Documents/GarboTron/AtlasThingMiddleware_RPI-master/lib/CMakeFiles/CMakeScratch/TryCompile-NeDomw/src.cxx
Linking CXX executable cmTC_541e4
/usr/bin/cmake -E cmake_link_script CMakeFiles/cmTC_541e4.dir/link.txt --verbose=1
/usr/bin/c++ -rdynamic CMakeFiles/cmTC_541e4.dir/src.cxx.o -o cmTC_541e4 
gmake[1]: Leaving directory '/home/pi/Documents/GarboTron/AtlasThingMiddleware_RPI-master/lib/CMakeFiles/CMakeScratch/TryCompile-NeDomw'


Source file was:
int main() { return 0; }

Performing C++ SOURCE FILE Test HAS_CXX_FLAG__Wnon_virtual_dtor succeeded with the following output:
Change Dir: /home/pi/Documents/GarboTron/AtlasThingMiddleware_RPI-master/lib/CMakeFiles/CMakeScratch/TryCompile-m1x7IQ

Run Build Command(s):/usr/bin/gmake -f Makefile cmTC_aa921/fast && /usr/bin/gmake  -f CMakeFiles/cmTC_aa921.dir/build.make CMakeFiles/cmTC_aa921.dir/build
gmake[1]: Entering directory '/home/pi/Documents/GarboTron/AtlasThingMiddleware_RPI-master/lib/CMakeFiles/CMakeScratch/TryCompile-m1x7IQ'
Building CXX object CMakeFiles/cmTC_aa921.dir/src.cxx.o
/usr/bin/c++ -DHAS_CXX_FLAG__Wnon_virtual_dtor  -Wnon-virtual-dtor -o CMakeFiles/cmTC_aa921.dir/src.cxx.o -c /home/pi/Documents/GarboTron/AtlasThingMiddleware_RPI-master/lib/CMakeFiles/CMakeScratch/TryCompile-m1x7IQ/src.cxx
Linking CXX executable cmTC_aa921
/usr/bin/cmake -E cmake_link_script CMakeFiles/cmTC_aa921.dir/link.txt --verbose=1
/usr/bin/c++ -rdynamic CMakeFiles/cmTC_aa921.dir/src.cxx.o -o cmTC_aa921 
gmake[1]: Leaving directory '/home/pi/Documents/GarboTron/AtlasThingMiddleware_RPI-master/lib/CMakeFiles/CMakeScratch/TryCompile-m1x7IQ'


Source file was:
int main() { return 0; }

Performing C++ SOURCE FILE Test HAS_CXX_FLAG__Wold_style_cast succeeded with the following output:
Change Dir: /home/pi/Documents/GarboTron/AtlasThingMiddleware_RPI-master/lib/CMakeFiles/CMakeScratch/TryCompile-SnZBYh

Run Build Command(s):/usr/bin/gmake -f Makefile cmTC_a1f3d/fast && /usr/bin/gmake  -f CMakeFiles/cmTC_a1f3d.dir/build.make CMakeFiles/cmTC_a1f3d.dir/build
gmake[1]: Entering directory '/home/pi/Documents/GarboTron/AtlasThingMiddleware_RPI-master/lib/CMakeFiles/CMakeScratch/TryCompile-SnZBYh'
Building CXX object CMakeFiles/cmTC_a1f3d.dir/src.cxx.o
/usr/bin/c++ -DHAS_CXX_FLAG__Wold_style_cast  -Wold-style-cast -o CMakeFiles/cmTC_a1f3d.dir/src.cxx.o -c /home/pi/Documents/GarboTron/AtlasThingMiddleware_RPI-master/lib/CMakeFiles/CMakeScratch/TryCompile-SnZBYh/src.cxx
Linking CXX executable cmTC_a1f3d
/usr/bin/cmake -E cmake_link_script CMakeFiles/cmTC_a1f3d.dir/link.txt --verbose=1
/usr/bin/c++ -rdynamic CMakeFiles/cmTC_a1f3d.dir/src.cxx.o -o cmTC_a1f3d 
gmake[1]: Leaving directory '/home/pi/Documents/GarboTron/AtlasThingMiddleware_RPI-master/lib/CMakeFiles/CMakeScratch/TryCompile-SnZBYh'


Source file was:
int main() { return 0; }

Performing C++ SOURCE FILE Test HAS_CXX_FLAG__Wstrict_null_sentinel succeeded with the following output:
Change Dir: /home/pi/Documents/GarboTron/AtlasThingMiddleware_RPI-master/lib/CMakeFiles/CMakeScratch/TryCompile-nOqwlT

Run Build Command(s):/usr/bin/gmake -f Makefile cmTC_c3372/fast && /usr/bin/gmake  -f CMakeFiles/cmTC_c3372.dir/build.make CMakeFiles/cmTC_c3372.dir/build
gmake[1]: Entering directory '/home/pi/Documents/GarboTron/AtlasThingMiddleware_RPI-master/lib/CMakeFiles/CMakeScratch/TryCompile-nOqwlT'
Building CXX object CMakeFiles/cmTC_c3372.dir/src.cxx.o
/usr/bin/c++ -DHAS_CXX_FLAG__Wstrict_null_sentinel  -Wstrict-null-sentinel -o CMakeFiles/cmTC_c3372.dir/src.cxx.o -c /home/pi/Documents/GarboTron/AtlasThingMiddleware_RPI-master/lib/CMakeFiles/CMakeScratch/TryCompile-nOqwlT/src.cxx
Linking CXX executable cmTC_c3372
/usr/bin/cmake -E cmake_link_script CMakeFiles/cmTC_c3372.dir/link.txt --verbose=1
/usr/bin/c++ -rdynamic CMakeFiles/cmTC_c3372.dir/src.cxx.o -o cmTC_c3372 
gmake[1]: Leaving directory '/home/pi/Documents/GarboTron/AtlasThingMiddleware_RPI-master/lib/CMakeFiles/CMakeScratch/TryCompile-nOqwlT'


Source file was:
int main() { return 0; }

Performing C++ SOURCE FILE Test HAS_CXX_FLAG__Wsign_promo succeeded with the following output:
Change Dir: /home/pi/Documents/GarboTron/AtlasThingMiddleware_RPI-master/lib/CMakeFiles/CMakeScratch/TryCompile-zimbrZ

Run Build Command(s):/usr/bin/gmake -f Makefile cmTC_3296c/fast && /usr/bin/gmake  -f CMakeFiles/cmTC_3296c.dir/build.make CMakeFiles/cmTC_3296c.dir/build
gmake[1]: Entering directory '/home/pi/Documents/GarboTron/AtlasThingMiddleware_RPI-master/lib/CMakeFiles/CMakeScratch/TryCompile-zimbrZ'
Building CXX object CMakeFiles/cmTC_3296c.dir/src.cxx.o
/usr/bin/c++ -DHAS_CXX_FLAG__Wsign_promo  -Wsign-promo -o CMakeFiles/cmTC_3296c.dir/src.cxx.o -c /home/pi/Documents/GarboTron/AtlasThingMiddleware_RPI-master/lib/CMakeFiles/CMakeScratch/TryCompile-zimbrZ/src.cxx
Linking CXX executable cmTC_3296c
/usr/bin/cmake -E cmake_link_script CMakeFiles/cmTC_3296c.dir/link.txt --verbose=1
/usr/bin/c++ -rdynamic CMakeFiles/cmTC_3296c.dir/src.cxx.o -o cmTC_3296c 
gmake[1]: Leaving directory '/home/pi/Documents/GarboTron/AtlasThingMiddleware_RPI-master/lib/CMakeFiles/CMakeScratch/TryCompile-zimbrZ'


Source file was:
int main() { return 0; }

Performing C++ SOURCE FILE Test HAS_CXX_FLAG__fdiagnostics_show_option succeeded with the following output:
Change Dir: /home/pi/Documents/GarboTron/AtlasThingMiddleware_RPI-master/lib/CMakeFiles/CMakeScratch/TryCompile-gTWJHr

Run Build Command(s):/usr/bin/gmake -f Makefile cmTC_66727/fast && /usr/bin/gmake  -f CMakeFiles/cmTC_66727.dir/build.make CMakeFiles/cmTC_66727.dir/build
gmake[1]: Entering directory '/home/pi/Documents/GarboTron/AtlasThingMiddleware_RPI-master/lib/CMakeFiles/CMakeScratch/TryCompile-gTWJHr'
Building CXX object CMakeFiles/cmTC_66727.dir/src.cxx.o
/usr/bin/c++ -DHAS_CXX_FLAG__fdiagnostics_show_option  -fdiagnostics-show-option -o CMakeFiles/cmTC_66727.dir/src.cxx.o -c /home/pi/Documents/GarboTron/AtlasThingMiddleware_RPI-master/lib/CMakeFiles/CMakeScratch/TryCompile-gTWJHr/src.cxx
Linking CXX executable cmTC_66727
/usr/bin/cmake -E cmake_link_script CMakeFiles/cmTC_66727.dir/link.txt --verbose=1
/usr/bin/c++ -rdynamic CMakeFiles/cmTC_66727.dir/src.cxx.o -o cmTC_66727 
gmake[1]: Leaving directory '/home/pi/Documents/GarboTron/AtlasThingMiddleware_RPI-master/lib/CMakeFiles/CMakeScratch/TryCompile-gTWJHr'


Source file was:
int main() { return 0; }

Performing C++ SOURCE FILE Test HAS_CXX_FLAG__fvisibility_hidden_fvisibility_inlines_hidden succeeded with the following output:
Change Dir: /home/pi/Documents/GarboTron/AtlasThingMiddleware_RPI-master/lib/CMakeFiles/CMakeScratch/TryCompile-db45Mv

Run Build Command(s):/usr/bin/gmake -f Makefile cmTC_d8005/fast && /usr/bin/gmake  -f CMakeFiles/cmTC_d8005.dir/build.make CMakeFiles/cmTC_d8005.dir/build
gmake[1]: Entering directory '/home/pi/Documents/GarboTron/AtlasThingMiddleware_RPI-master/lib/CMakeFiles/CMakeScratch/TryCompile-db45Mv'
Building CXX object CMakeFiles/cmTC_d8005.dir/src.cxx.o
/usr/bin/c++ -DHAS_CXX_FLAG__fvisibility_hidden_fvisibility_inlines_hidden  -fvisibility=hidden -fvisibility-inlines-hidden -o CMakeFiles/cmTC_d8005.dir/src.cxx.o -c /home/pi/Documents/GarboTron/AtlasThingMiddleware_RPI-master/lib/CMakeFiles/CMakeScratch/TryCompile-db45Mv/src.cxx
Linking CXX executable cmTC_d8005
/usr/bin/cmake -E cmake_link_script CMakeFiles/cmTC_d8005.dir/link.txt --verbose=1
/usr/bin/c++ -rdynamic CMakeFiles/cmTC_d8005.dir/src.cxx.o -o cmTC_d8005 
gmake[1]: Leaving directory '/home/pi/Documents/GarboTron/AtlasThingMiddleware_RPI-master/lib/CMakeFiles/CMakeScratch/TryCompile-db45Mv'


Source file was:
int main() { return 0; }

Performing C++ SOURCE FILE Test HAS_CXX_FLAG__O1_D_FORTIFY_SOURCE_2 succeeded with the following output:
Change Dir: /home/pi/Documents/GarboTron/AtlasThingMiddleware_RPI-master/lib/CMakeFiles/CMakeScratch/TryCompile-DA2prx

Run Build Command(s):/usr/bin/gmake -f Makefile cmTC_55a87/fast && /usr/bin/gmake  -f CMakeFiles/cmTC_55a87.dir/build.make CMakeFiles/cmTC_55a87.dir/build
gmake[1]: Entering directory '/home/pi/Documents/GarboTron/AtlasThingMiddleware_RPI-master/lib/CMakeFiles/CMakeScratch/TryCompile-DA2prx'
Building CXX object CMakeFiles/cmTC_55a87.dir/src.cxx.o
/usr/bin/c++ -DHAS_CXX_FLAG__O1_D_FORTIFY_SOURCE_2  -O1 -D_FORTIFY_SOURCE=2 -o CMakeFiles/cmTC_55a87.dir/src.cxx.o -c /home/pi/Documents/GarboTron/AtlasThingMiddleware_RPI-master/lib/CMakeFiles/CMakeScratch/TryCompile-DA2prx/src.cxx
Linking CXX executable cmTC_55a87
/usr/bin/cmake -E cmake_link_script CMakeFiles/cmTC_55a87.dir/link.txt --verbose=1
/usr/bin/c++ -rdynamic CMakeFiles/cmTC_55a87.dir/src.cxx.o -o cmTC_55a87 
gmake[1]: Leaving directory '/home/pi/Documents/GarboTron/AtlasThingMiddleware_RPI-master/lib/CMakeFiles/CMakeScratch/TryCompile-DA2prx'


Source file was:
int main() { return 0; }

Performing C++ SOURCE FILE Test HAS_CXX_FLAG__O1_fsanitize_thread succeeded with the following output:
Change Dir: /home/pi/Documents/GarboTron/AtlasThingMiddleware_RPI-master/lib/CMakeFiles/CMakeScratch/TryCompile-wbTogg

Run Build Command(s):/usr/bin/gmake -f Makefile cmTC_d3c95/fast && /usr/bin/gmake  -f CMakeFiles/cmTC_d3c95.dir/build.make CMakeFiles/cmTC_d3c95.dir/build
gmake[1]: Entering directory '/home/pi/Documents/GarboTron/AtlasThingMiddleware_RPI-master/lib/CMakeFiles/CMakeScratch/TryCompile-wbTogg'
Building CXX object CMakeFiles/cmTC_d3c95.dir/src.cxx.o
/usr/bin/c++ -DHAS_CXX_FLAG__O1_fsanitize_thread  -O1 -fsanitize=thread -o CMakeFiles/cmTC_d3c95.dir/src.cxx.o -c /home/pi/Documents/GarboTron/AtlasThingMiddleware_RPI-master/lib/CMakeFiles/CMakeScratch/TryCompile-wbTogg/src.cxx
Linking CXX executable cmTC_d3c95
/usr/bin/cmake -E cmake_link_script CMakeFiles/cmTC_d3c95.dir/link.txt --verbose=1
/usr/bin/c++ -rdynamic CMakeFiles/cmTC_d3c95.dir/src.cxx.o -o cmTC_d3c95  -fsanitize=thread 
gmake[1]: Leaving directory '/home/pi/Documents/GarboTron/AtlasThingMiddleware_RPI-master/lib/CMakeFiles/CMakeScratch/TryCompile-wbTogg'


Source file was:
int main() { return 0; }

Performing C++ SOURCE FILE Test HAS_CXX_FLAG__fprofile_arcs_ftest_coverage succeeded with the following output:
Change Dir: /home/pi/Documents/GarboTron/AtlasThingMiddleware_RPI-master/lib/CMakeFiles/CMakeScratch/TryCompile-KdPp9J

Run Build Command(s):/usr/bin/gmake -f Makefile cmTC_0dfdb/fast && /usr/bin/gmake  -f CMakeFiles/cmTC_0dfdb.dir/build.make CMakeFiles/cmTC_0dfdb.dir/build
gmake[1]: Entering directory '/home/pi/Documents/GarboTron/AtlasThingMiddleware_RPI-master/lib/CMakeFiles/CMakeScratch/TryCompile-KdPp9J'
Building CXX object CMakeFiles/cmTC_0dfdb.dir/src.cxx.o
/usr/bin/c++ -DHAS_CXX_FLAG__fprofile_arcs_ftest_coverage  -fprofile-arcs -ftest-coverage -o CMakeFiles/cmTC_0dfdb.dir/src.cxx.o -c /home/pi/Documents/GarboTron/AtlasThingMiddleware_RPI-master/lib/CMakeFiles/CMakeScratch/TryCompile-KdPp9J/src.cxx
Linking CXX executable cmTC_0dfdb
/usr/bin/cmake -E cmake_link_script CMakeFiles/cmTC_0dfdb.dir/link.txt --verbose=1
/usr/bin/c++ -rdynamic CMakeFiles/cmTC_0dfdb.dir/src.cxx.o -o cmTC_0dfdb  -fprofile-arcs -ftest-coverage 
gmake[1]: Leaving directory '/home/pi/Documents/GarboTron/AtlasThingMiddleware_RPI-master/lib/CMakeFiles/CMakeScratch/TryCompile-KdPp9J'


Source file was:
int main() { return 0; }

Performing C SOURCE FILE Test CMAKE_HAVE_LIBC_PTHREAD succeeded with the following output:
Change Dir: /home/pi/Documents/GarboTron/AtlasThingMiddleware_RPI-master/lib/CMakeFiles/CMakeScratch/TryCompile-kw8k3f

Run Build Command(s):/usr/bin/gmake -f Makefile cmTC_6064a/fast && /usr/bin/gmake  -f CMakeFiles/cmTC_6064a.dir/build.make CMakeFiles/cmTC_6064a.dir/build
gmake[1]: Entering directory '/home/pi/Documents/GarboTron/AtlasThingMiddleware_RPI-master/lib/CMakeFiles/CMakeScratch/TryCompile-kw8k3f'
Building C object CMakeFiles/cmTC_6064a.dir/src.c.o
/usr/bin/cc -DCMAKE_HAVE_LIBC_PTHREAD   -o CMakeFiles/cmTC_6064a.dir/src.c.o -c /home/pi/Documents/GarboTron/AtlasThingMiddleware_RPI-master/lib/CMakeFiles/CMakeScratch/TryCompile-kw8k3f/src.c
Linking C executable cmTC_6064a
/usr/bin/cmake -E cmake_link_script CMakeFiles/cmTC_6064a.dir/link.txt --verbose=1
/usr/bin/cc -rdynamic CMakeFiles/cmTC_6064a.dir/src.c.o -o cmTC_6064a 
gmake[1]: Leaving directory '/home/pi/Documents/GarboTron/AtlasThingMiddleware_RPI-master/lib/CMakeFiles/CMakeScratch/TryCompile-kw8k3f'


Source file was:
#include <pthread.h>

static void* test_func(void* data)
{
  return data;
}

int main(void)
{
  pthread_t thread;
  pthread_create(&thread, NULL, test_func, NULL);
  pthread_detach(thread);
  pthread_cancel(thread);
  pthread_join(thread, NULL);
  pthread_atfork(NULL, NULL, NULL);
  pthread_exit(NULL);

  return 0;
}


Performing C++ SOURCE FILE Test HAS_CXX_FLAG__Wl__no_undefined succeeded with the following output:
Change Dir: /home/pi/Documents/GarboTron/AtlasThingMiddleware_RPI-master/lib/CMakeFiles/CMakeScratch/TryCompile-cFhUB3

Run Build Command(s):/usr/bin/gmake -f Makefile cmTC_acd72/fast && /usr/bin/gmake  -f CMakeFiles/cmTC_acd72.dir/build.make CMakeFiles/cmTC_acd72.dir/build
gmake[1]: Entering directory '/home/pi/Documents/GarboTron/AtlasThingMiddleware_RPI-master/lib/CMakeFiles/CMakeScratch/TryCompile-cFhUB3'
Building CXX object CMakeFiles/cmTC_acd72.dir/src.cxx.o
/usr/bin/c++ -DHAS_CXX_FLAG__Wl__no_undefined  -Wl,--no-undefined -o CMakeFiles/cmTC_acd72.dir/src.cxx.o -c /home/pi/Documents/GarboTron/AtlasThingMiddleware_RPI-master/lib/CMakeFiles/CMakeScratch/TryCompile-cFhUB3/src.cxx
Linking CXX executable cmTC_acd72
/usr/bin/cmake -E cmake_link_script CMakeFiles/cmTC_acd72.dir/link.txt --verbose=1
/usr/bin/c++ -rdynamic CMakeFiles/cmTC_acd72.dir/src.cxx.o -o cmTC_acd72 
gmake[1]: Leaving directory '/home/pi/Documents/GarboTron/AtlasThingMiddleware_RPI-master/lib/CMakeFiles/CMakeScratch/TryCompile-cFhUB3'


Source file was:
int main() { return 0; }

Determining if the include file cxxabi.h exists passed with the following output:
Change Dir: /home/pi/Documents/GarboTron/AtlasThingMiddleware_RPI-master/lib/CMakeFiles/CMakeScratch/TryCompile-gfBb5s

Run Build Command(s):/usr/bin/gmake -f Makefile cmTC_4e310/fast && /usr/bin/gmake  -f CMakeFiles/cmTC_4e310.dir/build.make CMakeFiles/cmTC_4e310.dir/build
gmake[1]: Entering directory '/home/pi/Documents/GarboTron/AtlasThingMiddleware_RPI-master/lib/CMakeFiles/CMakeScratch/TryCompile-gfBb5s'
Building CXX object CMakeFiles/cmTC_4e310.dir/CheckIncludeFile.cxx.o
/usr/bin/c++   -fstack-protector-all -Werror -Wall -Wextra -Wpointer-arith -Winvalid-pch -Wcast-align -Wwrite-strings -Woverloaded-virtual -Wnon-virtual-dtor -Wold-style-cast -Wstrict-null-sentinel -Wsign-promo -fdiagnostics-show-option  -fvisibility=hidden -fvisibility-inlines-hidden  -o CMakeFiles/cmTC_4e310.dir/CheckIncludeFile.cxx.o -c /home/pi/Documents/GarboTron/AtlasThingMiddleware_RPI-master/lib/CMakeFiles/CMakeScratch/TryCompile-gfBb5s/CheckIncludeFile.cxx
Linking CXX executable cmTC_4e310
/usr/bin/cmake -E cmake_link_script CMakeFiles/cmTC_4e310.dir/link.txt --verbose=1
/usr/bin/c++   -fstack-protector-all -Werror -Wall -Wextra -Wpointer-arith -Winvalid-pch -Wcast-align -Wwrite-strings -Woverloaded-virtual -Wnon-virtual-dtor -Wold-style-cast -Wstrict-null-sentinel -Wsign-promo -fdiagnostics-show-option  -fvisibility=hidden -fvisibility-inlines-hidden  -rdynamic CMakeFiles/cmTC_4e310.dir/CheckIncludeFile.cxx.o -o cmTC_4e310 
gmake[1]: Leaving directory '/home/pi/Documents/GarboTron/AtlasThingMiddleware_RPI-master/lib/CMakeFiles/CMakeScratch/TryCompile-gfBb5s'



Performing C++ SOURCE FILE Test HAS_CXX_FLAG__Wno_switch succeeded with the following output:
Change Dir: /home/pi/Documents/GarboTron/AtlasThingMiddleware_RPI-master/lib/CMakeFiles/CMakeScratch/TryCompile-XuUxjm

Run Build Command(s):/usr/bin/gmake -f Makefile cmTC_c6ff7/fast && /usr/bin/gmake  -f CMakeFiles/cmTC_c6ff7.dir/build.make CMakeFiles/cmTC_c6ff7.dir/build
gmake[1]: Entering directory '/home/pi/Documents/GarboTron/AtlasThingMiddleware_RPI-master/lib/CMakeFiles/CMakeScratch/TryCompile-XuUxjm'
Building CXX object CMakeFiles/cmTC_c6ff7.dir/src.cxx.o
/usr/bin/c++ -DHAS_CXX_FLAG__Wno_switch  -Wno-switch -o CMakeFiles/cmTC_c6ff7.dir/src.cxx.o -c /home/pi/Documents/GarboTron/AtlasThingMiddleware_RPI-master/lib/CMakeFiles/CMakeScratch/TryCompile-XuUxjm/src.cxx
Linking CXX executable cmTC_c6ff7
/usr/bin/cmake -E cmake_link_script CMakeFiles/cmTC_c6ff7.dir/link.txt --verbose=1
/usr/bin/c++ -rdynamic CMakeFiles/cmTC_c6ff7.dir/src.cxx.o -o cmTC_c6ff7 
gmake[1]: Leaving directory '/home/pi/Documents/GarboTron/AtlasThingMiddleware_RPI-master/lib/CMakeFiles/CMakeScratch/TryCompile-XuUxjm'


Source file was:
int main() { return 0; }

