The system is: Linux - 6.1.0-rpi7-rpi-v8 - aarch64
Compiling the C compiler identification source file "CMakeCCompilerId.c" succeeded.
Compiler: /usr/bin/cc 
Build flags: 
Id flags:  

The output was:
0


Compilation of the C compiler identification source "CMakeCCompilerId.c" produced "a.out"

The C compiler identification is GNU, found in "/home/patrickpi/Documents/GarboTron/AtlasMiddleware/AtlasThingMiddleware_RPI-master/lib/CMakeFiles/3.25.1/CompilerIdC/a.out"

Compiling the CXX compiler identification source file "CMakeCXXCompilerId.cpp" succeeded.
Compiler: /usr/bin/c++ 
Build flags: 
Id flags:  

The output was:
0


Compilation of the CXX compiler identification source "CMakeCXXCompilerId.cpp" produced "a.out"

The CXX compiler identification is GNU, found in "/home/patrickpi/Documents/GarboTron/AtlasMiddleware/AtlasThingMiddleware_RPI-master/lib/CMakeFiles/3.25.1/CompilerIdCXX/a.out"

Detecting C compiler ABI info compiled with the following output:
Change Dir: /home/patrickpi/Documents/GarboTron/AtlasMiddleware/AtlasThingMiddleware_RPI-master/lib/CMakeFiles/CMakeScratch/TryCompile-cMdrb4

Run Build Command(s):/usr/bin/gmake -f Makefile cmTC_3ccf4/fast && /usr/bin/gmake  -f CMakeFiles/cmTC_3ccf4.dir/build.make CMakeFiles/cmTC_3ccf4.dir/build
gmake[1]: Entering directory '/home/patrickpi/Documents/GarboTron/AtlasMiddleware/AtlasThingMiddleware_RPI-master/lib/CMakeFiles/CMakeScratch/TryCompile-cMdrb4'
Building C object CMakeFiles/cmTC_3ccf4.dir/CMakeCCompilerABI.c.o
/usr/bin/cc   -v -o CMakeFiles/cmTC_3ccf4.dir/CMakeCCompilerABI.c.o -c /usr/share/cmake-3.25/Modules/CMakeCCompilerABI.c
Using built-in specs.
COLLECT_GCC=/usr/bin/cc
Target: aarch64-linux-gnu
Configured with: ../src/configure -v --with-pkgversion='Debian 12.2.0-14' --with-bugurl=file:///usr/share/doc/gcc-12/README.Bugs --enable-languages=c,ada,c++,go,d,fortran,objc,obj-c++,m2 --prefix=/usr --with-gcc-major-version-only --program-suffix=-12 --program-prefix=aarch64-linux-gnu- --enable-shared --enable-linker-build-id --libexecdir=/usr/lib --without-included-gettext --enable-threads=posix --libdir=/usr/lib --enable-nls --enable-clocale=gnu --enable-libstdcxx-debug --enable-libstdcxx-time=yes --with-default-libstdcxx-abi=new --enable-gnu-unique-object --disable-libquadmath --disable-libquadmath-support --enable-plugin --enable-default-pie --with-system-zlib --enable-libphobos-checking=release --with-target-system-zlib=auto --enable-objc-gc=auto --enable-multiarch --enable-fix-cortex-a53-843419 --disable-werror --enable-checking=release --build=aarch64-linux-gnu --host=aarch64-linux-gnu --target=aarch64-linux-gnu
Thread model: posix
Supported LTO compression algorithms: zlib zstd
gcc version 12.2.0 (Debian 12.2.0-14) 
COLLECT_GCC_OPTIONS='-v' '-o' 'CMakeFiles/cmTC_3ccf4.dir/CMakeCCompilerABI.c.o' '-c' '-mlittle-endian' '-mabi=lp64' '-dumpdir' 'CMakeFiles/cmTC_3ccf4.dir/'
 /usr/lib/gcc/aarch64-linux-gnu/12/cc1 -quiet -v -imultiarch aarch64-linux-gnu /usr/share/cmake-3.25/Modules/CMakeCCompilerABI.c -quiet -dumpdir CMakeFiles/cmTC_3ccf4.dir/ -dumpbase CMakeCCompilerABI.c.c -dumpbase-ext .c -mlittle-endian -mabi=lp64 -version -fasynchronous-unwind-tables -o /tmp/cctRh9QC.s
GNU C17 (Debian 12.2.0-14) version 12.2.0 (aarch64-linux-gnu)
	compiled by GNU C version 12.2.0, GMP version 6.2.1, MPFR version 4.1.1-p1, MPC version 1.3.1, isl version isl-0.25-GMP

warning: MPFR header version 4.1.1-p1 differs from library version 4.2.0.
GGC heuristics: --param ggc-min-expand=100 --param ggc-min-heapsize=131072
ignoring nonexistent directory "/usr/local/include/aarch64-linux-gnu"
ignoring nonexistent directory "/usr/lib/gcc/aarch64-linux-gnu/12/include-fixed"
ignoring nonexistent directory "/usr/lib/gcc/aarch64-linux-gnu/12/../../../../aarch64-linux-gnu/include"
#include "..." search starts here:
#include <...> search starts here:
 /usr/lib/gcc/aarch64-linux-gnu/12/include
 /usr/local/include
 /usr/include/aarch64-linux-gnu
 /usr/include
End of search list.
GNU C17 (Debian 12.2.0-14) version 12.2.0 (aarch64-linux-gnu)
	compiled by GNU C version 12.2.0, GMP version 6.2.1, MPFR version 4.1.1-p1, MPC version 1.3.1, isl version isl-0.25-GMP

warning: MPFR header version 4.1.1-p1 differs from library version 4.2.0.
GGC heuristics: --param ggc-min-expand=100 --param ggc-min-heapsize=131072
Compiler executable checksum: f1bacec099212325d0da3c77e1f38897
COLLECT_GCC_OPTIONS='-v' '-o' 'CMakeFiles/cmTC_3ccf4.dir/CMakeCCompilerABI.c.o' '-c' '-mlittle-endian' '-mabi=lp64' '-dumpdir' 'CMakeFiles/cmTC_3ccf4.dir/'
 as -v -EL -mabi=lp64 -o CMakeFiles/cmTC_3ccf4.dir/CMakeCCompilerABI.c.o /tmp/cctRh9QC.s
GNU assembler version 2.40 (aarch64-linux-gnu) using BFD version (GNU Binutils for Debian) 2.40
COMPILER_PATH=/usr/lib/gcc/aarch64-linux-gnu/12/:/usr/lib/gcc/aarch64-linux-gnu/12/:/usr/lib/gcc/aarch64-linux-gnu/:/usr/lib/gcc/aarch64-linux-gnu/12/:/usr/lib/gcc/aarch64-linux-gnu/
LIBRARY_PATH=/usr/lib/gcc/aarch64-linux-gnu/12/:/usr/lib/gcc/aarch64-linux-gnu/12/../../../aarch64-linux-gnu/:/usr/lib/gcc/aarch64-linux-gnu/12/../../../../lib/:/lib/aarch64-linux-gnu/:/lib/../lib/:/usr/lib/aarch64-linux-gnu/:/usr/lib/../lib/:/usr/lib/gcc/aarch64-linux-gnu/12/../../../:/lib/:/usr/lib/
COLLECT_GCC_OPTIONS='-v' '-o' 'CMakeFiles/cmTC_3ccf4.dir/CMakeCCompilerABI.c.o' '-c' '-mlittle-endian' '-mabi=lp64' '-dumpdir' 'CMakeFiles/cmTC_3ccf4.dir/CMakeCCompilerABI.c.'
Linking C executable cmTC_3ccf4
/usr/bin/cmake -E cmake_link_script CMakeFiles/cmTC_3ccf4.dir/link.txt --verbose=1
/usr/bin/cc  -v -rdynamic CMakeFiles/cmTC_3ccf4.dir/CMakeCCompilerABI.c.o -o cmTC_3ccf4 
Using built-in specs.
COLLECT_GCC=/usr/bin/cc
COLLECT_LTO_WRAPPER=/usr/lib/gcc/aarch64-linux-gnu/12/lto-wrapper
Target: aarch64-linux-gnu
Configured with: ../src/configure -v --with-pkgversion='Debian 12.2.0-14' --with-bugurl=file:///usr/share/doc/gcc-12/README.Bugs --enable-languages=c,ada,c++,go,d,fortran,objc,obj-c++,m2 --prefix=/usr --with-gcc-major-version-only --program-suffix=-12 --program-prefix=aarch64-linux-gnu- --enable-shared --enable-linker-build-id --libexecdir=/usr/lib --without-included-gettext --enable-threads=posix --libdir=/usr/lib --enable-nls --enable-clocale=gnu --enable-libstdcxx-debug --enable-libstdcxx-time=yes --with-default-libstdcxx-abi=new --enable-gnu-unique-object --disable-libquadmath --disable-libquadmath-support --enable-plugin --enable-default-pie --with-system-zlib --enable-libphobos-checking=release --with-target-system-zlib=auto --enable-objc-gc=auto --enable-multiarch --enable-fix-cortex-a53-843419 --disable-werror --enable-checking=release --build=aarch64-linux-gnu --host=aarch64-linux-gnu --target=aarch64-linux-gnu
Thread model: posix
Supported LTO compression algorithms: zlib zstd
gcc version 12.2.0 (Debian 12.2.0-14) 
COMPILER_PATH=/usr/lib/gcc/aarch64-linux-gnu/12/:/usr/lib/gcc/aarch64-linux-gnu/12/:/usr/lib/gcc/aarch64-linux-gnu/:/usr/lib/gcc/aarch64-linux-gnu/12/:/usr/lib/gcc/aarch64-linux-gnu/
LIBRARY_PATH=/usr/lib/gcc/aarch64-linux-gnu/12/:/usr/lib/gcc/aarch64-linux-gnu/12/../../../aarch64-linux-gnu/:/usr/lib/gcc/aarch64-linux-gnu/12/../../../../lib/:/lib/aarch64-linux-gnu/:/lib/../lib/:/usr/lib/aarch64-linux-gnu/:/usr/lib/../lib/:/usr/lib/gcc/aarch64-linux-gnu/12/../../../:/lib/:/usr/lib/
COLLECT_GCC_OPTIONS='-v' '-rdynamic' '-o' 'cmTC_3ccf4' '-mlittle-endian' '-mabi=lp64' '-dumpdir' 'cmTC_3ccf4.'
 /usr/lib/gcc/aarch64-linux-gnu/12/collect2 -plugin /usr/lib/gcc/aarch64-linux-gnu/12/liblto_plugin.so -plugin-opt=/usr/lib/gcc/aarch64-linux-gnu/12/lto-wrapper -plugin-opt=-fresolution=/tmp/cczEKyuS.res -plugin-opt=-pass-through=-lgcc -plugin-opt=-pass-through=-lgcc_s -plugin-opt=-pass-through=-lc -plugin-opt=-pass-through=-lgcc -plugin-opt=-pass-through=-lgcc_s --build-id --eh-frame-hdr --hash-style=gnu --as-needed -export-dynamic -dynamic-linker /lib/ld-linux-aarch64.so.1 -X -EL -maarch64linux --fix-cortex-a53-843419 -pie -o cmTC_3ccf4 /usr/lib/gcc/aarch64-linux-gnu/12/../../../aarch64-linux-gnu/Scrt1.o /usr/lib/gcc/aarch64-linux-gnu/12/../../../aarch64-linux-gnu/crti.o /usr/lib/gcc/aarch64-linux-gnu/12/crtbeginS.o -L/usr/lib/gcc/aarch64-linux-gnu/12 -L/usr/lib/gcc/aarch64-linux-gnu/12/../../../aarch64-linux-gnu -L/usr/lib/gcc/aarch64-linux-gnu/12/../../../../lib -L/lib/aarch64-linux-gnu -L/lib/../lib -L/usr/lib/aarch64-linux-gnu -L/usr/lib/../lib -L/usr/lib/gcc/aarch64-linux-gnu/12/../../.. CMakeFiles/cmTC_3ccf4.dir/CMakeCCompilerABI.c.o -lgcc --push-state --as-needed -lgcc_s --pop-state -lc -lgcc --push-state --as-needed -lgcc_s --pop-state /usr/lib/gcc/aarch64-linux-gnu/12/crtendS.o /usr/lib/gcc/aarch64-linux-gnu/12/../../../aarch64-linux-gnu/crtn.o
COLLECT_GCC_OPTIONS='-v' '-rdynamic' '-o' 'cmTC_3ccf4' '-mlittle-endian' '-mabi=lp64' '-dumpdir' 'cmTC_3ccf4.'
gmake[1]: Leaving directory '/home/patrickpi/Documents/GarboTron/AtlasMiddleware/AtlasThingMiddleware_RPI-master/lib/CMakeFiles/CMakeScratch/TryCompile-cMdrb4'



Parsed C implicit include dir info from above output: rv=done
  found start of include info
  found start of implicit include info
    add: [/usr/lib/gcc/aarch64-linux-gnu/12/include]
    add: [/usr/local/include]
    add: [/usr/include/aarch64-linux-gnu]
    add: [/usr/include]
  end of search list found
  collapse include dir [/usr/lib/gcc/aarch64-linux-gnu/12/include] ==> [/usr/lib/gcc/aarch64-linux-gnu/12/include]
  collapse include dir [/usr/local/include] ==> [/usr/local/include]
  collapse include dir [/usr/include/aarch64-linux-gnu] ==> [/usr/include/aarch64-linux-gnu]
  collapse include dir [/usr/include] ==> [/usr/include]
  implicit include dirs: [/usr/lib/gcc/aarch64-linux-gnu/12/include;/usr/local/include;/usr/include/aarch64-linux-gnu;/usr/include]


Parsed C implicit link information from above output:
  link line regex: [^( *|.*[/\])(ld|CMAKE_LINK_STARTFILE-NOTFOUND|([^/\]+-)?ld|collect2)[^/\]*( |$)]
  ignore line: [Change Dir: /home/patrickpi/Documents/GarboTron/AtlasMiddleware/AtlasThingMiddleware_RPI-master/lib/CMakeFiles/CMakeScratch/TryCompile-cMdrb4]
  ignore line: []
  ignore line: [Run Build Command(s):/usr/bin/gmake -f Makefile cmTC_3ccf4/fast && /usr/bin/gmake  -f CMakeFiles/cmTC_3ccf4.dir/build.make CMakeFiles/cmTC_3ccf4.dir/build]
  ignore line: [gmake[1]: Entering directory '/home/patrickpi/Documents/GarboTron/AtlasMiddleware/AtlasThingMiddleware_RPI-master/lib/CMakeFiles/CMakeScratch/TryCompile-cMdrb4']
  ignore line: [Building C object CMakeFiles/cmTC_3ccf4.dir/CMakeCCompilerABI.c.o]
  ignore line: [/usr/bin/cc   -v -o CMakeFiles/cmTC_3ccf4.dir/CMakeCCompilerABI.c.o -c /usr/share/cmake-3.25/Modules/CMakeCCompilerABI.c]
  ignore line: [Using built-in specs.]
  ignore line: [COLLECT_GCC=/usr/bin/cc]
  ignore line: [Target: aarch64-linux-gnu]
  ignore line: [Configured with: ../src/configure -v --with-pkgversion='Debian 12.2.0-14' --with-bugurl=file:///usr/share/doc/gcc-12/README.Bugs --enable-languages=c ada c++ go d fortran objc obj-c++ m2 --prefix=/usr --with-gcc-major-version-only --program-suffix=-12 --program-prefix=aarch64-linux-gnu- --enable-shared --enable-linker-build-id --libexecdir=/usr/lib --without-included-gettext --enable-threads=posix --libdir=/usr/lib --enable-nls --enable-clocale=gnu --enable-libstdcxx-debug --enable-libstdcxx-time=yes --with-default-libstdcxx-abi=new --enable-gnu-unique-object --disable-libquadmath --disable-libquadmath-support --enable-plugin --enable-default-pie --with-system-zlib --enable-libphobos-checking=release --with-target-system-zlib=auto --enable-objc-gc=auto --enable-multiarch --enable-fix-cortex-a53-843419 --disable-werror --enable-checking=release --build=aarch64-linux-gnu --host=aarch64-linux-gnu --target=aarch64-linux-gnu]
  ignore line: [Thread model: posix]
  ignore line: [Supported LTO compression algorithms: zlib zstd]
  ignore line: [gcc version 12.2.0 (Debian 12.2.0-14) ]
  ignore line: [COLLECT_GCC_OPTIONS='-v' '-o' 'CMakeFiles/cmTC_3ccf4.dir/CMakeCCompilerABI.c.o' '-c' '-mlittle-endian' '-mabi=lp64' '-dumpdir' 'CMakeFiles/cmTC_3ccf4.dir/']
  ignore line: [ /usr/lib/gcc/aarch64-linux-gnu/12/cc1 -quiet -v -imultiarch aarch64-linux-gnu /usr/share/cmake-3.25/Modules/CMakeCCompilerABI.c -quiet -dumpdir CMakeFiles/cmTC_3ccf4.dir/ -dumpbase CMakeCCompilerABI.c.c -dumpbase-ext .c -mlittle-endian -mabi=lp64 -version -fasynchronous-unwind-tables -o /tmp/cctRh9QC.s]
  ignore line: [GNU C17 (Debian 12.2.0-14) version 12.2.0 (aarch64-linux-gnu)]
  ignore line: [	compiled by GNU C version 12.2.0  GMP version 6.2.1  MPFR version 4.1.1-p1  MPC version 1.3.1  isl version isl-0.25-GMP]
  ignore line: []
  ignore line: [warning: MPFR header version 4.1.1-p1 differs from library version 4.2.0.]
  ignore line: [GGC heuristics: --param ggc-min-expand=100 --param ggc-min-heapsize=131072]
  ignore line: [ignoring nonexistent directory "/usr/local/include/aarch64-linux-gnu"]
  ignore line: [ignoring nonexistent directory "/usr/lib/gcc/aarch64-linux-gnu/12/include-fixed"]
  ignore line: [ignoring nonexistent directory "/usr/lib/gcc/aarch64-linux-gnu/12/../../../../aarch64-linux-gnu/include"]
  ignore line: [#include "..." search starts here:]
  ignore line: [#include <...> search starts here:]
  ignore line: [ /usr/lib/gcc/aarch64-linux-gnu/12/include]
  ignore line: [ /usr/local/include]
  ignore line: [ /usr/include/aarch64-linux-gnu]
  ignore line: [ /usr/include]
  ignore line: [End of search list.]
  ignore line: [GNU C17 (Debian 12.2.0-14) version 12.2.0 (aarch64-linux-gnu)]
  ignore line: [	compiled by GNU C version 12.2.0  GMP version 6.2.1  MPFR version 4.1.1-p1  MPC version 1.3.1  isl version isl-0.25-GMP]
  ignore line: []
  ignore line: [warning: MPFR header version 4.1.1-p1 differs from library version 4.2.0.]
  ignore line: [GGC heuristics: --param ggc-min-expand=100 --param ggc-min-heapsize=131072]
  ignore line: [Compiler executable checksum: f1bacec099212325d0da3c77e1f38897]
  ignore line: [COLLECT_GCC_OPTIONS='-v' '-o' 'CMakeFiles/cmTC_3ccf4.dir/CMakeCCompilerABI.c.o' '-c' '-mlittle-endian' '-mabi=lp64' '-dumpdir' 'CMakeFiles/cmTC_3ccf4.dir/']
  ignore line: [ as -v -EL -mabi=lp64 -o CMakeFiles/cmTC_3ccf4.dir/CMakeCCompilerABI.c.o /tmp/cctRh9QC.s]
  ignore line: [GNU assembler version 2.40 (aarch64-linux-gnu) using BFD version (GNU Binutils for Debian) 2.40]
  ignore line: [COMPILER_PATH=/usr/lib/gcc/aarch64-linux-gnu/12/:/usr/lib/gcc/aarch64-linux-gnu/12/:/usr/lib/gcc/aarch64-linux-gnu/:/usr/lib/gcc/aarch64-linux-gnu/12/:/usr/lib/gcc/aarch64-linux-gnu/]
  ignore line: [LIBRARY_PATH=/usr/lib/gcc/aarch64-linux-gnu/12/:/usr/lib/gcc/aarch64-linux-gnu/12/../../../aarch64-linux-gnu/:/usr/lib/gcc/aarch64-linux-gnu/12/../../../../lib/:/lib/aarch64-linux-gnu/:/lib/../lib/:/usr/lib/aarch64-linux-gnu/:/usr/lib/../lib/:/usr/lib/gcc/aarch64-linux-gnu/12/../../../:/lib/:/usr/lib/]
  ignore line: [COLLECT_GCC_OPTIONS='-v' '-o' 'CMakeFiles/cmTC_3ccf4.dir/CMakeCCompilerABI.c.o' '-c' '-mlittle-endian' '-mabi=lp64' '-dumpdir' 'CMakeFiles/cmTC_3ccf4.dir/CMakeCCompilerABI.c.']
  ignore line: [Linking C executable cmTC_3ccf4]
  ignore line: [/usr/bin/cmake -E cmake_link_script CMakeFiles/cmTC_3ccf4.dir/link.txt --verbose=1]
  ignore line: [/usr/bin/cc  -v -rdynamic CMakeFiles/cmTC_3ccf4.dir/CMakeCCompilerABI.c.o -o cmTC_3ccf4 ]
  ignore line: [Using built-in specs.]
  ignore line: [COLLECT_GCC=/usr/bin/cc]
  ignore line: [COLLECT_LTO_WRAPPER=/usr/lib/gcc/aarch64-linux-gnu/12/lto-wrapper]
  ignore line: [Target: aarch64-linux-gnu]
  ignore line: [Configured with: ../src/configure -v --with-pkgversion='Debian 12.2.0-14' --with-bugurl=file:///usr/share/doc/gcc-12/README.Bugs --enable-languages=c ada c++ go d fortran objc obj-c++ m2 --prefix=/usr --with-gcc-major-version-only --program-suffix=-12 --program-prefix=aarch64-linux-gnu- --enable-shared --enable-linker-build-id --libexecdir=/usr/lib --without-included-gettext --enable-threads=posix --libdir=/usr/lib --enable-nls --enable-clocale=gnu --enable-libstdcxx-debug --enable-libstdcxx-time=yes --with-default-libstdcxx-abi=new --enable-gnu-unique-object --disable-libquadmath --disable-libquadmath-support --enable-plugin --enable-default-pie --with-system-zlib --enable-libphobos-checking=release --with-target-system-zlib=auto --enable-objc-gc=auto --enable-multiarch --enable-fix-cortex-a53-843419 --disable-werror --enable-checking=release --build=aarch64-linux-gnu --host=aarch64-linux-gnu --target=aarch64-linux-gnu]
  ignore line: [Thread model: posix]
  ignore line: [Supported LTO compression algorithms: zlib zstd]
  ignore line: [gcc version 12.2.0 (Debian 12.2.0-14) ]
  ignore line: [COMPILER_PATH=/usr/lib/gcc/aarch64-linux-gnu/12/:/usr/lib/gcc/aarch64-linux-gnu/12/:/usr/lib/gcc/aarch64-linux-gnu/:/usr/lib/gcc/aarch64-linux-gnu/12/:/usr/lib/gcc/aarch64-linux-gnu/]
  ignore line: [LIBRARY_PATH=/usr/lib/gcc/aarch64-linux-gnu/12/:/usr/lib/gcc/aarch64-linux-gnu/12/../../../aarch64-linux-gnu/:/usr/lib/gcc/aarch64-linux-gnu/12/../../../../lib/:/lib/aarch64-linux-gnu/:/lib/../lib/:/usr/lib/aarch64-linux-gnu/:/usr/lib/../lib/:/usr/lib/gcc/aarch64-linux-gnu/12/../../../:/lib/:/usr/lib/]
  ignore line: [COLLECT_GCC_OPTIONS='-v' '-rdynamic' '-o' 'cmTC_3ccf4' '-mlittle-endian' '-mabi=lp64' '-dumpdir' 'cmTC_3ccf4.']
  link line: [ /usr/lib/gcc/aarch64-linux-gnu/12/collect2 -plugin /usr/lib/gcc/aarch64-linux-gnu/12/liblto_plugin.so -plugin-opt=/usr/lib/gcc/aarch64-linux-gnu/12/lto-wrapper -plugin-opt=-fresolution=/tmp/cczEKyuS.res -plugin-opt=-pass-through=-lgcc -plugin-opt=-pass-through=-lgcc_s -plugin-opt=-pass-through=-lc -plugin-opt=-pass-through=-lgcc -plugin-opt=-pass-through=-lgcc_s --build-id --eh-frame-hdr --hash-style=gnu --as-needed -export-dynamic -dynamic-linker /lib/ld-linux-aarch64.so.1 -X -EL -maarch64linux --fix-cortex-a53-843419 -pie -o cmTC_3ccf4 /usr/lib/gcc/aarch64-linux-gnu/12/../../../aarch64-linux-gnu/Scrt1.o /usr/lib/gcc/aarch64-linux-gnu/12/../../../aarch64-linux-gnu/crti.o /usr/lib/gcc/aarch64-linux-gnu/12/crtbeginS.o -L/usr/lib/gcc/aarch64-linux-gnu/12 -L/usr/lib/gcc/aarch64-linux-gnu/12/../../../aarch64-linux-gnu -L/usr/lib/gcc/aarch64-linux-gnu/12/../../../../lib -L/lib/aarch64-linux-gnu -L/lib/../lib -L/usr/lib/aarch64-linux-gnu -L/usr/lib/../lib -L/usr/lib/gcc/aarch64-linux-gnu/12/../../.. CMakeFiles/cmTC_3ccf4.dir/CMakeCCompilerABI.c.o -lgcc --push-state --as-needed -lgcc_s --pop-state -lc -lgcc --push-state --as-needed -lgcc_s --pop-state /usr/lib/gcc/aarch64-linux-gnu/12/crtendS.o /usr/lib/gcc/aarch64-linux-gnu/12/../../../aarch64-linux-gnu/crtn.o]
    arg [/usr/lib/gcc/aarch64-linux-gnu/12/collect2] ==> ignore
    arg [-plugin] ==> ignore
    arg [/usr/lib/gcc/aarch64-linux-gnu/12/liblto_plugin.so] ==> ignore
    arg [-plugin-opt=/usr/lib/gcc/aarch64-linux-gnu/12/lto-wrapper] ==> ignore
    arg [-plugin-opt=-fresolution=/tmp/cczEKyuS.res] ==> ignore
    arg [-plugin-opt=-pass-through=-lgcc] ==> ignore
    arg [-plugin-opt=-pass-through=-lgcc_s] ==> ignore
    arg [-plugin-opt=-pass-through=-lc] ==> ignore
    arg [-plugin-opt=-pass-through=-lgcc] ==> ignore
    arg [-plugin-opt=-pass-through=-lgcc_s] ==> ignore
    arg [--build-id] ==> ignore
    arg [--eh-frame-hdr] ==> ignore
    arg [--hash-style=gnu] ==> ignore
    arg [--as-needed] ==> ignore
    arg [-export-dynamic] ==> ignore
    arg [-dynamic-linker] ==> ignore
    arg [/lib/ld-linux-aarch64.so.1] ==> ignore
    arg [-X] ==> ignore
    arg [-EL] ==> ignore
    arg [-maarch64linux] ==> ignore
    arg [--fix-cortex-a53-843419] ==> ignore
    arg [-pie] ==> ignore
    arg [-o] ==> ignore
    arg [cmTC_3ccf4] ==> ignore
    arg [/usr/lib/gcc/aarch64-linux-gnu/12/../../../aarch64-linux-gnu/Scrt1.o] ==> obj [/usr/lib/gcc/aarch64-linux-gnu/12/../../../aarch64-linux-gnu/Scrt1.o]
    arg [/usr/lib/gcc/aarch64-linux-gnu/12/../../../aarch64-linux-gnu/crti.o] ==> obj [/usr/lib/gcc/aarch64-linux-gnu/12/../../../aarch64-linux-gnu/crti.o]
    arg [/usr/lib/gcc/aarch64-linux-gnu/12/crtbeginS.o] ==> obj [/usr/lib/gcc/aarch64-linux-gnu/12/crtbeginS.o]
    arg [-L/usr/lib/gcc/aarch64-linux-gnu/12] ==> dir [/usr/lib/gcc/aarch64-linux-gnu/12]
    arg [-L/usr/lib/gcc/aarch64-linux-gnu/12/../../../aarch64-linux-gnu] ==> dir [/usr/lib/gcc/aarch64-linux-gnu/12/../../../aarch64-linux-gnu]
    arg [-L/usr/lib/gcc/aarch64-linux-gnu/12/../../../../lib] ==> dir [/usr/lib/gcc/aarch64-linux-gnu/12/../../../../lib]
    arg [-L/lib/aarch64-linux-gnu] ==> dir [/lib/aarch64-linux-gnu]
    arg [-L/lib/../lib] ==> dir [/lib/../lib]
    arg [-L/usr/lib/aarch64-linux-gnu] ==> dir [/usr/lib/aarch64-linux-gnu]
    arg [-L/usr/lib/../lib] ==> dir [/usr/lib/../lib]
    arg [-L/usr/lib/gcc/aarch64-linux-gnu/12/../../..] ==> dir [/usr/lib/gcc/aarch64-linux-gnu/12/../../..]
    arg [CMakeFiles/cmTC_3ccf4.dir/CMakeCCompilerABI.c.o] ==> ignore
    arg [-lgcc] ==> lib [gcc]
    arg [--push-state] ==> ignore
    arg [--as-needed] ==> ignore
    arg [-lgcc_s] ==> lib [gcc_s]
    arg [--pop-state] ==> ignore
    arg [-lc] ==> lib [c]
    arg [-lgcc] ==> lib [gcc]
    arg [--push-state] ==> ignore
    arg [--as-needed] ==> ignore
    arg [-lgcc_s] ==> lib [gcc_s]
    arg [--pop-state] ==> ignore
    arg [/usr/lib/gcc/aarch64-linux-gnu/12/crtendS.o] ==> obj [/usr/lib/gcc/aarch64-linux-gnu/12/crtendS.o]
    arg [/usr/lib/gcc/aarch64-linux-gnu/12/../../../aarch64-linux-gnu/crtn.o] ==> obj [/usr/lib/gcc/aarch64-linux-gnu/12/../../../aarch64-linux-gnu/crtn.o]
  collapse obj [/usr/lib/gcc/aarch64-linux-gnu/12/../../../aarch64-linux-gnu/Scrt1.o] ==> [/usr/lib/aarch64-linux-gnu/Scrt1.o]
  collapse obj [/usr/lib/gcc/aarch64-linux-gnu/12/../../../aarch64-linux-gnu/crti.o] ==> [/usr/lib/aarch64-linux-gnu/crti.o]
  collapse obj [/usr/lib/gcc/aarch64-linux-gnu/12/../../../aarch64-linux-gnu/crtn.o] ==> [/usr/lib/aarch64-linux-gnu/crtn.o]
  collapse library dir [/usr/lib/gcc/aarch64-linux-gnu/12] ==> [/usr/lib/gcc/aarch64-linux-gnu/12]
  collapse library dir [/usr/lib/gcc/aarch64-linux-gnu/12/../../../aarch64-linux-gnu] ==> [/usr/lib/aarch64-linux-gnu]
  collapse library dir [/usr/lib/gcc/aarch64-linux-gnu/12/../../../../lib] ==> [/usr/lib]
  collapse library dir [/lib/aarch64-linux-gnu] ==> [/lib/aarch64-linux-gnu]
  collapse library dir [/lib/../lib] ==> [/lib]
  collapse library dir [/usr/lib/aarch64-linux-gnu] ==> [/usr/lib/aarch64-linux-gnu]
  collapse library dir [/usr/lib/../lib] ==> [/usr/lib]
  collapse library dir [/usr/lib/gcc/aarch64-linux-gnu/12/../../..] ==> [/usr/lib]
  implicit libs: [gcc;gcc_s;c;gcc;gcc_s]
  implicit objs: [/usr/lib/aarch64-linux-gnu/Scrt1.o;/usr/lib/aarch64-linux-gnu/crti.o;/usr/lib/gcc/aarch64-linux-gnu/12/crtbeginS.o;/usr/lib/gcc/aarch64-linux-gnu/12/crtendS.o;/usr/lib/aarch64-linux-gnu/crtn.o]
  implicit dirs: [/usr/lib/gcc/aarch64-linux-gnu/12;/usr/lib/aarch64-linux-gnu;/usr/lib;/lib/aarch64-linux-gnu;/lib]
  implicit fwks: []


Detecting CXX compiler ABI info compiled with the following output:
Change Dir: /home/patrickpi/Documents/GarboTron/AtlasMiddleware/AtlasThingMiddleware_RPI-master/lib/CMakeFiles/CMakeScratch/TryCompile-RiPHfy

Run Build Command(s):/usr/bin/gmake -f Makefile cmTC_57668/fast && /usr/bin/gmake  -f CMakeFiles/cmTC_57668.dir/build.make CMakeFiles/cmTC_57668.dir/build
gmake[1]: Entering directory '/home/patrickpi/Documents/GarboTron/AtlasMiddleware/AtlasThingMiddleware_RPI-master/lib/CMakeFiles/CMakeScratch/TryCompile-RiPHfy'
Building CXX object CMakeFiles/cmTC_57668.dir/CMakeCXXCompilerABI.cpp.o
/usr/bin/c++   -v -o CMakeFiles/cmTC_57668.dir/CMakeCXXCompilerABI.cpp.o -c /usr/share/cmake-3.25/Modules/CMakeCXXCompilerABI.cpp
Using built-in specs.
COLLECT_GCC=/usr/bin/c++
Target: aarch64-linux-gnu
Configured with: ../src/configure -v --with-pkgversion='Debian 12.2.0-14' --with-bugurl=file:///usr/share/doc/gcc-12/README.Bugs --enable-languages=c,ada,c++,go,d,fortran,objc,obj-c++,m2 --prefix=/usr --with-gcc-major-version-only --program-suffix=-12 --program-prefix=aarch64-linux-gnu- --enable-shared --enable-linker-build-id --libexecdir=/usr/lib --without-included-gettext --enable-threads=posix --libdir=/usr/lib --enable-nls --enable-clocale=gnu --enable-libstdcxx-debug --enable-libstdcxx-time=yes --with-default-libstdcxx-abi=new --enable-gnu-unique-object --disable-libquadmath --disable-libquadmath-support --enable-plugin --enable-default-pie --with-system-zlib --enable-libphobos-checking=release --with-target-system-zlib=auto --enable-objc-gc=auto --enable-multiarch --enable-fix-cortex-a53-843419 --disable-werror --enable-checking=release --build=aarch64-linux-gnu --host=aarch64-linux-gnu --target=aarch64-linux-gnu
Thread model: posix
Supported LTO compression algorithms: zlib zstd
gcc version 12.2.0 (Debian 12.2.0-14) 
COLLECT_GCC_OPTIONS='-v' '-o' 'CMakeFiles/cmTC_57668.dir/CMakeCXXCompilerABI.cpp.o' '-c' '-shared-libgcc' '-mlittle-endian' '-mabi=lp64' '-dumpdir' 'CMakeFiles/cmTC_57668.dir/'
 /usr/lib/gcc/aarch64-linux-gnu/12/cc1plus -quiet -v -imultiarch aarch64-linux-gnu -D_GNU_SOURCE /usr/share/cmake-3.25/Modules/CMakeCXXCompilerABI.cpp -quiet -dumpdir CMakeFiles/cmTC_57668.dir/ -dumpbase CMakeCXXCompilerABI.cpp.cpp -dumpbase-ext .cpp -mlittle-endian -mabi=lp64 -version -fasynchronous-unwind-tables -o /tmp/ccravTvy.s
GNU C++17 (Debian 12.2.0-14) version 12.2.0 (aarch64-linux-gnu)
	compiled by GNU C version 12.2.0, GMP version 6.2.1, MPFR version 4.1.1-p1, MPC version 1.3.1, isl version isl-0.25-GMP

warning: MPFR header version 4.1.1-p1 differs from library version 4.2.0.
GGC heuristics: --param ggc-min-expand=100 --param ggc-min-heapsize=131072
ignoring duplicate directory "/usr/include/aarch64-linux-gnu/c++/12"
ignoring nonexistent directory "/usr/local/include/aarch64-linux-gnu"
ignoring nonexistent directory "/usr/lib/gcc/aarch64-linux-gnu/12/include-fixed"
ignoring nonexistent directory "/usr/lib/gcc/aarch64-linux-gnu/12/../../../../aarch64-linux-gnu/include"
#include "..." search starts here:
#include <...> search starts here:
 /usr/include/c++/12
 /usr/include/aarch64-linux-gnu/c++/12
 /usr/include/c++/12/backward
 /usr/lib/gcc/aarch64-linux-gnu/12/include
 /usr/local/include
 /usr/include/aarch64-linux-gnu
 /usr/include
End of search list.
GNU C++17 (Debian 12.2.0-14) version 12.2.0 (aarch64-linux-gnu)
	compiled by GNU C version 12.2.0, GMP version 6.2.1, MPFR version 4.1.1-p1, MPC version 1.3.1, isl version isl-0.25-GMP

warning: MPFR header version 4.1.1-p1 differs from library version 4.2.0.
GGC heuristics: --param ggc-min-expand=100 --param ggc-min-heapsize=131072
Compiler executable checksum: 76d6f14273b9515783c50374b109b352
COLLECT_GCC_OPTIONS='-v' '-o' 'CMakeFiles/cmTC_57668.dir/CMakeCXXCompilerABI.cpp.o' '-c' '-shared-libgcc' '-mlittle-endian' '-mabi=lp64' '-dumpdir' 'CMakeFiles/cmTC_57668.dir/'
 as -v -EL -mabi=lp64 -o CMakeFiles/cmTC_57668.dir/CMakeCXXCompilerABI.cpp.o /tmp/ccravTvy.s
GNU assembler version 2.40 (aarch64-linux-gnu) using BFD version (GNU Binutils for Debian) 2.40
COMPILER_PATH=/usr/lib/gcc/aarch64-linux-gnu/12/:/usr/lib/gcc/aarch64-linux-gnu/12/:/usr/lib/gcc/aarch64-linux-gnu/:/usr/lib/gcc/aarch64-linux-gnu/12/:/usr/lib/gcc/aarch64-linux-gnu/
LIBRARY_PATH=/usr/lib/gcc/aarch64-linux-gnu/12/:/usr/lib/gcc/aarch64-linux-gnu/12/../../../aarch64-linux-gnu/:/usr/lib/gcc/aarch64-linux-gnu/12/../../../../lib/:/lib/aarch64-linux-gnu/:/lib/../lib/:/usr/lib/aarch64-linux-gnu/:/usr/lib/../lib/:/usr/lib/gcc/aarch64-linux-gnu/12/../../../:/lib/:/usr/lib/
COLLECT_GCC_OPTIONS='-v' '-o' 'CMakeFiles/cmTC_57668.dir/CMakeCXXCompilerABI.cpp.o' '-c' '-shared-libgcc' '-mlittle-endian' '-mabi=lp64' '-dumpdir' 'CMakeFiles/cmTC_57668.dir/CMakeCXXCompilerABI.cpp.'
Linking CXX executable cmTC_57668
/usr/bin/cmake -E cmake_link_script CMakeFiles/cmTC_57668.dir/link.txt --verbose=1
/usr/bin/c++  -v -rdynamic CMakeFiles/cmTC_57668.dir/CMakeCXXCompilerABI.cpp.o -o cmTC_57668 
Using built-in specs.
COLLECT_GCC=/usr/bin/c++
COLLECT_LTO_WRAPPER=/usr/lib/gcc/aarch64-linux-gnu/12/lto-wrapper
Target: aarch64-linux-gnu
Configured with: ../src/configure -v --with-pkgversion='Debian 12.2.0-14' --with-bugurl=file:///usr/share/doc/gcc-12/README.Bugs --enable-languages=c,ada,c++,go,d,fortran,objc,obj-c++,m2 --prefix=/usr --with-gcc-major-version-only --program-suffix=-12 --program-prefix=aarch64-linux-gnu- --enable-shared --enable-linker-build-id --libexecdir=/usr/lib --without-included-gettext --enable-threads=posix --libdir=/usr/lib --enable-nls --enable-clocale=gnu --enable-libstdcxx-debug --enable-libstdcxx-time=yes --with-default-libstdcxx-abi=new --enable-gnu-unique-object --disable-libquadmath --disable-libquadmath-support --enable-plugin --enable-default-pie --with-system-zlib --enable-libphobos-checking=release --with-target-system-zlib=auto --enable-objc-gc=auto --enable-multiarch --enable-fix-cortex-a53-843419 --disable-werror --enable-checking=release --build=aarch64-linux-gnu --host=aarch64-linux-gnu --target=aarch64-linux-gnu
Thread model: posix
Supported LTO compression algorithms: zlib zstd
gcc version 12.2.0 (Debian 12.2.0-14) 
COMPILER_PATH=/usr/lib/gcc/aarch64-linux-gnu/12/:/usr/lib/gcc/aarch64-linux-gnu/12/:/usr/lib/gcc/aarch64-linux-gnu/:/usr/lib/gcc/aarch64-linux-gnu/12/:/usr/lib/gcc/aarch64-linux-gnu/
LIBRARY_PATH=/usr/lib/gcc/aarch64-linux-gnu/12/:/usr/lib/gcc/aarch64-linux-gnu/12/../../../aarch64-linux-gnu/:/usr/lib/gcc/aarch64-linux-gnu/12/../../../../lib/:/lib/aarch64-linux-gnu/:/lib/../lib/:/usr/lib/aarch64-linux-gnu/:/usr/lib/../lib/:/usr/lib/gcc/aarch64-linux-gnu/12/../../../:/lib/:/usr/lib/
COLLECT_GCC_OPTIONS='-v' '-rdynamic' '-o' 'cmTC_57668' '-shared-libgcc' '-mlittle-endian' '-mabi=lp64' '-dumpdir' 'cmTC_57668.'
 /usr/lib/gcc/aarch64-linux-gnu/12/collect2 -plugin /usr/lib/gcc/aarch64-linux-gnu/12/liblto_plugin.so -plugin-opt=/usr/lib/gcc/aarch64-linux-gnu/12/lto-wrapper -plugin-opt=-fresolution=/tmp/cchiHXlr.res -plugin-opt=-pass-through=-lgcc_s -plugin-opt=-pass-through=-lgcc -plugin-opt=-pass-through=-lc -plugin-opt=-pass-through=-lgcc_s -plugin-opt=-pass-through=-lgcc --build-id --eh-frame-hdr --hash-style=gnu --as-needed -export-dynamic -dynamic-linker /lib/ld-linux-aarch64.so.1 -X -EL -maarch64linux --fix-cortex-a53-843419 -pie -o cmTC_57668 /usr/lib/gcc/aarch64-linux-gnu/12/../../../aarch64-linux-gnu/Scrt1.o /usr/lib/gcc/aarch64-linux-gnu/12/../../../aarch64-linux-gnu/crti.o /usr/lib/gcc/aarch64-linux-gnu/12/crtbeginS.o -L/usr/lib/gcc/aarch64-linux-gnu/12 -L/usr/lib/gcc/aarch64-linux-gnu/12/../../../aarch64-linux-gnu -L/usr/lib/gcc/aarch64-linux-gnu/12/../../../../lib -L/lib/aarch64-linux-gnu -L/lib/../lib -L/usr/lib/aarch64-linux-gnu -L/usr/lib/../lib -L/usr/lib/gcc/aarch64-linux-gnu/12/../../.. CMakeFiles/cmTC_57668.dir/CMakeCXXCompilerABI.cpp.o -lstdc++ -lm -lgcc_s -lgcc -lc -lgcc_s -lgcc /usr/lib/gcc/aarch64-linux-gnu/12/crtendS.o /usr/lib/gcc/aarch64-linux-gnu/12/../../../aarch64-linux-gnu/crtn.o
COLLECT_GCC_OPTIONS='-v' '-rdynamic' '-o' 'cmTC_57668' '-shared-libgcc' '-mlittle-endian' '-mabi=lp64' '-dumpdir' 'cmTC_57668.'
gmake[1]: Leaving directory '/home/patrickpi/Documents/GarboTron/AtlasMiddleware/AtlasThingMiddleware_RPI-master/lib/CMakeFiles/CMakeScratch/TryCompile-RiPHfy'



Parsed CXX implicit include dir info from above output: rv=done
  found start of include info
  found start of implicit include info
    add: [/usr/include/c++/12]
    add: [/usr/include/aarch64-linux-gnu/c++/12]
    add: [/usr/include/c++/12/backward]
    add: [/usr/lib/gcc/aarch64-linux-gnu/12/include]
    add: [/usr/local/include]
    add: [/usr/include/aarch64-linux-gnu]
    add: [/usr/include]
  end of search list found
  collapse include dir [/usr/include/c++/12] ==> [/usr/include/c++/12]
  collapse include dir [/usr/include/aarch64-linux-gnu/c++/12] ==> [/usr/include/aarch64-linux-gnu/c++/12]
  collapse include dir [/usr/include/c++/12/backward] ==> [/usr/include/c++/12/backward]
  collapse include dir [/usr/lib/gcc/aarch64-linux-gnu/12/include] ==> [/usr/lib/gcc/aarch64-linux-gnu/12/include]
  collapse include dir [/usr/local/include] ==> [/usr/local/include]
  collapse include dir [/usr/include/aarch64-linux-gnu] ==> [/usr/include/aarch64-linux-gnu]
  collapse include dir [/usr/include] ==> [/usr/include]
  implicit include dirs: [/usr/include/c++/12;/usr/include/aarch64-linux-gnu/c++/12;/usr/include/c++/12/backward;/usr/lib/gcc/aarch64-linux-gnu/12/include;/usr/local/include;/usr/include/aarch64-linux-gnu;/usr/include]


Parsed CXX implicit link information from above output:
  link line regex: [^( *|.*[/\])(ld|CMAKE_LINK_STARTFILE-NOTFOUND|([^/\]+-)?ld|collect2)[^/\]*( |$)]
  ignore line: [Change Dir: /home/patrickpi/Documents/GarboTron/AtlasMiddleware/AtlasThingMiddleware_RPI-master/lib/CMakeFiles/CMakeScratch/TryCompile-RiPHfy]
  ignore line: []
  ignore line: [Run Build Command(s):/usr/bin/gmake -f Makefile cmTC_57668/fast && /usr/bin/gmake  -f CMakeFiles/cmTC_57668.dir/build.make CMakeFiles/cmTC_57668.dir/build]
  ignore line: [gmake[1]: Entering directory '/home/patrickpi/Documents/GarboTron/AtlasMiddleware/AtlasThingMiddleware_RPI-master/lib/CMakeFiles/CMakeScratch/TryCompile-RiPHfy']
  ignore line: [Building CXX object CMakeFiles/cmTC_57668.dir/CMakeCXXCompilerABI.cpp.o]
  ignore line: [/usr/bin/c++   -v -o CMakeFiles/cmTC_57668.dir/CMakeCXXCompilerABI.cpp.o -c /usr/share/cmake-3.25/Modules/CMakeCXXCompilerABI.cpp]
  ignore line: [Using built-in specs.]
  ignore line: [COLLECT_GCC=/usr/bin/c++]
  ignore line: [Target: aarch64-linux-gnu]
  ignore line: [Configured with: ../src/configure -v --with-pkgversion='Debian 12.2.0-14' --with-bugurl=file:///usr/share/doc/gcc-12/README.Bugs --enable-languages=c ada c++ go d fortran objc obj-c++ m2 --prefix=/usr --with-gcc-major-version-only --program-suffix=-12 --program-prefix=aarch64-linux-gnu- --enable-shared --enable-linker-build-id --libexecdir=/usr/lib --without-included-gettext --enable-threads=posix --libdir=/usr/lib --enable-nls --enable-clocale=gnu --enable-libstdcxx-debug --enable-libstdcxx-time=yes --with-default-libstdcxx-abi=new --enable-gnu-unique-object --disable-libquadmath --disable-libquadmath-support --enable-plugin --enable-default-pie --with-system-zlib --enable-libphobos-checking=release --with-target-system-zlib=auto --enable-objc-gc=auto --enable-multiarch --enable-fix-cortex-a53-843419 --disable-werror --enable-checking=release --build=aarch64-linux-gnu --host=aarch64-linux-gnu --target=aarch64-linux-gnu]
  ignore line: [Thread model: posix]
  ignore line: [Supported LTO compression algorithms: zlib zstd]
  ignore line: [gcc version 12.2.0 (Debian 12.2.0-14) ]
  ignore line: [COLLECT_GCC_OPTIONS='-v' '-o' 'CMakeFiles/cmTC_57668.dir/CMakeCXXCompilerABI.cpp.o' '-c' '-shared-libgcc' '-mlittle-endian' '-mabi=lp64' '-dumpdir' 'CMakeFiles/cmTC_57668.dir/']
  ignore line: [ /usr/lib/gcc/aarch64-linux-gnu/12/cc1plus -quiet -v -imultiarch aarch64-linux-gnu -D_GNU_SOURCE /usr/share/cmake-3.25/Modules/CMakeCXXCompilerABI.cpp -quiet -dumpdir CMakeFiles/cmTC_57668.dir/ -dumpbase CMakeCXXCompilerABI.cpp.cpp -dumpbase-ext .cpp -mlittle-endian -mabi=lp64 -version -fasynchronous-unwind-tables -o /tmp/ccravTvy.s]
  ignore line: [GNU C++17 (Debian 12.2.0-14) version 12.2.0 (aarch64-linux-gnu)]
  ignore line: [	compiled by GNU C version 12.2.0  GMP version 6.2.1  MPFR version 4.1.1-p1  MPC version 1.3.1  isl version isl-0.25-GMP]
  ignore line: []
  ignore line: [warning: MPFR header version 4.1.1-p1 differs from library version 4.2.0.]
  ignore line: [GGC heuristics: --param ggc-min-expand=100 --param ggc-min-heapsize=131072]
  ignore line: [ignoring duplicate directory "/usr/include/aarch64-linux-gnu/c++/12"]
  ignore line: [ignoring nonexistent directory "/usr/local/include/aarch64-linux-gnu"]
  ignore line: [ignoring nonexistent directory "/usr/lib/gcc/aarch64-linux-gnu/12/include-fixed"]
  ignore line: [ignoring nonexistent directory "/usr/lib/gcc/aarch64-linux-gnu/12/../../../../aarch64-linux-gnu/include"]
  ignore line: [#include "..." search starts here:]
  ignore line: [#include <...> search starts here:]
  ignore line: [ /usr/include/c++/12]
  ignore line: [ /usr/include/aarch64-linux-gnu/c++/12]
  ignore line: [ /usr/include/c++/12/backward]
  ignore line: [ /usr/lib/gcc/aarch64-linux-gnu/12/include]
  ignore line: [ /usr/local/include]
  ignore line: [ /usr/include/aarch64-linux-gnu]
  ignore line: [ /usr/include]
  ignore line: [End of search list.]
  ignore line: [GNU C++17 (Debian 12.2.0-14) version 12.2.0 (aarch64-linux-gnu)]
  ignore line: [	compiled by GNU C version 12.2.0  GMP version 6.2.1  MPFR version 4.1.1-p1  MPC version 1.3.1  isl version isl-0.25-GMP]
  ignore line: []
  ignore line: [warning: MPFR header version 4.1.1-p1 differs from library version 4.2.0.]
  ignore line: [GGC heuristics: --param ggc-min-expand=100 --param ggc-min-heapsize=131072]
  ignore line: [Compiler executable checksum: 76d6f14273b9515783c50374b109b352]
  ignore line: [COLLECT_GCC_OPTIONS='-v' '-o' 'CMakeFiles/cmTC_57668.dir/CMakeCXXCompilerABI.cpp.o' '-c' '-shared-libgcc' '-mlittle-endian' '-mabi=lp64' '-dumpdir' 'CMakeFiles/cmTC_57668.dir/']
  ignore line: [ as -v -EL -mabi=lp64 -o CMakeFiles/cmTC_57668.dir/CMakeCXXCompilerABI.cpp.o /tmp/ccravTvy.s]
  ignore line: [GNU assembler version 2.40 (aarch64-linux-gnu) using BFD version (GNU Binutils for Debian) 2.40]
  ignore line: [COMPILER_PATH=/usr/lib/gcc/aarch64-linux-gnu/12/:/usr/lib/gcc/aarch64-linux-gnu/12/:/usr/lib/gcc/aarch64-linux-gnu/:/usr/lib/gcc/aarch64-linux-gnu/12/:/usr/lib/gcc/aarch64-linux-gnu/]
  ignore line: [LIBRARY_PATH=/usr/lib/gcc/aarch64-linux-gnu/12/:/usr/lib/gcc/aarch64-linux-gnu/12/../../../aarch64-linux-gnu/:/usr/lib/gcc/aarch64-linux-gnu/12/../../../../lib/:/lib/aarch64-linux-gnu/:/lib/../lib/:/usr/lib/aarch64-linux-gnu/:/usr/lib/../lib/:/usr/lib/gcc/aarch64-linux-gnu/12/../../../:/lib/:/usr/lib/]
  ignore line: [COLLECT_GCC_OPTIONS='-v' '-o' 'CMakeFiles/cmTC_57668.dir/CMakeCXXCompilerABI.cpp.o' '-c' '-shared-libgcc' '-mlittle-endian' '-mabi=lp64' '-dumpdir' 'CMakeFiles/cmTC_57668.dir/CMakeCXXCompilerABI.cpp.']
  ignore line: [Linking CXX executable cmTC_57668]
  ignore line: [/usr/bin/cmake -E cmake_link_script CMakeFiles/cmTC_57668.dir/link.txt --verbose=1]
  ignore line: [/usr/bin/c++  -v -rdynamic CMakeFiles/cmTC_57668.dir/CMakeCXXCompilerABI.cpp.o -o cmTC_57668 ]
  ignore line: [Using built-in specs.]
  ignore line: [COLLECT_GCC=/usr/bin/c++]
  ignore line: [COLLECT_LTO_WRAPPER=/usr/lib/gcc/aarch64-linux-gnu/12/lto-wrapper]
  ignore line: [Target: aarch64-linux-gnu]
  ignore line: [Configured with: ../src/configure -v --with-pkgversion='Debian 12.2.0-14' --with-bugurl=file:///usr/share/doc/gcc-12/README.Bugs --enable-languages=c ada c++ go d fortran objc obj-c++ m2 --prefix=/usr --with-gcc-major-version-only --program-suffix=-12 --program-prefix=aarch64-linux-gnu- --enable-shared --enable-linker-build-id --libexecdir=/usr/lib --without-included-gettext --enable-threads=posix --libdir=/usr/lib --enable-nls --enable-clocale=gnu --enable-libstdcxx-debug --enable-libstdcxx-time=yes --with-default-libstdcxx-abi=new --enable-gnu-unique-object --disable-libquadmath --disable-libquadmath-support --enable-plugin --enable-default-pie --with-system-zlib --enable-libphobos-checking=release --with-target-system-zlib=auto --enable-objc-gc=auto --enable-multiarch --enable-fix-cortex-a53-843419 --disable-werror --enable-checking=release --build=aarch64-linux-gnu --host=aarch64-linux-gnu --target=aarch64-linux-gnu]
  ignore line: [Thread model: posix]
  ignore line: [Supported LTO compression algorithms: zlib zstd]
  ignore line: [gcc version 12.2.0 (Debian 12.2.0-14) ]
  ignore line: [COMPILER_PATH=/usr/lib/gcc/aarch64-linux-gnu/12/:/usr/lib/gcc/aarch64-linux-gnu/12/:/usr/lib/gcc/aarch64-linux-gnu/:/usr/lib/gcc/aarch64-linux-gnu/12/:/usr/lib/gcc/aarch64-linux-gnu/]
  ignore line: [LIBRARY_PATH=/usr/lib/gcc/aarch64-linux-gnu/12/:/usr/lib/gcc/aarch64-linux-gnu/12/../../../aarch64-linux-gnu/:/usr/lib/gcc/aarch64-linux-gnu/12/../../../../lib/:/lib/aarch64-linux-gnu/:/lib/../lib/:/usr/lib/aarch64-linux-gnu/:/usr/lib/../lib/:/usr/lib/gcc/aarch64-linux-gnu/12/../../../:/lib/:/usr/lib/]
  ignore line: [COLLECT_GCC_OPTIONS='-v' '-rdynamic' '-o' 'cmTC_57668' '-shared-libgcc' '-mlittle-endian' '-mabi=lp64' '-dumpdir' 'cmTC_57668.']
  link line: [ /usr/lib/gcc/aarch64-linux-gnu/12/collect2 -plugin /usr/lib/gcc/aarch64-linux-gnu/12/liblto_plugin.so -plugin-opt=/usr/lib/gcc/aarch64-linux-gnu/12/lto-wrapper -plugin-opt=-fresolution=/tmp/cchiHXlr.res -plugin-opt=-pass-through=-lgcc_s -plugin-opt=-pass-through=-lgcc -plugin-opt=-pass-through=-lc -plugin-opt=-pass-through=-lgcc_s -plugin-opt=-pass-through=-lgcc --build-id --eh-frame-hdr --hash-style=gnu --as-needed -export-dynamic -dynamic-linker /lib/ld-linux-aarch64.so.1 -X -EL -maarch64linux --fix-cortex-a53-843419 -pie -o cmTC_57668 /usr/lib/gcc/aarch64-linux-gnu/12/../../../aarch64-linux-gnu/Scrt1.o /usr/lib/gcc/aarch64-linux-gnu/12/../../../aarch64-linux-gnu/crti.o /usr/lib/gcc/aarch64-linux-gnu/12/crtbeginS.o -L/usr/lib/gcc/aarch64-linux-gnu/12 -L/usr/lib/gcc/aarch64-linux-gnu/12/../../../aarch64-linux-gnu -L/usr/lib/gcc/aarch64-linux-gnu/12/../../../../lib -L/lib/aarch64-linux-gnu -L/lib/../lib -L/usr/lib/aarch64-linux-gnu -L/usr/lib/../lib -L/usr/lib/gcc/aarch64-linux-gnu/12/../../.. CMakeFiles/cmTC_57668.dir/CMakeCXXCompilerABI.cpp.o -lstdc++ -lm -lgcc_s -lgcc -lc -lgcc_s -lgcc /usr/lib/gcc/aarch64-linux-gnu/12/crtendS.o /usr/lib/gcc/aarch64-linux-gnu/12/../../../aarch64-linux-gnu/crtn.o]
    arg [/usr/lib/gcc/aarch64-linux-gnu/12/collect2] ==> ignore
    arg [-plugin] ==> ignore
    arg [/usr/lib/gcc/aarch64-linux-gnu/12/liblto_plugin.so] ==> ignore
    arg [-plugin-opt=/usr/lib/gcc/aarch64-linux-gnu/12/lto-wrapper] ==> ignore
    arg [-plugin-opt=-fresolution=/tmp/cchiHXlr.res] ==> ignore
    arg [-plugin-opt=-pass-through=-lgcc_s] ==> ignore
    arg [-plugin-opt=-pass-through=-lgcc] ==> ignore
    arg [-plugin-opt=-pass-through=-lc] ==> ignore
    arg [-plugin-opt=-pass-through=-lgcc_s] ==> ignore
    arg [-plugin-opt=-pass-through=-lgcc] ==> ignore
    arg [--build-id] ==> ignore
    arg [--eh-frame-hdr] ==> ignore
    arg [--hash-style=gnu] ==> ignore
    arg [--as-needed] ==> ignore
    arg [-export-dynamic] ==> ignore
    arg [-dynamic-linker] ==> ignore
    arg [/lib/ld-linux-aarch64.so.1] ==> ignore
    arg [-X] ==> ignore
    arg [-EL] ==> ignore
    arg [-maarch64linux] ==> ignore
    arg [--fix-cortex-a53-843419] ==> ignore
    arg [-pie] ==> ignore
    arg [-o] ==> ignore
    arg [cmTC_57668] ==> ignore
    arg [/usr/lib/gcc/aarch64-linux-gnu/12/../../../aarch64-linux-gnu/Scrt1.o] ==> obj [/usr/lib/gcc/aarch64-linux-gnu/12/../../../aarch64-linux-gnu/Scrt1.o]
    arg [/usr/lib/gcc/aarch64-linux-gnu/12/../../../aarch64-linux-gnu/crti.o] ==> obj [/usr/lib/gcc/aarch64-linux-gnu/12/../../../aarch64-linux-gnu/crti.o]
    arg [/usr/lib/gcc/aarch64-linux-gnu/12/crtbeginS.o] ==> obj [/usr/lib/gcc/aarch64-linux-gnu/12/crtbeginS.o]
    arg [-L/usr/lib/gcc/aarch64-linux-gnu/12] ==> dir [/usr/lib/gcc/aarch64-linux-gnu/12]
    arg [-L/usr/lib/gcc/aarch64-linux-gnu/12/../../../aarch64-linux-gnu] ==> dir [/usr/lib/gcc/aarch64-linux-gnu/12/../../../aarch64-linux-gnu]
    arg [-L/usr/lib/gcc/aarch64-linux-gnu/12/../../../../lib] ==> dir [/usr/lib/gcc/aarch64-linux-gnu/12/../../../../lib]
    arg [-L/lib/aarch64-linux-gnu] ==> dir [/lib/aarch64-linux-gnu]
    arg [-L/lib/../lib] ==> dir [/lib/../lib]
    arg [-L/usr/lib/aarch64-linux-gnu] ==> dir [/usr/lib/aarch64-linux-gnu]
    arg [-L/usr/lib/../lib] ==> dir [/usr/lib/../lib]
    arg [-L/usr/lib/gcc/aarch64-linux-gnu/12/../../..] ==> dir [/usr/lib/gcc/aarch64-linux-gnu/12/../../..]
    arg [CMakeFiles/cmTC_57668.dir/CMakeCXXCompilerABI.cpp.o] ==> ignore
    arg [-lstdc++] ==> lib [stdc++]
    arg [-lm] ==> lib [m]
    arg [-lgcc_s] ==> lib [gcc_s]
    arg [-lgcc] ==> lib [gcc]
    arg [-lc] ==> lib [c]
    arg [-lgcc_s] ==> lib [gcc_s]
    arg [-lgcc] ==> lib [gcc]
    arg [/usr/lib/gcc/aarch64-linux-gnu/12/crtendS.o] ==> obj [/usr/lib/gcc/aarch64-linux-gnu/12/crtendS.o]
    arg [/usr/lib/gcc/aarch64-linux-gnu/12/../../../aarch64-linux-gnu/crtn.o] ==> obj [/usr/lib/gcc/aarch64-linux-gnu/12/../../../aarch64-linux-gnu/crtn.o]
  collapse obj [/usr/lib/gcc/aarch64-linux-gnu/12/../../../aarch64-linux-gnu/Scrt1.o] ==> [/usr/lib/aarch64-linux-gnu/Scrt1.o]
  collapse obj [/usr/lib/gcc/aarch64-linux-gnu/12/../../../aarch64-linux-gnu/crti.o] ==> [/usr/lib/aarch64-linux-gnu/crti.o]
  collapse obj [/usr/lib/gcc/aarch64-linux-gnu/12/../../../aarch64-linux-gnu/crtn.o] ==> [/usr/lib/aarch64-linux-gnu/crtn.o]
  collapse library dir [/usr/lib/gcc/aarch64-linux-gnu/12] ==> [/usr/lib/gcc/aarch64-linux-gnu/12]
  collapse library dir [/usr/lib/gcc/aarch64-linux-gnu/12/../../../aarch64-linux-gnu] ==> [/usr/lib/aarch64-linux-gnu]
  collapse library dir [/usr/lib/gcc/aarch64-linux-gnu/12/../../../../lib] ==> [/usr/lib]
  collapse library dir [/lib/aarch64-linux-gnu] ==> [/lib/aarch64-linux-gnu]
  collapse library dir [/lib/../lib] ==> [/lib]
  collapse library dir [/usr/lib/aarch64-linux-gnu] ==> [/usr/lib/aarch64-linux-gnu]
  collapse library dir [/usr/lib/../lib] ==> [/usr/lib]
  collapse library dir [/usr/lib/gcc/aarch64-linux-gnu/12/../../..] ==> [/usr/lib]
  implicit libs: [stdc++;m;gcc_s;gcc;c;gcc_s;gcc]
  implicit objs: [/usr/lib/aarch64-linux-gnu/Scrt1.o;/usr/lib/aarch64-linux-gnu/crti.o;/usr/lib/gcc/aarch64-linux-gnu/12/crtbeginS.o;/usr/lib/gcc/aarch64-linux-gnu/12/crtendS.o;/usr/lib/aarch64-linux-gnu/crtn.o]
  implicit dirs: [/usr/lib/gcc/aarch64-linux-gnu/12;/usr/lib/aarch64-linux-gnu;/usr/lib;/lib/aarch64-linux-gnu;/lib]
  implicit fwks: []


Performing C++ SOURCE FILE Test HAS_CXX_FLAG__fstack_protector_all succeeded with the following output:
Change Dir: /home/patrickpi/Documents/GarboTron/AtlasMiddleware/AtlasThingMiddleware_RPI-master/lib/CMakeFiles/CMakeScratch/TryCompile-LzfKdA

Run Build Command(s):/usr/bin/gmake -f Makefile cmTC_35ddf/fast && /usr/bin/gmake  -f CMakeFiles/cmTC_35ddf.dir/build.make CMakeFiles/cmTC_35ddf.dir/build
gmake[1]: Entering directory '/home/patrickpi/Documents/GarboTron/AtlasMiddleware/AtlasThingMiddleware_RPI-master/lib/CMakeFiles/CMakeScratch/TryCompile-LzfKdA'
Building CXX object CMakeFiles/cmTC_35ddf.dir/src.cxx.o
/usr/bin/c++ -DHAS_CXX_FLAG__fstack_protector_all  -fstack-protector-all -o CMakeFiles/cmTC_35ddf.dir/src.cxx.o -c /home/patrickpi/Documents/GarboTron/AtlasMiddleware/AtlasThingMiddleware_RPI-master/lib/CMakeFiles/CMakeScratch/TryCompile-LzfKdA/src.cxx
Linking CXX executable cmTC_35ddf
/usr/bin/cmake -E cmake_link_script CMakeFiles/cmTC_35ddf.dir/link.txt --verbose=1
/usr/bin/c++ -rdynamic CMakeFiles/cmTC_35ddf.dir/src.cxx.o -o cmTC_35ddf 
gmake[1]: Leaving directory '/home/patrickpi/Documents/GarboTron/AtlasMiddleware/AtlasThingMiddleware_RPI-master/lib/CMakeFiles/CMakeScratch/TryCompile-LzfKdA'


Source file was:
int main() { return 0; }

Performing C++ SOURCE FILE Test HAS_CXX_FLAG__Werror succeeded with the following output:
Change Dir: /home/patrickpi/Documents/GarboTron/AtlasMiddleware/AtlasThingMiddleware_RPI-master/lib/CMakeFiles/CMakeScratch/TryCompile-d3MPvg

Run Build Command(s):/usr/bin/gmake -f Makefile cmTC_1a87e/fast && /usr/bin/gmake  -f CMakeFiles/cmTC_1a87e.dir/build.make CMakeFiles/cmTC_1a87e.dir/build
gmake[1]: Entering directory '/home/patrickpi/Documents/GarboTron/AtlasMiddleware/AtlasThingMiddleware_RPI-master/lib/CMakeFiles/CMakeScratch/TryCompile-d3MPvg'
Building CXX object CMakeFiles/cmTC_1a87e.dir/src.cxx.o
/usr/bin/c++ -DHAS_CXX_FLAG__Werror  -Werror -o CMakeFiles/cmTC_1a87e.dir/src.cxx.o -c /home/patrickpi/Documents/GarboTron/AtlasMiddleware/AtlasThingMiddleware_RPI-master/lib/CMakeFiles/CMakeScratch/TryCompile-d3MPvg/src.cxx
Linking CXX executable cmTC_1a87e
/usr/bin/cmake -E cmake_link_script CMakeFiles/cmTC_1a87e.dir/link.txt --verbose=1
/usr/bin/c++ -rdynamic CMakeFiles/cmTC_1a87e.dir/src.cxx.o -o cmTC_1a87e 
gmake[1]: Leaving directory '/home/patrickpi/Documents/GarboTron/AtlasMiddleware/AtlasThingMiddleware_RPI-master/lib/CMakeFiles/CMakeScratch/TryCompile-d3MPvg'


Source file was:
int main() { return 0; }

Performing C++ SOURCE FILE Test HAS_CXX_FLAG__Wall succeeded with the following output:
Change Dir: /home/patrickpi/Documents/GarboTron/AtlasMiddleware/AtlasThingMiddleware_RPI-master/lib/CMakeFiles/CMakeScratch/TryCompile-NFhsm2

Run Build Command(s):/usr/bin/gmake -f Makefile cmTC_b72c6/fast && /usr/bin/gmake  -f CMakeFiles/cmTC_b72c6.dir/build.make CMakeFiles/cmTC_b72c6.dir/build
gmake[1]: Entering directory '/home/patrickpi/Documents/GarboTron/AtlasMiddleware/AtlasThingMiddleware_RPI-master/lib/CMakeFiles/CMakeScratch/TryCompile-NFhsm2'
Building CXX object CMakeFiles/cmTC_b72c6.dir/src.cxx.o
/usr/bin/c++ -DHAS_CXX_FLAG__Wall  -Wall -o CMakeFiles/cmTC_b72c6.dir/src.cxx.o -c /home/patrickpi/Documents/GarboTron/AtlasMiddleware/AtlasThingMiddleware_RPI-master/lib/CMakeFiles/CMakeScratch/TryCompile-NFhsm2/src.cxx
Linking CXX executable cmTC_b72c6
/usr/bin/cmake -E cmake_link_script CMakeFiles/cmTC_b72c6.dir/link.txt --verbose=1
/usr/bin/c++ -rdynamic CMakeFiles/cmTC_b72c6.dir/src.cxx.o -o cmTC_b72c6 
gmake[1]: Leaving directory '/home/patrickpi/Documents/GarboTron/AtlasMiddleware/AtlasThingMiddleware_RPI-master/lib/CMakeFiles/CMakeScratch/TryCompile-NFhsm2'


Source file was:
int main() { return 0; }

Performing C++ SOURCE FILE Test HAS_CXX_FLAG__Wextra succeeded with the following output:
Change Dir: /home/patrickpi/Documents/GarboTron/AtlasMiddleware/AtlasThingMiddleware_RPI-master/lib/CMakeFiles/CMakeScratch/TryCompile-91KKt6

Run Build Command(s):/usr/bin/gmake -f Makefile cmTC_e8bbb/fast && /usr/bin/gmake  -f CMakeFiles/cmTC_e8bbb.dir/build.make CMakeFiles/cmTC_e8bbb.dir/build
gmake[1]: Entering directory '/home/patrickpi/Documents/GarboTron/AtlasMiddleware/AtlasThingMiddleware_RPI-master/lib/CMakeFiles/CMakeScratch/TryCompile-91KKt6'
Building CXX object CMakeFiles/cmTC_e8bbb.dir/src.cxx.o
/usr/bin/c++ -DHAS_CXX_FLAG__Wextra  -Wextra -o CMakeFiles/cmTC_e8bbb.dir/src.cxx.o -c /home/patrickpi/Documents/GarboTron/AtlasMiddleware/AtlasThingMiddleware_RPI-master/lib/CMakeFiles/CMakeScratch/TryCompile-91KKt6/src.cxx
Linking CXX executable cmTC_e8bbb
/usr/bin/cmake -E cmake_link_script CMakeFiles/cmTC_e8bbb.dir/link.txt --verbose=1
/usr/bin/c++ -rdynamic CMakeFiles/cmTC_e8bbb.dir/src.cxx.o -o cmTC_e8bbb 
gmake[1]: Leaving directory '/home/patrickpi/Documents/GarboTron/AtlasMiddleware/AtlasThingMiddleware_RPI-master/lib/CMakeFiles/CMakeScratch/TryCompile-91KKt6'


Source file was:
int main() { return 0; }

Performing C++ SOURCE FILE Test HAS_CXX_FLAG__Wpointer_arith succeeded with the following output:
Change Dir: /home/patrickpi/Documents/GarboTron/AtlasMiddleware/AtlasThingMiddleware_RPI-master/lib/CMakeFiles/CMakeScratch/TryCompile-wopEXt

Run Build Command(s):/usr/bin/gmake -f Makefile cmTC_7eaca/fast && /usr/bin/gmake  -f CMakeFiles/cmTC_7eaca.dir/build.make CMakeFiles/cmTC_7eaca.dir/build
gmake[1]: Entering directory '/home/patrickpi/Documents/GarboTron/AtlasMiddleware/AtlasThingMiddleware_RPI-master/lib/CMakeFiles/CMakeScratch/TryCompile-wopEXt'
Building CXX object CMakeFiles/cmTC_7eaca.dir/src.cxx.o
/usr/bin/c++ -DHAS_CXX_FLAG__Wpointer_arith  -Wpointer-arith -o CMakeFiles/cmTC_7eaca.dir/src.cxx.o -c /home/patrickpi/Documents/GarboTron/AtlasMiddleware/AtlasThingMiddleware_RPI-master/lib/CMakeFiles/CMakeScratch/TryCompile-wopEXt/src.cxx
Linking CXX executable cmTC_7eaca
/usr/bin/cmake -E cmake_link_script CMakeFiles/cmTC_7eaca.dir/link.txt --verbose=1
/usr/bin/c++ -rdynamic CMakeFiles/cmTC_7eaca.dir/src.cxx.o -o cmTC_7eaca 
gmake[1]: Leaving directory '/home/patrickpi/Documents/GarboTron/AtlasMiddleware/AtlasThingMiddleware_RPI-master/lib/CMakeFiles/CMakeScratch/TryCompile-wopEXt'


Source file was:
int main() { return 0; }

Performing C++ SOURCE FILE Test HAS_CXX_FLAG__Winvalid_pch succeeded with the following output:
Change Dir: /home/patrickpi/Documents/GarboTron/AtlasMiddleware/AtlasThingMiddleware_RPI-master/lib/CMakeFiles/CMakeScratch/TryCompile-oAEgbx

Run Build Command(s):/usr/bin/gmake -f Makefile cmTC_b253f/fast && /usr/bin/gmake  -f CMakeFiles/cmTC_b253f.dir/build.make CMakeFiles/cmTC_b253f.dir/build
gmake[1]: Entering directory '/home/patrickpi/Documents/GarboTron/AtlasMiddleware/AtlasThingMiddleware_RPI-master/lib/CMakeFiles/CMakeScratch/TryCompile-oAEgbx'
Building CXX object CMakeFiles/cmTC_b253f.dir/src.cxx.o
/usr/bin/c++ -DHAS_CXX_FLAG__Winvalid_pch  -Winvalid-pch -o CMakeFiles/cmTC_b253f.dir/src.cxx.o -c /home/patrickpi/Documents/GarboTron/AtlasMiddleware/AtlasThingMiddleware_RPI-master/lib/CMakeFiles/CMakeScratch/TryCompile-oAEgbx/src.cxx
Linking CXX executable cmTC_b253f
/usr/bin/cmake -E cmake_link_script CMakeFiles/cmTC_b253f.dir/link.txt --verbose=1
/usr/bin/c++ -rdynamic CMakeFiles/cmTC_b253f.dir/src.cxx.o -o cmTC_b253f 
gmake[1]: Leaving directory '/home/patrickpi/Documents/GarboTron/AtlasMiddleware/AtlasThingMiddleware_RPI-master/lib/CMakeFiles/CMakeScratch/TryCompile-oAEgbx'


Source file was:
int main() { return 0; }

Performing C++ SOURCE FILE Test HAS_CXX_FLAG__Wcast_align succeeded with the following output:
Change Dir: /home/patrickpi/Documents/GarboTron/AtlasMiddleware/AtlasThingMiddleware_RPI-master/lib/CMakeFiles/CMakeScratch/TryCompile-8gAtNO

Run Build Command(s):/usr/bin/gmake -f Makefile cmTC_38f04/fast && /usr/bin/gmake  -f CMakeFiles/cmTC_38f04.dir/build.make CMakeFiles/cmTC_38f04.dir/build
gmake[1]: Entering directory '/home/patrickpi/Documents/GarboTron/AtlasMiddleware/AtlasThingMiddleware_RPI-master/lib/CMakeFiles/CMakeScratch/TryCompile-8gAtNO'
Building CXX object CMakeFiles/cmTC_38f04.dir/src.cxx.o
/usr/bin/c++ -DHAS_CXX_FLAG__Wcast_align  -Wcast-align -o CMakeFiles/cmTC_38f04.dir/src.cxx.o -c /home/patrickpi/Documents/GarboTron/AtlasMiddleware/AtlasThingMiddleware_RPI-master/lib/CMakeFiles/CMakeScratch/TryCompile-8gAtNO/src.cxx
Linking CXX executable cmTC_38f04
/usr/bin/cmake -E cmake_link_script CMakeFiles/cmTC_38f04.dir/link.txt --verbose=1
/usr/bin/c++ -rdynamic CMakeFiles/cmTC_38f04.dir/src.cxx.o -o cmTC_38f04 
gmake[1]: Leaving directory '/home/patrickpi/Documents/GarboTron/AtlasMiddleware/AtlasThingMiddleware_RPI-master/lib/CMakeFiles/CMakeScratch/TryCompile-8gAtNO'


Source file was:
int main() { return 0; }

Performing C++ SOURCE FILE Test HAS_CXX_FLAG__Wwrite_strings succeeded with the following output:
Change Dir: /home/patrickpi/Documents/GarboTron/AtlasMiddleware/AtlasThingMiddleware_RPI-master/lib/CMakeFiles/CMakeScratch/TryCompile-BOz1B3

Run Build Command(s):/usr/bin/gmake -f Makefile cmTC_8aa96/fast && /usr/bin/gmake  -f CMakeFiles/cmTC_8aa96.dir/build.make CMakeFiles/cmTC_8aa96.dir/build
gmake[1]: Entering directory '/home/patrickpi/Documents/GarboTron/AtlasMiddleware/AtlasThingMiddleware_RPI-master/lib/CMakeFiles/CMakeScratch/TryCompile-BOz1B3'
Building CXX object CMakeFiles/cmTC_8aa96.dir/src.cxx.o
/usr/bin/c++ -DHAS_CXX_FLAG__Wwrite_strings  -Wwrite-strings -o CMakeFiles/cmTC_8aa96.dir/src.cxx.o -c /home/patrickpi/Documents/GarboTron/AtlasMiddleware/AtlasThingMiddleware_RPI-master/lib/CMakeFiles/CMakeScratch/TryCompile-BOz1B3/src.cxx
Linking CXX executable cmTC_8aa96
/usr/bin/cmake -E cmake_link_script CMakeFiles/cmTC_8aa96.dir/link.txt --verbose=1
/usr/bin/c++ -rdynamic CMakeFiles/cmTC_8aa96.dir/src.cxx.o -o cmTC_8aa96 
gmake[1]: Leaving directory '/home/patrickpi/Documents/GarboTron/AtlasMiddleware/AtlasThingMiddleware_RPI-master/lib/CMakeFiles/CMakeScratch/TryCompile-BOz1B3'


Source file was:
int main() { return 0; }

Performing C++ SOURCE FILE Test HAS_CXX_FLAG__Woverloaded_virtual succeeded with the following output:
Change Dir: /home/patrickpi/Documents/GarboTron/AtlasMiddleware/AtlasThingMiddleware_RPI-master/lib/CMakeFiles/CMakeScratch/TryCompile-JuW7KM

Run Build Command(s):/usr/bin/gmake -f Makefile cmTC_90e08/fast && /usr/bin/gmake  -f CMakeFiles/cmTC_90e08.dir/build.make CMakeFiles/cmTC_90e08.dir/build
gmake[1]: Entering directory '/home/patrickpi/Documents/GarboTron/AtlasMiddleware/AtlasThingMiddleware_RPI-master/lib/CMakeFiles/CMakeScratch/TryCompile-JuW7KM'
Building CXX object CMakeFiles/cmTC_90e08.dir/src.cxx.o
/usr/bin/c++ -DHAS_CXX_FLAG__Woverloaded_virtual  -Woverloaded-virtual -o CMakeFiles/cmTC_90e08.dir/src.cxx.o -c /home/patrickpi/Documents/GarboTron/AtlasMiddleware/AtlasThingMiddleware_RPI-master/lib/CMakeFiles/CMakeScratch/TryCompile-JuW7KM/src.cxx
Linking CXX executable cmTC_90e08
/usr/bin/cmake -E cmake_link_script CMakeFiles/cmTC_90e08.dir/link.txt --verbose=1
/usr/bin/c++ -rdynamic CMakeFiles/cmTC_90e08.dir/src.cxx.o -o cmTC_90e08 
gmake[1]: Leaving directory '/home/patrickpi/Documents/GarboTron/AtlasMiddleware/AtlasThingMiddleware_RPI-master/lib/CMakeFiles/CMakeScratch/TryCompile-JuW7KM'


Source file was:
int main() { return 0; }

Performing C++ SOURCE FILE Test HAS_CXX_FLAG__Wnon_virtual_dtor succeeded with the following output:
Change Dir: /home/patrickpi/Documents/GarboTron/AtlasMiddleware/AtlasThingMiddleware_RPI-master/lib/CMakeFiles/CMakeScratch/TryCompile-bf8M4i

Run Build Command(s):/usr/bin/gmake -f Makefile cmTC_aa905/fast && /usr/bin/gmake  -f CMakeFiles/cmTC_aa905.dir/build.make CMakeFiles/cmTC_aa905.dir/build
gmake[1]: Entering directory '/home/patrickpi/Documents/GarboTron/AtlasMiddleware/AtlasThingMiddleware_RPI-master/lib/CMakeFiles/CMakeScratch/TryCompile-bf8M4i'
Building CXX object CMakeFiles/cmTC_aa905.dir/src.cxx.o
/usr/bin/c++ -DHAS_CXX_FLAG__Wnon_virtual_dtor  -Wnon-virtual-dtor -o CMakeFiles/cmTC_aa905.dir/src.cxx.o -c /home/patrickpi/Documents/GarboTron/AtlasMiddleware/AtlasThingMiddleware_RPI-master/lib/CMakeFiles/CMakeScratch/TryCompile-bf8M4i/src.cxx
Linking CXX executable cmTC_aa905
/usr/bin/cmake -E cmake_link_script CMakeFiles/cmTC_aa905.dir/link.txt --verbose=1
/usr/bin/c++ -rdynamic CMakeFiles/cmTC_aa905.dir/src.cxx.o -o cmTC_aa905 
gmake[1]: Leaving directory '/home/patrickpi/Documents/GarboTron/AtlasMiddleware/AtlasThingMiddleware_RPI-master/lib/CMakeFiles/CMakeScratch/TryCompile-bf8M4i'


Source file was:
int main() { return 0; }

Performing C++ SOURCE FILE Test HAS_CXX_FLAG__Wold_style_cast succeeded with the following output:
Change Dir: /home/patrickpi/Documents/GarboTron/AtlasMiddleware/AtlasThingMiddleware_RPI-master/lib/CMakeFiles/CMakeScratch/TryCompile-japJPw

Run Build Command(s):/usr/bin/gmake -f Makefile cmTC_44cca/fast && /usr/bin/gmake  -f CMakeFiles/cmTC_44cca.dir/build.make CMakeFiles/cmTC_44cca.dir/build
gmake[1]: Entering directory '/home/patrickpi/Documents/GarboTron/AtlasMiddleware/AtlasThingMiddleware_RPI-master/lib/CMakeFiles/CMakeScratch/TryCompile-japJPw'
Building CXX object CMakeFiles/cmTC_44cca.dir/src.cxx.o
/usr/bin/c++ -DHAS_CXX_FLAG__Wold_style_cast  -Wold-style-cast -o CMakeFiles/cmTC_44cca.dir/src.cxx.o -c /home/patrickpi/Documents/GarboTron/AtlasMiddleware/AtlasThingMiddleware_RPI-master/lib/CMakeFiles/CMakeScratch/TryCompile-japJPw/src.cxx
Linking CXX executable cmTC_44cca
/usr/bin/cmake -E cmake_link_script CMakeFiles/cmTC_44cca.dir/link.txt --verbose=1
/usr/bin/c++ -rdynamic CMakeFiles/cmTC_44cca.dir/src.cxx.o -o cmTC_44cca 
gmake[1]: Leaving directory '/home/patrickpi/Documents/GarboTron/AtlasMiddleware/AtlasThingMiddleware_RPI-master/lib/CMakeFiles/CMakeScratch/TryCompile-japJPw'


Source file was:
int main() { return 0; }

Performing C++ SOURCE FILE Test HAS_CXX_FLAG__Wstrict_null_sentinel succeeded with the following output:
Change Dir: /home/patrickpi/Documents/GarboTron/AtlasMiddleware/AtlasThingMiddleware_RPI-master/lib/CMakeFiles/CMakeScratch/TryCompile-kDJMxe

Run Build Command(s):/usr/bin/gmake -f Makefile cmTC_43394/fast && /usr/bin/gmake  -f CMakeFiles/cmTC_43394.dir/build.make CMakeFiles/cmTC_43394.dir/build
gmake[1]: Entering directory '/home/patrickpi/Documents/GarboTron/AtlasMiddleware/AtlasThingMiddleware_RPI-master/lib/CMakeFiles/CMakeScratch/TryCompile-kDJMxe'
Building CXX object CMakeFiles/cmTC_43394.dir/src.cxx.o
/usr/bin/c++ -DHAS_CXX_FLAG__Wstrict_null_sentinel  -Wstrict-null-sentinel -o CMakeFiles/cmTC_43394.dir/src.cxx.o -c /home/patrickpi/Documents/GarboTron/AtlasMiddleware/AtlasThingMiddleware_RPI-master/lib/CMakeFiles/CMakeScratch/TryCompile-kDJMxe/src.cxx
Linking CXX executable cmTC_43394
/usr/bin/cmake -E cmake_link_script CMakeFiles/cmTC_43394.dir/link.txt --verbose=1
/usr/bin/c++ -rdynamic CMakeFiles/cmTC_43394.dir/src.cxx.o -o cmTC_43394 
gmake[1]: Leaving directory '/home/patrickpi/Documents/GarboTron/AtlasMiddleware/AtlasThingMiddleware_RPI-master/lib/CMakeFiles/CMakeScratch/TryCompile-kDJMxe'


Source file was:
int main() { return 0; }

Performing C++ SOURCE FILE Test HAS_CXX_FLAG__Wsign_promo succeeded with the following output:
Change Dir: /home/patrickpi/Documents/GarboTron/AtlasMiddleware/AtlasThingMiddleware_RPI-master/lib/CMakeFiles/CMakeScratch/TryCompile-xVI2Gi

Run Build Command(s):/usr/bin/gmake -f Makefile cmTC_760cd/fast && /usr/bin/gmake  -f CMakeFiles/cmTC_760cd.dir/build.make CMakeFiles/cmTC_760cd.dir/build
gmake[1]: Entering directory '/home/patrickpi/Documents/GarboTron/AtlasMiddleware/AtlasThingMiddleware_RPI-master/lib/CMakeFiles/CMakeScratch/TryCompile-xVI2Gi'
Building CXX object CMakeFiles/cmTC_760cd.dir/src.cxx.o
/usr/bin/c++ -DHAS_CXX_FLAG__Wsign_promo  -Wsign-promo -o CMakeFiles/cmTC_760cd.dir/src.cxx.o -c /home/patrickpi/Documents/GarboTron/AtlasMiddleware/AtlasThingMiddleware_RPI-master/lib/CMakeFiles/CMakeScratch/TryCompile-xVI2Gi/src.cxx
Linking CXX executable cmTC_760cd
/usr/bin/cmake -E cmake_link_script CMakeFiles/cmTC_760cd.dir/link.txt --verbose=1
/usr/bin/c++ -rdynamic CMakeFiles/cmTC_760cd.dir/src.cxx.o -o cmTC_760cd 
gmake[1]: Leaving directory '/home/patrickpi/Documents/GarboTron/AtlasMiddleware/AtlasThingMiddleware_RPI-master/lib/CMakeFiles/CMakeScratch/TryCompile-xVI2Gi'


Source file was:
int main() { return 0; }

Performing C++ SOURCE FILE Test HAS_CXX_FLAG__fdiagnostics_show_option succeeded with the following output:
Change Dir: /home/patrickpi/Documents/GarboTron/AtlasMiddleware/AtlasThingMiddleware_RPI-master/lib/CMakeFiles/CMakeScratch/TryCompile-txxBH5

Run Build Command(s):/usr/bin/gmake -f Makefile cmTC_5c48a/fast && /usr/bin/gmake  -f CMakeFiles/cmTC_5c48a.dir/build.make CMakeFiles/cmTC_5c48a.dir/build
gmake[1]: Entering directory '/home/patrickpi/Documents/GarboTron/AtlasMiddleware/AtlasThingMiddleware_RPI-master/lib/CMakeFiles/CMakeScratch/TryCompile-txxBH5'
Building CXX object CMakeFiles/cmTC_5c48a.dir/src.cxx.o
/usr/bin/c++ -DHAS_CXX_FLAG__fdiagnostics_show_option  -fdiagnostics-show-option -o CMakeFiles/cmTC_5c48a.dir/src.cxx.o -c /home/patrickpi/Documents/GarboTron/AtlasMiddleware/AtlasThingMiddleware_RPI-master/lib/CMakeFiles/CMakeScratch/TryCompile-txxBH5/src.cxx
Linking CXX executable cmTC_5c48a
/usr/bin/cmake -E cmake_link_script CMakeFiles/cmTC_5c48a.dir/link.txt --verbose=1
/usr/bin/c++ -rdynamic CMakeFiles/cmTC_5c48a.dir/src.cxx.o -o cmTC_5c48a 
gmake[1]: Leaving directory '/home/patrickpi/Documents/GarboTron/AtlasMiddleware/AtlasThingMiddleware_RPI-master/lib/CMakeFiles/CMakeScratch/TryCompile-txxBH5'


Source file was:
int main() { return 0; }

Performing C++ SOURCE FILE Test HAS_CXX_FLAG__fvisibility_hidden_fvisibility_inlines_hidden succeeded with the following output:
Change Dir: /home/patrickpi/Documents/GarboTron/AtlasMiddleware/AtlasThingMiddleware_RPI-master/lib/CMakeFiles/CMakeScratch/TryCompile-ara4F2

Run Build Command(s):/usr/bin/gmake -f Makefile cmTC_b5200/fast && /usr/bin/gmake  -f CMakeFiles/cmTC_b5200.dir/build.make CMakeFiles/cmTC_b5200.dir/build
gmake[1]: Entering directory '/home/patrickpi/Documents/GarboTron/AtlasMiddleware/AtlasThingMiddleware_RPI-master/lib/CMakeFiles/CMakeScratch/TryCompile-ara4F2'
Building CXX object CMakeFiles/cmTC_b5200.dir/src.cxx.o
/usr/bin/c++ -DHAS_CXX_FLAG__fvisibility_hidden_fvisibility_inlines_hidden  -fvisibility=hidden -fvisibility-inlines-hidden -o CMakeFiles/cmTC_b5200.dir/src.cxx.o -c /home/patrickpi/Documents/GarboTron/AtlasMiddleware/AtlasThingMiddleware_RPI-master/lib/CMakeFiles/CMakeScratch/TryCompile-ara4F2/src.cxx
Linking CXX executable cmTC_b5200
/usr/bin/cmake -E cmake_link_script CMakeFiles/cmTC_b5200.dir/link.txt --verbose=1
/usr/bin/c++ -rdynamic CMakeFiles/cmTC_b5200.dir/src.cxx.o -o cmTC_b5200 
gmake[1]: Leaving directory '/home/patrickpi/Documents/GarboTron/AtlasMiddleware/AtlasThingMiddleware_RPI-master/lib/CMakeFiles/CMakeScratch/TryCompile-ara4F2'


Source file was:
int main() { return 0; }

Performing C++ SOURCE FILE Test HAS_CXX_FLAG__O1_D_FORTIFY_SOURCE_2 succeeded with the following output:
Change Dir: /home/patrickpi/Documents/GarboTron/AtlasMiddleware/AtlasThingMiddleware_RPI-master/lib/CMakeFiles/CMakeScratch/TryCompile-lQuvZG

Run Build Command(s):/usr/bin/gmake -f Makefile cmTC_89668/fast && /usr/bin/gmake  -f CMakeFiles/cmTC_89668.dir/build.make CMakeFiles/cmTC_89668.dir/build
gmake[1]: Entering directory '/home/patrickpi/Documents/GarboTron/AtlasMiddleware/AtlasThingMiddleware_RPI-master/lib/CMakeFiles/CMakeScratch/TryCompile-lQuvZG'
Building CXX object CMakeFiles/cmTC_89668.dir/src.cxx.o
/usr/bin/c++ -DHAS_CXX_FLAG__O1_D_FORTIFY_SOURCE_2  -O1 -D_FORTIFY_SOURCE=2 -o CMakeFiles/cmTC_89668.dir/src.cxx.o -c /home/patrickpi/Documents/GarboTron/AtlasMiddleware/AtlasThingMiddleware_RPI-master/lib/CMakeFiles/CMakeScratch/TryCompile-lQuvZG/src.cxx
Linking CXX executable cmTC_89668
/usr/bin/cmake -E cmake_link_script CMakeFiles/cmTC_89668.dir/link.txt --verbose=1
/usr/bin/c++ -rdynamic CMakeFiles/cmTC_89668.dir/src.cxx.o -o cmTC_89668 
gmake[1]: Leaving directory '/home/patrickpi/Documents/GarboTron/AtlasMiddleware/AtlasThingMiddleware_RPI-master/lib/CMakeFiles/CMakeScratch/TryCompile-lQuvZG'


Source file was:
int main() { return 0; }

Performing C++ SOURCE FILE Test HAS_CXX_FLAG__O1_fsanitize_thread succeeded with the following output:
Change Dir: /home/patrickpi/Documents/GarboTron/AtlasMiddleware/AtlasThingMiddleware_RPI-master/lib/CMakeFiles/CMakeScratch/TryCompile-e2qvyW

Run Build Command(s):/usr/bin/gmake -f Makefile cmTC_26ce2/fast && /usr/bin/gmake  -f CMakeFiles/cmTC_26ce2.dir/build.make CMakeFiles/cmTC_26ce2.dir/build
gmake[1]: Entering directory '/home/patrickpi/Documents/GarboTron/AtlasMiddleware/AtlasThingMiddleware_RPI-master/lib/CMakeFiles/CMakeScratch/TryCompile-e2qvyW'
Building CXX object CMakeFiles/cmTC_26ce2.dir/src.cxx.o
/usr/bin/c++ -DHAS_CXX_FLAG__O1_fsanitize_thread  -O1 -fsanitize=thread -o CMakeFiles/cmTC_26ce2.dir/src.cxx.o -c /home/patrickpi/Documents/GarboTron/AtlasMiddleware/AtlasThingMiddleware_RPI-master/lib/CMakeFiles/CMakeScratch/TryCompile-e2qvyW/src.cxx
Linking CXX executable cmTC_26ce2
/usr/bin/cmake -E cmake_link_script CMakeFiles/cmTC_26ce2.dir/link.txt --verbose=1
/usr/bin/c++ -rdynamic CMakeFiles/cmTC_26ce2.dir/src.cxx.o -o cmTC_26ce2  -fsanitize=thread 
gmake[1]: Leaving directory '/home/patrickpi/Documents/GarboTron/AtlasMiddleware/AtlasThingMiddleware_RPI-master/lib/CMakeFiles/CMakeScratch/TryCompile-e2qvyW'


Source file was:
int main() { return 0; }

Performing C++ SOURCE FILE Test HAS_CXX_FLAG__fprofile_arcs_ftest_coverage succeeded with the following output:
Change Dir: /home/patrickpi/Documents/GarboTron/AtlasMiddleware/AtlasThingMiddleware_RPI-master/lib/CMakeFiles/CMakeScratch/TryCompile-C1VFx4

Run Build Command(s):/usr/bin/gmake -f Makefile cmTC_252f2/fast && /usr/bin/gmake  -f CMakeFiles/cmTC_252f2.dir/build.make CMakeFiles/cmTC_252f2.dir/build
gmake[1]: Entering directory '/home/patrickpi/Documents/GarboTron/AtlasMiddleware/AtlasThingMiddleware_RPI-master/lib/CMakeFiles/CMakeScratch/TryCompile-C1VFx4'
Building CXX object CMakeFiles/cmTC_252f2.dir/src.cxx.o
/usr/bin/c++ -DHAS_CXX_FLAG__fprofile_arcs_ftest_coverage  -fprofile-arcs -ftest-coverage -o CMakeFiles/cmTC_252f2.dir/src.cxx.o -c /home/patrickpi/Documents/GarboTron/AtlasMiddleware/AtlasThingMiddleware_RPI-master/lib/CMakeFiles/CMakeScratch/TryCompile-C1VFx4/src.cxx
Linking CXX executable cmTC_252f2
/usr/bin/cmake -E cmake_link_script CMakeFiles/cmTC_252f2.dir/link.txt --verbose=1
/usr/bin/c++ -rdynamic CMakeFiles/cmTC_252f2.dir/src.cxx.o -o cmTC_252f2  -fprofile-arcs -ftest-coverage 
gmake[1]: Leaving directory '/home/patrickpi/Documents/GarboTron/AtlasMiddleware/AtlasThingMiddleware_RPI-master/lib/CMakeFiles/CMakeScratch/TryCompile-C1VFx4'


Source file was:
int main() { return 0; }

Performing C SOURCE FILE Test CMAKE_HAVE_LIBC_PTHREAD succeeded with the following output:
Change Dir: /home/patrickpi/Documents/GarboTron/AtlasMiddleware/AtlasThingMiddleware_RPI-master/lib/CMakeFiles/CMakeScratch/TryCompile-OaAS6o

Run Build Command(s):/usr/bin/gmake -f Makefile cmTC_6a132/fast && /usr/bin/gmake  -f CMakeFiles/cmTC_6a132.dir/build.make CMakeFiles/cmTC_6a132.dir/build
gmake[1]: Entering directory '/home/patrickpi/Documents/GarboTron/AtlasMiddleware/AtlasThingMiddleware_RPI-master/lib/CMakeFiles/CMakeScratch/TryCompile-OaAS6o'
Building C object CMakeFiles/cmTC_6a132.dir/src.c.o
/usr/bin/cc -DCMAKE_HAVE_LIBC_PTHREAD   -o CMakeFiles/cmTC_6a132.dir/src.c.o -c /home/patrickpi/Documents/GarboTron/AtlasMiddleware/AtlasThingMiddleware_RPI-master/lib/CMakeFiles/CMakeScratch/TryCompile-OaAS6o/src.c
Linking C executable cmTC_6a132
/usr/bin/cmake -E cmake_link_script CMakeFiles/cmTC_6a132.dir/link.txt --verbose=1
/usr/bin/cc -rdynamic CMakeFiles/cmTC_6a132.dir/src.c.o -o cmTC_6a132 
gmake[1]: Leaving directory '/home/patrickpi/Documents/GarboTron/AtlasMiddleware/AtlasThingMiddleware_RPI-master/lib/CMakeFiles/CMakeScratch/TryCompile-OaAS6o'


Source file was:
#include <pthread.h>

static void* test_func(void* data)
{
  return data;
}

int main(void)
{
  pthread_t thread;
  pthread_create(&thread, NULL, test_func, NULL);
  pthread_detach(thread);
  pthread_cancel(thread);
  pthread_join(thread, NULL);
  pthread_atfork(NULL, NULL, NULL);
  pthread_exit(NULL);

  return 0;
}


Performing C++ SOURCE FILE Test HAS_CXX_FLAG__Wl__no_undefined succeeded with the following output:
Change Dir: /home/patrickpi/Documents/GarboTron/AtlasMiddleware/AtlasThingMiddleware_RPI-master/lib/CMakeFiles/CMakeScratch/TryCompile-94vVRs

Run Build Command(s):/usr/bin/gmake -f Makefile cmTC_c02f5/fast && /usr/bin/gmake  -f CMakeFiles/cmTC_c02f5.dir/build.make CMakeFiles/cmTC_c02f5.dir/build
gmake[1]: Entering directory '/home/patrickpi/Documents/GarboTron/AtlasMiddleware/AtlasThingMiddleware_RPI-master/lib/CMakeFiles/CMakeScratch/TryCompile-94vVRs'
Building CXX object CMakeFiles/cmTC_c02f5.dir/src.cxx.o
/usr/bin/c++ -DHAS_CXX_FLAG__Wl__no_undefined  -Wl,--no-undefined -o CMakeFiles/cmTC_c02f5.dir/src.cxx.o -c /home/patrickpi/Documents/GarboTron/AtlasMiddleware/AtlasThingMiddleware_RPI-master/lib/CMakeFiles/CMakeScratch/TryCompile-94vVRs/src.cxx
Linking CXX executable cmTC_c02f5
/usr/bin/cmake -E cmake_link_script CMakeFiles/cmTC_c02f5.dir/link.txt --verbose=1
/usr/bin/c++ -rdynamic CMakeFiles/cmTC_c02f5.dir/src.cxx.o -o cmTC_c02f5 
gmake[1]: Leaving directory '/home/patrickpi/Documents/GarboTron/AtlasMiddleware/AtlasThingMiddleware_RPI-master/lib/CMakeFiles/CMakeScratch/TryCompile-94vVRs'


Source file was:
int main() { return 0; }

Determining if the include file cxxabi.h exists passed with the following output:
Change Dir: /home/patrickpi/Documents/GarboTron/AtlasMiddleware/AtlasThingMiddleware_RPI-master/lib/CMakeFiles/CMakeScratch/TryCompile-7qtfLs

Run Build Command(s):/usr/bin/gmake -f Makefile cmTC_d52b3/fast && /usr/bin/gmake  -f CMakeFiles/cmTC_d52b3.dir/build.make CMakeFiles/cmTC_d52b3.dir/build
gmake[1]: Entering directory '/home/patrickpi/Documents/GarboTron/AtlasMiddleware/AtlasThingMiddleware_RPI-master/lib/CMakeFiles/CMakeScratch/TryCompile-7qtfLs'
Building CXX object CMakeFiles/cmTC_d52b3.dir/CheckIncludeFile.cxx.o
/usr/bin/c++   -fstack-protector-all -Werror -Wall -Wextra -Wpointer-arith -Winvalid-pch -Wcast-align -Wwrite-strings -Woverloaded-virtual -Wnon-virtual-dtor -Wold-style-cast -Wstrict-null-sentinel -Wsign-promo -fdiagnostics-show-option  -fvisibility=hidden -fvisibility-inlines-hidden  -o CMakeFiles/cmTC_d52b3.dir/CheckIncludeFile.cxx.o -c /home/patrickpi/Documents/GarboTron/AtlasMiddleware/AtlasThingMiddleware_RPI-master/lib/CMakeFiles/CMakeScratch/TryCompile-7qtfLs/CheckIncludeFile.cxx
Linking CXX executable cmTC_d52b3
/usr/bin/cmake -E cmake_link_script CMakeFiles/cmTC_d52b3.dir/link.txt --verbose=1
/usr/bin/c++   -fstack-protector-all -Werror -Wall -Wextra -Wpointer-arith -Winvalid-pch -Wcast-align -Wwrite-strings -Woverloaded-virtual -Wnon-virtual-dtor -Wold-style-cast -Wstrict-null-sentinel -Wsign-promo -fdiagnostics-show-option  -fvisibility=hidden -fvisibility-inlines-hidden  -rdynamic CMakeFiles/cmTC_d52b3.dir/CheckIncludeFile.cxx.o -o cmTC_d52b3 
gmake[1]: Leaving directory '/home/patrickpi/Documents/GarboTron/AtlasMiddleware/AtlasThingMiddleware_RPI-master/lib/CMakeFiles/CMakeScratch/TryCompile-7qtfLs'



Performing C++ SOURCE FILE Test HAS_CXX_FLAG__Wno_switch succeeded with the following output:
Change Dir: /home/patrickpi/Documents/GarboTron/AtlasMiddleware/AtlasThingMiddleware_RPI-master/lib/CMakeFiles/CMakeScratch/TryCompile-OUZwgv

Run Build Command(s):/usr/bin/gmake -f Makefile cmTC_27189/fast && /usr/bin/gmake  -f CMakeFiles/cmTC_27189.dir/build.make CMakeFiles/cmTC_27189.dir/build
gmake[1]: Entering directory '/home/patrickpi/Documents/GarboTron/AtlasMiddleware/AtlasThingMiddleware_RPI-master/lib/CMakeFiles/CMakeScratch/TryCompile-OUZwgv'
Building CXX object CMakeFiles/cmTC_27189.dir/src.cxx.o
/usr/bin/c++ -DHAS_CXX_FLAG__Wno_switch  -Wno-switch -o CMakeFiles/cmTC_27189.dir/src.cxx.o -c /home/patrickpi/Documents/GarboTron/AtlasMiddleware/AtlasThingMiddleware_RPI-master/lib/CMakeFiles/CMakeScratch/TryCompile-OUZwgv/src.cxx
Linking CXX executable cmTC_27189
/usr/bin/cmake -E cmake_link_script CMakeFiles/cmTC_27189.dir/link.txt --verbose=1
/usr/bin/c++ -rdynamic CMakeFiles/cmTC_27189.dir/src.cxx.o -o cmTC_27189 
gmake[1]: Leaving directory '/home/patrickpi/Documents/GarboTron/AtlasMiddleware/AtlasThingMiddleware_RPI-master/lib/CMakeFiles/CMakeScratch/TryCompile-OUZwgv'


Source file was:
int main() { return 0; }

